<?xml version="1.0" encoding="UTF-8"?>
<testsuite xmlns:xsi="http://www.w3.org/2001/XMLSchema-instance" xsi:noNamespaceSchemaLocation="https://maven.apache.org/surefire/maven-surefire-plugin/xsd/surefire-test-report-3.0.xsd" version="3.0" name="TestSuite" time="36.971" tests="5" errors="0" skipped="2" failures="3">
  <properties>
[...]
</properties>
  <testcase name="basepagenavigation" classname="Academy.FailureTest" time="11.191">
    <failure message="no such element: Unable to locate element: {&quot;method&quot;:&quot;xpath&quot;,&quot;selector&quot;:&quot;dummypath&quot;}&#10;  (Session info: chrome=83.0.4103.97)&#10;For documentation on this error, please visit: https://www.seleniumhq.org/exceptions/no_such_element.html&#10;Build info: version: &apos;3.141.59&apos;, revision: &apos;e82be7d358&apos;, time: &apos;2018-11-14T08:17:03&apos;&#10;System info: host: &apos;DESKTOP-97D7SMM&apos;, ip: &apos;192.168.0.67&apos;, os.name: &apos;Windows 10&apos;, os.arch: &apos;amd64&apos;, os.version: &apos;10.0&apos;, java.version: &apos;1.8.0_241&apos;&#10;Driver info: org.openqa.selenium.chrome.ChromeDriver&#10;Capabilities {acceptInsecureCerts: false, browserName: chrome, browserVersion: 83.0.4103.97, chrome: {chromedriverVersion: 83.0.4103.39 (ccbf011cb2d2b..., userDataDir: C:\Users\Nadh\AppData\Local...}, goog:chromeOptions: {debuggerAddress: localhost:56145}, javascriptEnabled: true, networkConnectionEnabled: false, pageLoadStrategy: normal, platform: WINDOWS, platformName: WINDOWS, proxy: Proxy(), setWindowRect: true, strictFileInteractability: false, timeouts: {implicit: 0, pageLoad: 300000, script: 30000}, unhandledPromptBehavior: dismiss and notify, webauthn:virtualAuthenticators: true}&#10;Session ID: b2291d6af73b266839c1adcf5060b75e&#10;*** Element info: {Using=xpath, value=dummypath}" type="org.openqa.selenium.NoSuchElementException"><![CDATA[org.openqa.selenium.NoSuchElementException: 
no such element: Unable to locate element: {"method":"xpath","selector":"dummypath"}
  (Session info: chrome=83.0.4103.97)
For documentation on this error, please visit: https://www.seleniumhq.org/exceptions/no_such_element.html
Build info: version: '3.141.59', revision: 'e82be7d358', time: '2018-11-14T08:17:03'
System info: host: 'DESKTOP-97D7SMM', ip: '192.168.0.67', os.name: 'Windows 10', os.arch: 'amd64', os.version: '10.0', java.version: '1.8.0_241'
Driver info: org.openqa.selenium.chrome.ChromeDriver
Capabilities {acceptInsecureCerts: false, browserName: chrome, browserVersion: 83.0.4103.97, chrome: {chromedriverVersion: 83.0.4103.39 (ccbf011cb2d2b..., userDataDir: C:\Users\Nadh\AppData\Local...}, goog:chromeOptions: {debuggerAddress: localhost:56145}, javascriptEnabled: true, networkConnectionEnabled: false, pageLoadStrategy: normal, platform: WINDOWS, platformName: WINDOWS, proxy: Proxy(), setWindowRect: true, strictFileInteractability: false, timeouts: {implicit: 0, pageLoad: 300000, script: 30000}, unhandledPromptBehavior: dismiss and notify, webauthn:virtualAuthenticators: true}
Session ID: b2291d6af73b266839c1adcf5060b75e
*** Element info: {Using=xpath, value=dummypath}
	at Academy.FailureTest.basepagenavigation(FailureTest.java:35)
]]></failure>
    <system-out><![CDATA[chrome
Failure test initiated
website Opened
i took a screenshot and saved in D drive
 And the Screenshot number is 1
]]></system-out>
    <system-err><![CDATA[Starting ChromeDriver 83.0.4103.39 (ccbf011cb2d2b19b506d844400483861342c20cd-refs/branch-heads/4103@{#416}) on port 46001
Only local connections are allowed.
Please see https://chromedriver.chromium.org/security-considerations for suggestions on keeping ChromeDriver safe.
ChromeDriver was started successfully.
Jun 18, 2020 4:29:44 PM org.openqa.selenium.remote.ProtocolHandshake createSession
INFO: Detected dialect: W3C
]]></system-err>
  </testcase>
  <testcase name="dummy" classname="Academy.FailureTest2" time="5.045">
    <failure message="no such element: Unable to locate element: {&quot;method&quot;:&quot;xpath&quot;,&quot;selector&quot;:&quot;dummy&quot;}&#10;  (Session info: chrome=83.0.4103.97)&#10;For documentation on this error, please visit: https://www.seleniumhq.org/exceptions/no_such_element.html&#10;Build info: version: &apos;3.141.59&apos;, revision: &apos;e82be7d358&apos;, time: &apos;2018-11-14T08:17:03&apos;&#10;System info: host: &apos;DESKTOP-97D7SMM&apos;, ip: &apos;192.168.0.67&apos;, os.name: &apos;Windows 10&apos;, os.arch: &apos;amd64&apos;, os.version: &apos;10.0&apos;, java.version: &apos;1.8.0_241&apos;&#10;Driver info: org.openqa.selenium.chrome.ChromeDriver&#10;Capabilities {acceptInsecureCerts: false, browserName: chrome, browserVersion: 83.0.4103.97, chrome: {chromedriverVersion: 83.0.4103.39 (ccbf011cb2d2b..., userDataDir: C:\Users\Nadh\AppData\Local...}, goog:chromeOptions: {debuggerAddress: localhost:56244}, javascriptEnabled: true, networkConnectionEnabled: false, pageLoadStrategy: normal, platform: WINDOWS, platformName: WINDOWS, proxy: Proxy(), setWindowRect: true, strictFileInteractability: false, timeouts: {implicit: 0, pageLoad: 300000, script: 30000}, unhandledPromptBehavior: dismiss and notify, webauthn:virtualAuthenticators: true}&#10;Session ID: 93e74f5ab7078f00ebeb76b3b3ddcb06&#10;*** Element info: {Using=xpath, value=dummy}" type="org.openqa.selenium.NoSuchElementException"><![CDATA[org.openqa.selenium.NoSuchElementException: 
no such element: Unable to locate element: {"method":"xpath","selector":"dummy"}
  (Session info: chrome=83.0.4103.97)
For documentation on this error, please visit: https://www.seleniumhq.org/exceptions/no_such_element.html
Build info: version: '3.141.59', revision: 'e82be7d358', time: '2018-11-14T08:17:03'
System info: host: 'DESKTOP-97D7SMM', ip: '192.168.0.67', os.name: 'Windows 10', os.arch: 'amd64', os.version: '10.0', java.version: '1.8.0_241'
Driver info: org.openqa.selenium.chrome.ChromeDriver
Capabilities {acceptInsecureCerts: false, browserName: chrome, browserVersion: 83.0.4103.97, chrome: {chromedriverVersion: 83.0.4103.39 (ccbf011cb2d2b..., userDataDir: C:\Users\Nadh\AppData\Local...}, goog:chromeOptions: {debuggerAddress: localhost:56244}, javascriptEnabled: true, networkConnectionEnabled: false, pageLoadStrategy: normal, platform: WINDOWS, platformName: WINDOWS, proxy: Proxy(), setWindowRect: true, strictFileInteractability: false, timeouts: {implicit: 0, pageLoad: 300000, script: 30000}, unhandledPromptBehavior: dismiss and notify, webauthn:virtualAuthenticators: true}
Session ID: 93e74f5ab7078f00ebeb76b3b3ddcb06
*** Element info: {Using=xpath, value=dummy}
	at Academy.FailureTest2.dummy(FailureTest2.java:31)
]]></failure>
    <system-out><![CDATA[chrome
Failure test2 is  initiated
i took a screenshot and saved in D drive
 And the Screenshot number is 1
]]></system-out>
    <system-err><![CDATA[Starting ChromeDriver 83.0.4103.39 (ccbf011cb2d2b19b506d844400483861342c20cd-refs/branch-heads/4103@{#416}) on port 21596
Only local connections are allowed.
Please see https://chromedriver.chromium.org/security-considerations for suggestions on keeping ChromeDriver safe.
ChromeDriver was started successfully.
Jun 18, 2020 4:30:07 PM org.openqa.selenium.remote.ProtocolHandshake createSession
INFO: Detected dialect: W3C
Starting ChromeDriver 83.0.4103.39 (ccbf011cb2d2b19b506d844400483861342c20cd-refs/branch-heads/4103@{#416}) on port 42371
Only local connections are allowed.
Please see https://chromedriver.chromium.org/security-considerations for suggestions on keeping ChromeDriver safe.
ChromeDriver was started successfully.
Jun 18, 2020 4:30:14 PM org.openqa.selenium.remote.ProtocolHandshake createSession
INFO: Detected dialect: W3C
]]></system-err>
  </testcase>
  <testcase name="initilizedriver" classname="Academy.homePage" time="5.067">
    <failure type="java.lang.StackOverflowError"><![CDATA[java.lang.StackOverflowError
	at Academy.homePage.initilizedriver(homePage.java:22)
	at Academy.homePage.initilizedriver(homePage.java:22)
	at Academy.homePage.initilizedriver(homePage.java:22)
	at Academy.homePage.initilizedriver(homePage.java:22)
	at Academy.homePage.initilizedriver(homePage.java:22)
	at Academy.homePage.initilizedriver(homePage.java:22)
	at Academy.homePage.initilizedriver(homePage.java:22)
	at Academy.homePage.initilizedriver(homePage.java:22)
	at Academy.homePage.initilizedriver(homePage.java:22)
	at Academy.homePage.initilizedriver(homePage.java:22)
	at Academy.homePage.initilizedriver(homePage.java:22)
	at Academy.homePage.initilizedriver(homePage.java:22)
	at Academy.homePage.initilizedriver(homePage.java:22)
	at Academy.homePage.initilizedriver(homePage.java:22)
	at Academy.homePage.initilizedriver(homePage.java:22)
	at Academy.homePage.initilizedriver(homePage.java:22)
	at Academy.homePage.initilizedriver(homePage.java:22)
	at Academy.homePage.initilizedriver(homePage.java:22)
	at Academy.homePage.initilizedriver(homePage.java:22)
	at Academy.homePage.initilizedriver(homePage.java:22)
	at Academy.homePage.initilizedriver(homePage.java:22)
	at Academy.homePage.initilizedriver(homePage.java:22)
	at Academy.homePage.initilizedriver(homePage.java:22)
	at Academy.homePage.initilizedriver(homePage.java:22)
	at Academy.homePage.initilizedriver(homePage.java:22)
	at Academy.homePage.initilizedriver(homePage.java:22)
	at Academy.homePage.initilizedriver(homePage.java:22)
	at Academy.homePage.initilizedriver(homePage.java:22)
	at Academy.homePage.initilizedriver(homePage.java:22)
	at Academy.homePage.initilizedriver(homePage.java:22)
	at Academy.homePage.initilizedriver(homePage.java:22)
	at Academy.homePage.initilizedriver(homePage.java:22)
	at Academy.homePage.initilizedriver(homePage.java:22)
	at Academy.homePage.initilizedriver(homePage.java:22)
	at Academy.homePage.initilizedriver(homePage.java:22)
	at Academy.homePage.initilizedriver(homePage.java:22)
	at Academy.homePage.initilizedriver(homePage.java:22)
	at Academy.homePage.initilizedriver(homePage.java:22)
	at Academy.homePage.initilizedriver(homePage.java:22)
	at Academy.homePage.initilizedriver(homePage.java:22)
	at Academy.homePage.initilizedriver(homePage.java:22)
	at Academy.homePage.initilizedriver(homePage.java:22)
	at Academy.homePage.initilizedriver(homePage.java:22)
	at Academy.homePage.initilizedriver(homePage.java:22)
	at Academy.homePage.initilizedriver(homePage.java:22)
	at Academy.homePage.initilizedriver(homePage.java:22)
	at Academy.homePage.initilizedriver(homePage.java:22)
	at Academy.homePage.initilizedriver(homePage.java:22)
	at Academy.homePage.initilizedriver(homePage.java:22)
	at Academy.homePage.initilizedriver(homePage.java:22)
	at Academy.homePage.initilizedriver(homePage.java:22)
	at Academy.homePage.initilizedriver(homePage.java:22)
	at Academy.homePage.initilizedriver(homePage.java:22)
	at Academy.homePage.initilizedriver(homePage.java:22)
	at Academy.homePage.initilizedriver(homePage.java:22)
	at Academy.homePage.initilizedriver(homePage.java:22)
	at Academy.homePage.initilizedriver(homePage.java:22)
	at Academy.homePage.initilizedriver(homePage.java:22)
	at Academy.homePage.initilizedriver(homePage.java:22)
	at Academy.homePage.initilizedriver(homePage.java:22)
	at Academy.homePage.initilizedriver(homePage.java:22)
	at Academy.homePage.initilizedriver(homePage.java:22)
	at Academy.homePage.initilizedriver(homePage.java:22)
	at Academy.homePage.initilizedriver(homePage.java:22)
	at Academy.homePage.initilizedriver(homePage.java:22)
	at Academy.homePage.initilizedriver(homePage.java:22)
	at Academy.homePage.initilizedriver(homePage.java:22)
	at Academy.homePage.initilizedriver(homePage.java:22)
	at Academy.homePage.initilizedriver(homePage.java:22)
	at Academy.homePage.initilizedriver(homePage.java:22)
	at Academy.homePage.initilizedriver(homePage.java:22)
	at Academy.homePage.initilizedriver(homePage.java:22)
	at Academy.homePage.initilizedriver(homePage.java:22)
	at Academy.homePage.initilizedriver(homePage.java:22)
	at Academy.homePage.initilizedriver(homePage.java:22)
	at Academy.homePage.initilizedriver(homePage.java:22)
	at Academy.homePage.initilizedriver(homePage.java:22)
	at Academy.homePage.initilizedriver(homePage.java:22)
	at Academy.homePage.initilizedriver(homePage.java:22)
	at Academy.homePage.initilizedriver(homePage.java:22)
	at Academy.homePage.initilizedriver(homePage.java:22)
	at Academy.homePage.initilizedriver(homePage.java:22)
	at Academy.homePage.initilizedriver(homePage.java:22)
	at Academy.homePage.initilizedriver(homePage.java:22)
	at Academy.homePage.initilizedriver(homePage.java:22)
	at Academy.homePage.initilizedriver(homePage.java:22)
	at Academy.homePage.initilizedriver(homePage.java:22)
	at Academy.homePage.initilizedriver(homePage.java:22)
	at Academy.homePage.initilizedriver(homePage.java:22)
	at Academy.homePage.initilizedriver(homePage.java:22)
	at Academy.homePage.initilizedriver(homePage.java:22)
	at Academy.homePage.initilizedriver(homePage.java:22)
	at Academy.homePage.initilizedriver(homePage.java:22)
	at Academy.homePage.initilizedriver(homePage.java:22)
	at Academy.homePage.initilizedriver(homePage.java:22)
	at Academy.homePage.initilizedriver(homePage.java:22)
	at Academy.homePage.initilizedriver(homePage.java:22)
	at Academy.homePage.initilizedriver(homePage.java:22)
	at Academy.homePage.initilizedriver(homePage.java:22)
	at Academy.homePage.initilizedriver(homePage.java:22)
	at Academy.homePage.initilizedriver(homePage.java:22)
	at Academy.homePage.initilizedriver(homePage.java:22)
	at Academy.homePage.initilizedriver(homePage.java:22)
	at Academy.homePage.initilizedriver(homePage.java:22)
	at Academy.homePage.initilizedriver(homePage.java:22)
	at Academy.homePage.initilizedriver(homePage.java:22)
	at Academy.homePage.initilizedriver(homePage.java:22)
	at Academy.homePage.initilizedriver(homePage.java:22)
	at Academy.homePage.initilizedriver(homePage.java:22)
	at Academy.homePage.initilizedriver(homePage.java:22)
	at Academy.homePage.initilizedriver(homePage.java:22)
	at Academy.homePage.initilizedriver(homePage.java:22)
	at Academy.homePage.initilizedriver(homePage.java:22)
	at Academy.homePage.initilizedriver(homePage.java:22)
	at Academy.homePage.initilizedriver(homePage.java:22)
	at Academy.homePage.initilizedriver(homePage.java:22)
	at Academy.homePage.initilizedriver(homePage.java:22)
	at Academy.homePage.initilizedriver(homePage.java:22)
	at Academy.homePage.initilizedriver(homePage.java:22)
	at Academy.homePage.initilizedriver(homePage.java:22)
	at Academy.homePage.initilizedriver(homePage.java:22)
	at Academy.homePage.initilizedriver(homePage.java:22)
	at Academy.homePage.initilizedriver(homePage.java:22)
	at Academy.homePage.initilizedriver(homePage.java:22)
	at Academy.homePage.initilizedriver(homePage.java:22)
	at Academy.homePage.initilizedriver(homePage.java:22)
	at Academy.homePage.initilizedriver(homePage.java:22)
	at Academy.homePage.initilizedriver(homePage.java:22)
	at Academy.homePage.initilizedriver(homePage.java:22)
	at Academy.homePage.initilizedriver(homePage.java:22)
	at Academy.homePage.initilizedriver(homePage.java:22)
	at Academy.homePage.initilizedriver(homePage.java:22)
	at Academy.homePage.initilizedriver(homePage.java:22)
	at Academy.homePage.initilizedriver(homePage.java:22)
	at Academy.homePage.initilizedriver(homePage.java:22)
	at Academy.homePage.initilizedriver(homePage.java:22)
	at Academy.homePage.initilizedriver(homePage.java:22)
	at Academy.homePage.initilizedriver(homePage.java:22)
	at Academy.homePage.initilizedriver(homePage.java:22)
	at Academy.homePage.initilizedriver(homePage.java:22)
	at Academy.homePage.initilizedriver(homePage.java:22)
	at Academy.homePage.initilizedriver(homePage.java:22)
	at Academy.homePage.initilizedriver(homePage.java:22)
	at Academy.homePage.initilizedriver(homePage.java:22)
	at Academy.homePage.initilizedriver(homePage.java:22)
	at Academy.homePage.initilizedriver(homePage.java:22)
	at Academy.homePage.initilizedriver(homePage.java:22)
	at Academy.homePage.initilizedriver(homePage.java:22)
	at Academy.homePage.initilizedriver(homePage.java:22)
	at Academy.homePage.initilizedriver(homePage.java:22)
	at Academy.homePage.initilizedriver(homePage.java:22)
	at Academy.homePage.initilizedriver(homePage.java:22)
	at Academy.homePage.initilizedriver(homePage.java:22)
	at Academy.homePage.initilizedriver(homePage.java:22)
	at Academy.homePage.initilizedriver(homePage.java:22)
	at Academy.homePage.initilizedriver(homePage.java:22)
	at Academy.homePage.initilizedriver(homePage.java:22)
	at Academy.homePage.initilizedriver(homePage.java:22)
	at Academy.homePage.initilizedriver(homePage.java:22)
	at Academy.homePage.initilizedriver(homePage.java:22)
	at Academy.homePage.initilizedriver(homePage.java:22)
	at Academy.homePage.initilizedriver(homePage.java:22)
	at Academy.homePage.initilizedriver(homePage.java:22)
	at Academy.homePage.initilizedriver(homePage.java:22)
	at Academy.homePage.initilizedriver(homePage.java:22)
	at Academy.homePage.initilizedriver(homePage.java:22)
	at Academy.homePage.initilizedriver(homePage.java:22)
	at Academy.homePage.initilizedriver(homePage.java:22)
	at Academy.homePage.initilizedriver(homePage.java:22)
	at Academy.homePage.initilizedriver(homePage.java:22)
	at Academy.homePage.initilizedriver(homePage.java:22)
	at Academy.homePage.initilizedriver(homePage.java:22)
	at Academy.homePage.initilizedriver(homePage.java:22)
	at Academy.homePage.initilizedriver(homePage.java:22)
	at Academy.homePage.initilizedriver(homePage.java:22)
	at Academy.homePage.initilizedriver(homePage.java:22)
	at Academy.homePage.initilizedriver(homePage.java:22)
	at Academy.homePage.initilizedriver(homePage.java:22)
	at Academy.homePage.initilizedriver(homePage.java:22)
	at Academy.homePage.initilizedriver(homePage.java:22)
	at Academy.homePage.initilizedriver(homePage.java:22)
	at Academy.homePage.initilizedriver(homePage.java:22)
	at Academy.homePage.initilizedriver(homePage.java:22)
	at Academy.homePage.initilizedriver(homePage.java:22)
	at Academy.homePage.initilizedriver(homePage.java:22)
	at Academy.homePage.initilizedriver(homePage.java:22)
	at Academy.homePage.initilizedriver(homePage.java:22)
	at Academy.homePage.initilizedriver(homePage.java:22)
	at Academy.homePage.initilizedriver(homePage.java:22)
	at Academy.homePage.initilizedriver(homePage.java:22)
	at Academy.homePage.initilizedriver(homePage.java:22)
	at Academy.homePage.initilizedriver(homePage.java:22)
	at Academy.homePage.initilizedriver(homePage.java:22)
	at Academy.homePage.initilizedriver(homePage.java:22)
	at Academy.homePage.initilizedriver(homePage.java:22)
	at Academy.homePage.initilizedriver(homePage.java:22)
	at Academy.homePage.initilizedriver(homePage.java:22)
	at Academy.homePage.initilizedriver(homePage.java:22)
	at Academy.homePage.initilizedriver(homePage.java:22)
	at Academy.homePage.initilizedriver(homePage.java:22)
	at Academy.homePage.initilizedriver(homePage.java:22)
	at Academy.homePage.initilizedriver(homePage.java:22)
	at Academy.homePage.initilizedriver(homePage.java:22)
	at Academy.homePage.initilizedriver(homePage.java:22)
	at Academy.homePage.initilizedriver(homePage.java:22)
	at Academy.homePage.initilizedriver(homePage.java:22)
	at Academy.homePage.initilizedriver(homePage.java:22)
	at Academy.homePage.initilizedriver(homePage.java:22)
	at Academy.homePage.initilizedriver(homePage.java:22)
	at Academy.homePage.initilizedriver(homePage.java:22)
	at Academy.homePage.initilizedriver(homePage.java:22)
	at Academy.homePage.initilizedriver(homePage.java:22)
	at Academy.homePage.initilizedriver(homePage.java:22)
	at Academy.homePage.initilizedriver(homePage.java:22)
	at Academy.homePage.initilizedriver(homePage.java:22)
	at Academy.homePage.initilizedriver(homePage.java:22)
	at Academy.homePage.initilizedriver(homePage.java:22)
	at Academy.homePage.initilizedriver(homePage.java:22)
	at Academy.homePage.initilizedriver(homePage.java:22)
	at Academy.homePage.initilizedriver(homePage.java:22)
	at Academy.homePage.initilizedriver(homePage.java:22)
	at Academy.homePage.initilizedriver(homePage.java:22)
	at Academy.homePage.initilizedriver(homePage.java:22)
	at Academy.homePage.initilizedriver(homePage.java:22)
	at Academy.homePage.initilizedriver(homePage.java:22)
	at Academy.homePage.initilizedriver(homePage.java:22)
	at Academy.homePage.initilizedriver(homePage.java:22)
	at Academy.homePage.initilizedriver(homePage.java:22)
	at Academy.homePage.initilizedriver(homePage.java:22)
	at Academy.homePage.initilizedriver(homePage.java:22)
	at Academy.homePage.initilizedriver(homePage.java:22)
	at Academy.homePage.initilizedriver(homePage.java:22)
	at Academy.homePage.initilizedriver(homePage.java:22)
	at Academy.homePage.initilizedriver(homePage.java:22)
	at Academy.homePage.initilizedriver(homePage.java:22)
	at Academy.homePage.initilizedriver(homePage.java:22)
	at Academy.homePage.initilizedriver(homePage.java:22)
	at Academy.homePage.initilizedriver(homePage.java:22)
	at Academy.homePage.initilizedriver(homePage.java:22)
	at Academy.homePage.initilizedriver(homePage.java:22)
	at Academy.homePage.initilizedriver(homePage.java:22)
	at Academy.homePage.initilizedriver(homePage.java:22)
	at Academy.homePage.initilizedriver(homePage.java:22)
	at Academy.homePage.initilizedriver(homePage.java:22)
	at Academy.homePage.initilizedriver(homePage.java:22)
	at Academy.homePage.initilizedriver(homePage.java:22)
	at Academy.homePage.initilizedriver(homePage.java:22)
	at Academy.homePage.initilizedriver(homePage.java:22)
	at Academy.homePage.initilizedriver(homePage.java:22)
	at Academy.homePage.initilizedriver(homePage.java:22)
	at Academy.homePage.initilizedriver(homePage.java:22)
	at Academy.homePage.initilizedriver(homePage.java:22)
	at Academy.homePage.initilizedriver(homePage.java:22)
	at Academy.homePage.initilizedriver(homePage.java:22)
	at Academy.homePage.initilizedriver(homePage.java:22)
	at Academy.homePage.initilizedriver(homePage.java:22)
	at Academy.homePage.initilizedriver(homePage.java:22)
	at Academy.homePage.initilizedriver(homePage.java:22)
	at Academy.homePage.initilizedriver(homePage.java:22)
	at Academy.homePage.initilizedriver(homePage.java:22)
	at Academy.homePage.initilizedriver(homePage.java:22)
	at Academy.homePage.initilizedriver(homePage.java:22)
	at Academy.homePage.initilizedriver(homePage.java:22)
	at Academy.homePage.initilizedriver(homePage.java:22)
	at Academy.homePage.initilizedriver(homePage.java:22)
	at Academy.homePage.initilizedriver(homePage.java:22)
	at Academy.homePage.initilizedriver(homePage.java:22)
	at Academy.homePage.initilizedriver(homePage.java:22)
	at Academy.homePage.initilizedriver(homePage.java:22)
	at Academy.homePage.initilizedriver(homePage.java:22)
	at Academy.homePage.initilizedriver(homePage.java:22)
	at Academy.homePage.initilizedriver(homePage.java:22)
	at Academy.homePage.initilizedriver(homePage.java:22)
	at Academy.homePage.initilizedriver(homePage.java:22)
	at Academy.homePage.initilizedriver(homePage.java:22)
	at Academy.homePage.initilizedriver(homePage.java:22)
	at Academy.homePage.initilizedriver(homePage.java:22)
	at Academy.homePage.initilizedriver(homePage.java:22)
	at Academy.homePage.initilizedriver(homePage.java:22)
	at Academy.homePage.initilizedriver(homePage.java:22)
	at Academy.homePage.initilizedriver(homePage.java:22)
	at Academy.homePage.initilizedriver(homePage.java:22)
	at Academy.homePage.initilizedriver(homePage.java:22)
	at Academy.homePage.initilizedriver(homePage.java:22)
	at Academy.homePage.initilizedriver(homePage.java:22)
	at Academy.homePage.initilizedriver(homePage.java:22)
	at Academy.homePage.initilizedriver(homePage.java:22)
	at Academy.homePage.initilizedriver(homePage.java:22)
	at Academy.homePage.initilizedriver(homePage.java:22)
	at Academy.homePage.initilizedriver(homePage.java:22)
	at Academy.homePage.initilizedriver(homePage.java:22)
	at Academy.homePage.initilizedriver(homePage.java:22)
	at Academy.homePage.initilizedriver(homePage.java:22)
	at Academy.homePage.initilizedriver(homePage.java:22)
	at Academy.homePage.initilizedriver(homePage.java:22)
	at Academy.homePage.initilizedriver(homePage.java:22)
	at Academy.homePage.initilizedriver(homePage.java:22)
	at Academy.homePage.initilizedriver(homePage.java:22)
	at Academy.homePage.initilizedriver(homePage.java:22)
	at Academy.homePage.initilizedriver(homePage.java:22)
	at Academy.homePage.initilizedriver(homePage.java:22)
	at Academy.homePage.initilizedriver(homePage.java:22)
	at Academy.homePage.initilizedriver(homePage.java:22)
	at Academy.homePage.initilizedriver(homePage.java:22)
	at Academy.homePage.initilizedriver(homePage.java:22)
	at Academy.homePage.initilizedriver(homePage.java:22)
	at Academy.homePage.initilizedriver(homePage.java:22)
	at Academy.homePage.initilizedriver(homePage.java:22)
	at Academy.homePage.initilizedriver(homePage.java:22)
	at Academy.homePage.initilizedriver(homePage.java:22)
	at Academy.homePage.initilizedriver(homePage.java:22)
	at Academy.homePage.initilizedriver(homePage.java:22)
	at Academy.homePage.initilizedriver(homePage.java:22)
	at Academy.homePage.initilizedriver(homePage.java:22)
	at Academy.homePage.initilizedriver(homePage.java:22)
	at Academy.homePage.initilizedriver(homePage.java:22)
	at Academy.homePage.initilizedriver(homePage.java:22)
	at Academy.homePage.initilizedriver(homePage.java:22)
	at Academy.homePage.initilizedriver(homePage.java:22)
	at Academy.homePage.initilizedriver(homePage.java:22)
	at Academy.homePage.initilizedriver(homePage.java:22)
	at Academy.homePage.initilizedriver(homePage.java:22)
	at Academy.homePage.initilizedriver(homePage.java:22)
	at Academy.homePage.initilizedriver(homePage.java:22)
	at Academy.homePage.initilizedriver(homePage.java:22)
	at Academy.homePage.initilizedriver(homePage.java:22)
	at Academy.homePage.initilizedriver(homePage.java:22)
	at Academy.homePage.initilizedriver(homePage.java:22)
	at Academy.homePage.initilizedriver(homePage.java:22)
	at Academy.homePage.initilizedriver(homePage.java:22)
	at Academy.homePage.initilizedriver(homePage.java:22)
	at Academy.homePage.initilizedriver(homePage.java:22)
	at Academy.homePage.initilizedriver(homePage.java:22)
	at Academy.homePage.initilizedriver(homePage.java:22)
	at Academy.homePage.initilizedriver(homePage.java:22)
	at Academy.homePage.initilizedriver(homePage.java:22)
	at Academy.homePage.initilizedriver(homePage.java:22)
	at Academy.homePage.initilizedriver(homePage.java:22)
	at Academy.homePage.initilizedriver(homePage.java:22)
	at Academy.homePage.initilizedriver(homePage.java:22)
	at Academy.homePage.initilizedriver(homePage.java:22)
	at Academy.homePage.initilizedriver(homePage.java:22)
	at Academy.homePage.initilizedriver(homePage.java:22)
	at Academy.homePage.initilizedriver(homePage.java:22)
	at Academy.homePage.initilizedriver(homePage.java:22)
	at Academy.homePage.initilizedriver(homePage.java:22)
	at Academy.homePage.initilizedriver(homePage.java:22)
	at Academy.homePage.initilizedriver(homePage.java:22)
	at Academy.homePage.initilizedriver(homePage.java:22)
	at Academy.homePage.initilizedriver(homePage.java:22)
	at Academy.homePage.initilizedriver(homePage.java:22)
	at Academy.homePage.initilizedriver(homePage.java:22)
	at Academy.homePage.initilizedriver(homePage.java:22)
	at Academy.homePage.initilizedriver(homePage.java:22)
	at Academy.homePage.initilizedriver(homePage.java:22)
	at Academy.homePage.initilizedriver(homePage.java:22)
	at Academy.homePage.initilizedriver(homePage.java:22)
	at Academy.homePage.initilizedriver(homePage.java:22)
	at Academy.homePage.initilizedriver(homePage.java:22)
	at Academy.homePage.initilizedriver(homePage.java:22)
	at Academy.homePage.initilizedriver(homePage.java:22)
	at Academy.homePage.initilizedriver(homePage.java:22)
	at Academy.homePage.initilizedriver(homePage.java:22)
	at Academy.homePage.initilizedriver(homePage.java:22)
	at Academy.homePage.initilizedriver(homePage.java:22)
	at Academy.homePage.initilizedriver(homePage.java:22)
	at Academy.homePage.initilizedriver(homePage.java:22)
	at Academy.homePage.initilizedriver(homePage.java:22)
	at Academy.homePage.initilizedriver(homePage.java:22)
	at Academy.homePage.initilizedriver(homePage.java:22)
	at Academy.homePage.initilizedriver(homePage.java:22)
	at Academy.homePage.initilizedriver(homePage.java:22)
	at Academy.homePage.initilizedriver(homePage.java:22)
	at Academy.homePage.initilizedriver(homePage.java:22)
	at Academy.homePage.initilizedriver(homePage.java:22)
	at Academy.homePage.initilizedriver(homePage.java:22)
	at Academy.homePage.initilizedriver(homePage.java:22)
	at Academy.homePage.initilizedriver(homePage.java:22)
	at Academy.homePage.initilizedriver(homePage.java:22)
	at Academy.homePage.initilizedriver(homePage.java:22)
	at Academy.homePage.initilizedriver(homePage.java:22)
	at Academy.homePage.initilizedriver(homePage.java:22)
	at Academy.homePage.initilizedriver(homePage.java:22)
	at Academy.homePage.initilizedriver(homePage.java:22)
	at Academy.homePage.initilizedriver(homePage.java:22)
	at Academy.homePage.initilizedriver(homePage.java:22)
	at Academy.homePage.initilizedriver(homePage.java:22)
	at Academy.homePage.initilizedriver(homePage.java:22)
	at Academy.homePage.initilizedriver(homePage.java:22)
	at Academy.homePage.initilizedriver(homePage.java:22)
	at Academy.homePage.initilizedriver(homePage.java:22)
	at Academy.homePage.initilizedriver(homePage.java:22)
	at Academy.homePage.initilizedriver(homePage.java:22)
	at Academy.homePage.initilizedriver(homePage.java:22)
	at Academy.homePage.initilizedriver(homePage.java:22)
	at Academy.homePage.initilizedriver(homePage.java:22)
	at Academy.homePage.initilizedriver(homePage.java:22)
	at Academy.homePage.initilizedriver(homePage.java:22)
	at Academy.homePage.initilizedriver(homePage.java:22)
	at Academy.homePage.initilizedriver(homePage.java:22)
	at Academy.homePage.initilizedriver(homePage.java:22)
	at Academy.homePage.initilizedriver(homePage.java:22)
	at Academy.homePage.initilizedriver(homePage.java:22)
	at Academy.homePage.initilizedriver(homePage.java:22)
	at Academy.homePage.initilizedriver(homePage.java:22)
	at Academy.homePage.initilizedriver(homePage.java:22)
	at Academy.homePage.initilizedriver(homePage.java:22)
	at Academy.homePage.initilizedriver(homePage.java:22)
	at Academy.homePage.initilizedriver(homePage.java:22)
	at Academy.homePage.initilizedriver(homePage.java:22)
	at Academy.homePage.initilizedriver(homePage.java:22)
	at Academy.homePage.initilizedriver(homePage.java:22)
	at Academy.homePage.initilizedriver(homePage.java:22)
	at Academy.homePage.initilizedriver(homePage.java:22)
	at Academy.homePage.initilizedriver(homePage.java:22)
	at Academy.homePage.initilizedriver(homePage.java:22)
	at Academy.homePage.initilizedriver(homePage.java:22)
	at Academy.homePage.initilizedriver(homePage.java:22)
	at Academy.homePage.initilizedriver(homePage.java:22)
	at Academy.homePage.initilizedriver(homePage.java:22)
	at Academy.homePage.initilizedriver(homePage.java:22)
	at Academy.homePage.initilizedriver(homePage.java:22)
	at Academy.homePage.initilizedriver(homePage.java:22)
	at Academy.homePage.initilizedriver(homePage.java:22)
	at Academy.homePage.initilizedriver(homePage.java:22)
	at Academy.homePage.initilizedriver(homePage.java:22)
	at Academy.homePage.initilizedriver(homePage.java:22)
	at Academy.homePage.initilizedriver(homePage.java:22)
	at Academy.homePage.initilizedriver(homePage.java:22)
	at Academy.homePage.initilizedriver(homePage.java:22)
	at Academy.homePage.initilizedriver(homePage.java:22)
	at Academy.homePage.initilizedriver(homePage.java:22)
	at Academy.homePage.initilizedriver(homePage.java:22)
	at Academy.homePage.initilizedriver(homePage.java:22)
	at Academy.homePage.initilizedriver(homePage.java:22)
	at Academy.homePage.initilizedriver(homePage.java:22)
	at Academy.homePage.initilizedriver(homePage.java:22)
	at Academy.homePage.initilizedriver(homePage.java:22)
	at Academy.homePage.initilizedriver(homePage.java:22)
	at Academy.homePage.initilizedriver(homePage.java:22)
	at Academy.homePage.initilizedriver(homePage.java:22)
	at Academy.homePage.initilizedriver(homePage.java:22)
	at Academy.homePage.initilizedriver(homePage.java:22)
	at Academy.homePage.initilizedriver(homePage.java:22)
	at Academy.homePage.initilizedriver(homePage.java:22)
	at Academy.homePage.initilizedriver(homePage.java:22)
	at Academy.homePage.initilizedriver(homePage.java:22)
	at Academy.homePage.initilizedriver(homePage.java:22)
	at Academy.homePage.initilizedriver(homePage.java:22)
	at Academy.homePage.initilizedriver(homePage.java:22)
	at Academy.homePage.initilizedriver(homePage.java:22)
	at Academy.homePage.initilizedriver(homePage.java:22)
	at Academy.homePage.initilizedriver(homePage.java:22)
	at Academy.homePage.initilizedriver(homePage.java:22)
	at Academy.homePage.initilizedriver(homePage.java:22)
	at Academy.homePage.initilizedriver(homePage.java:22)
	at Academy.homePage.initilizedriver(homePage.java:22)
	at Academy.homePage.initilizedriver(homePage.java:22)
	at Academy.homePage.initilizedriver(homePage.java:22)
	at Academy.homePage.initilizedriver(homePage.java:22)
	at Academy.homePage.initilizedriver(homePage.java:22)
	at Academy.homePage.initilizedriver(homePage.java:22)
	at Academy.homePage.initilizedriver(homePage.java:22)
	at Academy.homePage.initilizedriver(homePage.java:22)
	at Academy.homePage.initilizedriver(homePage.java:22)
	at Academy.homePage.initilizedriver(homePage.java:22)
	at Academy.homePage.initilizedriver(homePage.java:22)
	at Academy.homePage.initilizedriver(homePage.java:22)
	at Academy.homePage.initilizedriver(homePage.java:22)
	at Academy.homePage.initilizedriver(homePage.java:22)
	at Academy.homePage.initilizedriver(homePage.java:22)
	at Academy.homePage.initilizedriver(homePage.java:22)
	at Academy.homePage.initilizedriver(homePage.java:22)
	at Academy.homePage.initilizedriver(homePage.java:22)
	at Academy.homePage.initilizedriver(homePage.java:22)
	at Academy.homePage.initilizedriver(homePage.java:22)
	at Academy.homePage.initilizedriver(homePage.java:22)
	at Academy.homePage.initilizedriver(homePage.java:22)
	at Academy.homePage.initilizedriver(homePage.java:22)
	at Academy.homePage.initilizedriver(homePage.java:22)
	at Academy.homePage.initilizedriver(homePage.java:22)
	at Academy.homePage.initilizedriver(homePage.java:22)
	at Academy.homePage.initilizedriver(homePage.java:22)
	at Academy.homePage.initilizedriver(homePage.java:22)
	at Academy.homePage.initilizedriver(homePage.java:22)
	at Academy.homePage.initilizedriver(homePage.java:22)
	at Academy.homePage.initilizedriver(homePage.java:22)
	at Academy.homePage.initilizedriver(homePage.java:22)
	at Academy.homePage.initilizedriver(homePage.java:22)
	at Academy.homePage.initilizedriver(homePage.java:22)
	at Academy.homePage.initilizedriver(homePage.java:22)
	at Academy.homePage.initilizedriver(homePage.java:22)
	at Academy.homePage.initilizedriver(homePage.java:22)
	at Academy.homePage.initilizedriver(homePage.java:22)
	at Academy.homePage.initilizedriver(homePage.java:22)
	at Academy.homePage.initilizedriver(homePage.java:22)
	at Academy.homePage.initilizedriver(homePage.java:22)
	at Academy.homePage.initilizedriver(homePage.java:22)
	at Academy.homePage.initilizedriver(homePage.java:22)
	at Academy.homePage.initilizedriver(homePage.java:22)
	at Academy.homePage.initilizedriver(homePage.java:22)
	at Academy.homePage.initilizedriver(homePage.java:22)
	at Academy.homePage.initilizedriver(homePage.java:22)
	at Academy.homePage.initilizedriver(homePage.java:22)
	at Academy.homePage.initilizedriver(homePage.java:22)
	at Academy.homePage.initilizedriver(homePage.java:22)
	at Academy.homePage.initilizedriver(homePage.java:22)
	at Academy.homePage.initilizedriver(homePage.java:22)
	at Academy.homePage.initilizedriver(homePage.java:22)
	at Academy.homePage.initilizedriver(homePage.java:22)
	at Academy.homePage.initilizedriver(homePage.java:22)
	at Academy.homePage.initilizedriver(homePage.java:22)
	at Academy.homePage.initilizedriver(homePage.java:22)
	at Academy.homePage.initilizedriver(homePage.java:22)
	at Academy.homePage.initilizedriver(homePage.java:22)
	at Academy.homePage.initilizedriver(homePage.java:22)
	at Academy.homePage.initilizedriver(homePage.java:22)
	at Academy.homePage.initilizedriver(homePage.java:22)
	at Academy.homePage.initilizedriver(homePage.java:22)
	at Academy.homePage.initilizedriver(homePage.java:22)
	at Academy.homePage.initilizedriver(homePage.java:22)
	at Academy.homePage.initilizedriver(homePage.java:22)
	at Academy.homePage.initilizedriver(homePage.java:22)
	at Academy.homePage.initilizedriver(homePage.java:22)
	at Academy.homePage.initilizedriver(homePage.java:22)
	at Academy.homePage.initilizedriver(homePage.java:22)
	at Academy.homePage.initilizedriver(homePage.java:22)
	at Academy.homePage.initilizedriver(homePage.java:22)
	at Academy.homePage.initilizedriver(homePage.java:22)
	at Academy.homePage.initilizedriver(homePage.java:22)
	at Academy.homePage.initilizedriver(homePage.java:22)
	at Academy.homePage.initilizedriver(homePage.java:22)
	at Academy.homePage.initilizedriver(homePage.java:22)
	at Academy.homePage.initilizedriver(homePage.java:22)
	at Academy.homePage.initilizedriver(homePage.java:22)
	at Academy.homePage.initilizedriver(homePage.java:22)
	at Academy.homePage.initilizedriver(homePage.java:22)
	at Academy.homePage.initilizedriver(homePage.java:22)
	at Academy.homePage.initilizedriver(homePage.java:22)
	at Academy.homePage.initilizedriver(homePage.java:22)
	at Academy.homePage.initilizedriver(homePage.java:22)
	at Academy.homePage.initilizedriver(homePage.java:22)
	at Academy.homePage.initilizedriver(homePage.java:22)
	at Academy.homePage.initilizedriver(homePage.java:22)
	at Academy.homePage.initilizedriver(homePage.java:22)
	at Academy.homePage.initilizedriver(homePage.java:22)
	at Academy.homePage.initilizedriver(homePage.java:22)
	at Academy.homePage.initilizedriver(homePage.java:22)
	at Academy.homePage.initilizedriver(homePage.java:22)
	at Academy.homePage.initilizedriver(homePage.java:22)
	at Academy.homePage.initilizedriver(homePage.java:22)
	at Academy.homePage.initilizedriver(homePage.java:22)
	at Academy.homePage.initilizedriver(homePage.java:22)
	at Academy.homePage.initilizedriver(homePage.java:22)
	at Academy.homePage.initilizedriver(homePage.java:22)
	at Academy.homePage.initilizedriver(homePage.java:22)
	at Academy.homePage.initilizedriver(homePage.java:22)
	at Academy.homePage.initilizedriver(homePage.java:22)
	at Academy.homePage.initilizedriver(homePage.java:22)
	at Academy.homePage.initilizedriver(homePage.java:22)
	at Academy.homePage.initilizedriver(homePage.java:22)
	at Academy.homePage.initilizedriver(homePage.java:22)
	at Academy.homePage.initilizedriver(homePage.java:22)
	at Academy.homePage.initilizedriver(homePage.java:22)
	at Academy.homePage.initilizedriver(homePage.java:22)
	at Academy.homePage.initilizedriver(homePage.java:22)
	at Academy.homePage.initilizedriver(homePage.java:22)
	at Academy.homePage.initilizedriver(homePage.java:22)
	at Academy.homePage.initilizedriver(homePage.java:22)
	at Academy.homePage.initilizedriver(homePage.java:22)
	at Academy.homePage.initilizedriver(homePage.java:22)
	at Academy.homePage.initilizedriver(homePage.java:22)
	at Academy.homePage.initilizedriver(homePage.java:22)
	at Academy.homePage.initilizedriver(homePage.java:22)
	at Academy.homePage.initilizedriver(homePage.java:22)
	at Academy.homePage.initilizedriver(homePage.java:22)
	at Academy.homePage.initilizedriver(homePage.java:22)
	at Academy.homePage.initilizedriver(homePage.java:22)
	at Academy.homePage.initilizedriver(homePage.java:22)
	at Academy.homePage.initilizedriver(homePage.java:22)
	at Academy.homePage.initilizedriver(homePage.java:22)
	at Academy.homePage.initilizedriver(homePage.java:22)
	at Academy.homePage.initilizedriver(homePage.java:22)
	at Academy.homePage.initilizedriver(homePage.java:22)
	at Academy.homePage.initilizedriver(homePage.java:22)
	at Academy.homePage.initilizedriver(homePage.java:22)
	at Academy.homePage.initilizedriver(homePage.java:22)
	at Academy.homePage.initilizedriver(homePage.java:22)
	at Academy.homePage.initilizedriver(homePage.java:22)
	at Academy.homePage.initilizedriver(homePage.java:22)
	at Academy.homePage.initilizedriver(homePage.java:22)
	at Academy.homePage.initilizedriver(homePage.java:22)
	at Academy.homePage.initilizedriver(homePage.java:22)
	at Academy.homePage.initilizedriver(homePage.java:22)
	at Academy.homePage.initilizedriver(homePage.java:22)
	at Academy.homePage.initilizedriver(homePage.java:22)
	at Academy.homePage.initilizedriver(homePage.java:22)
	at Academy.homePage.initilizedriver(homePage.java:22)
	at Academy.homePage.initilizedriver(homePage.java:22)
	at Academy.homePage.initilizedriver(homePage.java:22)
	at Academy.homePage.initilizedriver(homePage.java:22)
	at Academy.homePage.initilizedriver(homePage.java:22)
	at Academy.homePage.initilizedriver(homePage.java:22)
	at Academy.homePage.initilizedriver(homePage.java:22)
	at Academy.homePage.initilizedriver(homePage.java:22)
	at Academy.homePage.initilizedriver(homePage.java:22)
	at Academy.homePage.initilizedriver(homePage.java:22)
	at Academy.homePage.initilizedriver(homePage.java:22)
	at Academy.homePage.initilizedriver(homePage.java:22)
	at Academy.homePage.initilizedriver(homePage.java:22)
	at Academy.homePage.initilizedriver(homePage.java:22)
	at Academy.homePage.initilizedriver(homePage.java:22)
	at Academy.homePage.initilizedriver(homePage.java:22)
	at Academy.homePage.initilizedriver(homePage.java:22)
	at Academy.homePage.initilizedriver(homePage.java:22)
	at Academy.homePage.initilizedriver(homePage.java:22)
	at Academy.homePage.initilizedriver(homePage.java:22)
	at Academy.homePage.initilizedriver(homePage.java:22)
	at Academy.homePage.initilizedriver(homePage.java:22)
	at Academy.homePage.initilizedriver(homePage.java:22)
	at Academy.homePage.initilizedriver(homePage.java:22)
	at Academy.homePage.initilizedriver(homePage.java:22)
	at Academy.homePage.initilizedriver(homePage.java:22)
	at Academy.homePage.initilizedriver(homePage.java:22)
	at Academy.homePage.initilizedriver(homePage.java:22)
	at Academy.homePage.initilizedriver(homePage.java:22)
	at Academy.homePage.initilizedriver(homePage.java:22)
	at Academy.homePage.initilizedriver(homePage.java:22)
	at Academy.homePage.initilizedriver(homePage.java:22)
	at Academy.homePage.initilizedriver(homePage.java:22)
	at Academy.homePage.initilizedriver(homePage.java:22)
	at Academy.homePage.initilizedriver(homePage.java:22)
	at Academy.homePage.initilizedriver(homePage.java:22)
	at Academy.homePage.initilizedriver(homePage.java:22)
	at Academy.homePage.initilizedriver(homePage.java:22)
	at Academy.homePage.initilizedriver(homePage.java:22)
	at Academy.homePage.initilizedriver(homePage.java:22)
	at Academy.homePage.initilizedriver(homePage.java:22)
	at Academy.homePage.initilizedriver(homePage.java:22)
	at Academy.homePage.initilizedriver(homePage.java:22)
	at Academy.homePage.initilizedriver(homePage.java:22)
	at Academy.homePage.initilizedriver(homePage.java:22)
	at Academy.homePage.initilizedriver(homePage.java:22)
	at Academy.homePage.initilizedriver(homePage.java:22)
	at Academy.homePage.initilizedriver(homePage.java:22)
	at Academy.homePage.initilizedriver(homePage.java:22)
	at Academy.homePage.initilizedriver(homePage.java:22)
	at Academy.homePage.initilizedriver(homePage.java:22)
	at Academy.homePage.initilizedriver(homePage.java:22)
	at Academy.homePage.initilizedriver(homePage.java:22)
	at Academy.homePage.initilizedriver(homePage.java:22)
	at Academy.homePage.initilizedriver(homePage.java:22)
	at Academy.homePage.initilizedriver(homePage.java:22)
	at Academy.homePage.initilizedriver(homePage.java:22)
	at Academy.homePage.initilizedriver(homePage.java:22)
	at Academy.homePage.initilizedriver(homePage.java:22)
	at Academy.homePage.initilizedriver(homePage.java:22)
	at Academy.homePage.initilizedriver(homePage.java:22)
	at Academy.homePage.initilizedriver(homePage.java:22)
	at Academy.homePage.initilizedriver(homePage.java:22)
	at Academy.homePage.initilizedriver(homePage.java:22)
	at Academy.homePage.initilizedriver(homePage.java:22)
	at Academy.homePage.initilizedriver(homePage.java:22)
	at Academy.homePage.initilizedriver(homePage.java:22)
	at Academy.homePage.initilizedriver(homePage.java:22)
	at Academy.homePage.initilizedriver(homePage.java:22)
	at Academy.homePage.initilizedriver(homePage.java:22)
	at Academy.homePage.initilizedriver(homePage.java:22)
	at Academy.homePage.initilizedriver(homePage.java:22)
	at Academy.homePage.initilizedriver(homePage.java:22)
	at Academy.homePage.initilizedriver(homePage.java:22)
	at Academy.homePage.initilizedriver(homePage.java:22)
	at Academy.homePage.initilizedriver(homePage.java:22)
	at Academy.homePage.initilizedriver(homePage.java:22)
	at Academy.homePage.initilizedriver(homePage.java:22)
	at Academy.homePage.initilizedriver(homePage.java:22)
	at Academy.homePage.initilizedriver(homePage.java:22)
	at Academy.homePage.initilizedriver(homePage.java:22)
	at Academy.homePage.initilizedriver(homePage.java:22)
	at Academy.homePage.initilizedriver(homePage.java:22)
	at Academy.homePage.initilizedriver(homePage.java:22)
	at Academy.homePage.initilizedriver(homePage.java:22)
	at Academy.homePage.initilizedriver(homePage.java:22)
	at Academy.homePage.initilizedriver(homePage.java:22)
	at Academy.homePage.initilizedriver(homePage.java:22)
	at Academy.homePage.initilizedriver(homePage.java:22)
	at Academy.homePage.initilizedriver(homePage.java:22)
	at Academy.homePage.initilizedriver(homePage.java:22)
	at Academy.homePage.initilizedriver(homePage.java:22)
	at Academy.homePage.initilizedriver(homePage.java:22)
	at Academy.homePage.initilizedriver(homePage.java:22)
	at Academy.homePage.initilizedriver(homePage.java:22)
	at Academy.homePage.initilizedriver(homePage.java:22)
	at Academy.homePage.initilizedriver(homePage.java:22)
	at Academy.homePage.initilizedriver(homePage.java:22)
	at Academy.homePage.initilizedriver(homePage.java:22)
	at Academy.homePage.initilizedriver(homePage.java:22)
	at Academy.homePage.initilizedriver(homePage.java:22)
	at Academy.homePage.initilizedriver(homePage.java:22)
	at Academy.homePage.initilizedriver(homePage.java:22)
	at Academy.homePage.initilizedriver(homePage.java:22)
	at Academy.homePage.initilizedriver(homePage.java:22)
	at Academy.homePage.initilizedriver(homePage.java:22)
	at Academy.homePage.initilizedriver(homePage.java:22)
	at Academy.homePage.initilizedriver(homePage.java:22)
	at Academy.homePage.initilizedriver(homePage.java:22)
	at Academy.homePage.initilizedriver(homePage.java:22)
	at Academy.homePage.initilizedriver(homePage.java:22)
	at Academy.homePage.initilizedriver(homePage.java:22)
	at Academy.homePage.initilizedriver(homePage.java:22)
	at Academy.homePage.initilizedriver(homePage.java:22)
	at Academy.homePage.initilizedriver(homePage.java:22)
	at Academy.homePage.initilizedriver(homePage.java:22)
	at Academy.homePage.initilizedriver(homePage.java:22)
	at Academy.homePage.initilizedriver(homePage.java:22)
	at Academy.homePage.initilizedriver(homePage.java:22)
	at Academy.homePage.initilizedriver(homePage.java:22)
	at Academy.homePage.initilizedriver(homePage.java:22)
	at Academy.homePage.initilizedriver(homePage.java:22)
	at Academy.homePage.initilizedriver(homePage.java:22)
	at Academy.homePage.initilizedriver(homePage.java:22)
	at Academy.homePage.initilizedriver(homePage.java:22)
	at Academy.homePage.initilizedriver(homePage.java:22)
	at Academy.homePage.initilizedriver(homePage.java:22)
	at Academy.homePage.initilizedriver(homePage.java:22)
	at Academy.homePage.initilizedriver(homePage.java:22)
	at Academy.homePage.initilizedriver(homePage.java:22)
	at Academy.homePage.initilizedriver(homePage.java:22)
	at Academy.homePage.initilizedriver(homePage.java:22)
	at Academy.homePage.initilizedriver(homePage.java:22)
	at Academy.homePage.initilizedriver(homePage.java:22)
	at Academy.homePage.initilizedriver(homePage.java:22)
	at Academy.homePage.initilizedriver(homePage.java:22)
	at Academy.homePage.initilizedriver(homePage.java:22)
	at Academy.homePage.initilizedriver(homePage.java:22)
	at Academy.homePage.initilizedriver(homePage.java:22)
	at Academy.homePage.initilizedriver(homePage.java:22)
	at Academy.homePage.initilizedriver(homePage.java:22)
	at Academy.homePage.initilizedriver(homePage.java:22)
	at Academy.homePage.initilizedriver(homePage.java:22)
	at Academy.homePage.initilizedriver(homePage.java:22)
	at Academy.homePage.initilizedriver(homePage.java:22)
	at Academy.homePage.initilizedriver(homePage.java:22)
	at Academy.homePage.initilizedriver(homePage.java:22)
	at Academy.homePage.initilizedriver(homePage.java:22)
	at Academy.homePage.initilizedriver(homePage.java:22)
	at Academy.homePage.initilizedriver(homePage.java:22)
	at Academy.homePage.initilizedriver(homePage.java:22)
	at Academy.homePage.initilizedriver(homePage.java:22)
	at Academy.homePage.initilizedriver(homePage.java:22)
	at Academy.homePage.initilizedriver(homePage.java:22)
	at Academy.homePage.initilizedriver(homePage.java:22)
	at Academy.homePage.initilizedriver(homePage.java:22)
	at Academy.homePage.initilizedriver(homePage.java:22)
	at Academy.homePage.initilizedriver(homePage.java:22)
	at Academy.homePage.initilizedriver(homePage.java:22)
	at Academy.homePage.initilizedriver(homePage.java:22)
	at Academy.homePage.initilizedriver(homePage.java:22)
	at Academy.homePage.initilizedriver(homePage.java:22)
	at Academy.homePage.initilizedriver(homePage.java:22)
	at Academy.homePage.initilizedriver(homePage.java:22)
	at Academy.homePage.initilizedriver(homePage.java:22)
	at Academy.homePage.initilizedriver(homePage.java:22)
	at Academy.homePage.initilizedriver(homePage.java:22)
	at Academy.homePage.initilizedriver(homePage.java:22)
	at Academy.homePage.initilizedriver(homePage.java:22)
	at Academy.homePage.initilizedriver(homePage.java:22)
	at Academy.homePage.initilizedriver(homePage.java:22)
	at Academy.homePage.initilizedriver(homePage.java:22)
	at Academy.homePage.initilizedriver(homePage.java:22)
	at Academy.homePage.initilizedriver(homePage.java:22)
	at Academy.homePage.initilizedriver(homePage.java:22)
	at Academy.homePage.initilizedriver(homePage.java:22)
	at Academy.homePage.initilizedriver(homePage.java:22)
	at Academy.homePage.initilizedriver(homePage.java:22)
	at Academy.homePage.initilizedriver(homePage.java:22)
	at Academy.homePage.initilizedriver(homePage.java:22)
	at Academy.homePage.initilizedriver(homePage.java:22)
	at Academy.homePage.initilizedriver(homePage.java:22)
	at Academy.homePage.initilizedriver(homePage.java:22)
	at Academy.homePage.initilizedriver(homePage.java:22)
	at Academy.homePage.initilizedriver(homePage.java:22)
	at Academy.homePage.initilizedriver(homePage.java:22)
	at Academy.homePage.initilizedriver(homePage.java:22)
	at Academy.homePage.initilizedriver(homePage.java:22)
	at Academy.homePage.initilizedriver(homePage.java:22)
	at Academy.homePage.initilizedriver(homePage.java:22)
	at Academy.homePage.initilizedriver(homePage.java:22)
	at Academy.homePage.initilizedriver(homePage.java:22)
	at Academy.homePage.initilizedriver(homePage.java:22)
	at Academy.homePage.initilizedriver(homePage.java:22)
	at Academy.homePage.initilizedriver(homePage.java:22)
	at Academy.homePage.initilizedriver(homePage.java:22)
	at Academy.homePage.initilizedriver(homePage.java:22)
	at Academy.homePage.initilizedriver(homePage.java:22)
	at Academy.homePage.initilizedriver(homePage.java:22)
	at Academy.homePage.initilizedriver(homePage.java:22)
	at Academy.homePage.initilizedriver(homePage.java:22)
	at Academy.homePage.initilizedriver(homePage.java:22)
	at Academy.homePage.initilizedriver(homePage.java:22)
	at Academy.homePage.initilizedriver(homePage.java:22)
	at Academy.homePage.initilizedriver(homePage.java:22)
	at Academy.homePage.initilizedriver(homePage.java:22)
	at Academy.homePage.initilizedriver(homePage.java:22)
	at Academy.homePage.initilizedriver(homePage.java:22)
	at Academy.homePage.initilizedriver(homePage.java:22)
	at Academy.homePage.initilizedriver(homePage.java:22)
	at Academy.homePage.initilizedriver(homePage.java:22)
	at Academy.homePage.initilizedriver(homePage.java:22)
	at Academy.homePage.initilizedriver(homePage.java:22)
	at Academy.homePage.initilizedriver(homePage.java:22)
	at Academy.homePage.initilizedriver(homePage.java:22)
	at Academy.homePage.initilizedriver(homePage.java:22)
	at Academy.homePage.initilizedriver(homePage.java:22)
	at Academy.homePage.initilizedriver(homePage.java:22)
	at Academy.homePage.initilizedriver(homePage.java:22)
	at Academy.homePage.initilizedriver(homePage.java:22)
	at Academy.homePage.initilizedriver(homePage.java:22)
	at Academy.homePage.initilizedriver(homePage.java:22)
	at Academy.homePage.initilizedriver(homePage.java:22)
	at Academy.homePage.initilizedriver(homePage.java:22)
	at Academy.homePage.initilizedriver(homePage.java:22)
	at Academy.homePage.initilizedriver(homePage.java:22)
	at Academy.homePage.initilizedriver(homePage.java:22)
	at Academy.homePage.initilizedriver(homePage.java:22)
	at Academy.homePage.initilizedriver(homePage.java:22)
	at Academy.homePage.initilizedriver(homePage.java:22)
	at Academy.homePage.initilizedriver(homePage.java:22)
	at Academy.homePage.initilizedriver(homePage.java:22)
	at Academy.homePage.initilizedriver(homePage.java:22)
	at Academy.homePage.initilizedriver(homePage.java:22)
	at Academy.homePage.initilizedriver(homePage.java:22)
	at Academy.homePage.initilizedriver(homePage.java:22)
	at Academy.homePage.initilizedriver(homePage.java:22)
	at Academy.homePage.initilizedriver(homePage.java:22)
	at Academy.homePage.initilizedriver(homePage.java:22)
	at Academy.homePage.initilizedriver(homePage.java:22)
	at Academy.homePage.initilizedriver(homePage.java:22)
	at Academy.homePage.initilizedriver(homePage.java:22)
	at Academy.homePage.initilizedriver(homePage.java:22)
	at Academy.homePage.initilizedriver(homePage.java:22)
	at Academy.homePage.initilizedriver(homePage.java:22)
	at Academy.homePage.initilizedriver(homePage.java:22)
	at Academy.homePage.initilizedriver(homePage.java:22)
	at Academy.homePage.initilizedriver(homePage.java:22)
	at Academy.homePage.initilizedriver(homePage.java:22)
	at Academy.homePage.initilizedriver(homePage.java:22)
	at Academy.homePage.initilizedriver(homePage.java:22)
	at Academy.homePage.initilizedriver(homePage.java:22)
	at Academy.homePage.initilizedriver(homePage.java:22)
	at Academy.homePage.initilizedriver(homePage.java:22)
	at Academy.homePage.initilizedriver(homePage.java:22)
	at Academy.homePage.initilizedriver(homePage.java:22)
	at Academy.homePage.initilizedriver(homePage.java:22)
	at Academy.homePage.initilizedriver(homePage.java:22)
	at Academy.homePage.initilizedriver(homePage.java:22)
	at Academy.homePage.initilizedriver(homePage.java:22)
	at Academy.homePage.initilizedriver(homePage.java:22)
	at Academy.homePage.initilizedriver(homePage.java:22)
	at Academy.homePage.initilizedriver(homePage.java:22)
	at Academy.homePage.initilizedriver(homePage.java:22)
	at Academy.homePage.initilizedriver(homePage.java:22)
	at Academy.homePage.initilizedriver(homePage.java:22)
	at Academy.homePage.initilizedriver(homePage.java:22)
	at Academy.homePage.initilizedriver(homePage.java:22)
	at Academy.homePage.initilizedriver(homePage.java:22)
	at Academy.homePage.initilizedriver(homePage.java:22)
	at Academy.homePage.initilizedriver(homePage.java:22)
	at Academy.homePage.initilizedriver(homePage.java:22)
	at Academy.homePage.initilizedriver(homePage.java:22)
	at Academy.homePage.initilizedriver(homePage.java:22)
	at Academy.homePage.initilizedriver(homePage.java:22)
	at Academy.homePage.initilizedriver(homePage.java:22)
	at Academy.homePage.initilizedriver(homePage.java:22)
	at Academy.homePage.initilizedriver(homePage.java:22)
	at Academy.homePage.initilizedriver(homePage.java:22)
	at Academy.homePage.initilizedriver(homePage.java:22)
	at Academy.homePage.initilizedriver(homePage.java:22)
	at Academy.homePage.initilizedriver(homePage.java:22)
	at Academy.homePage.initilizedriver(homePage.java:22)
	at Academy.homePage.initilizedriver(homePage.java:22)
	at Academy.homePage.initilizedriver(homePage.java:22)
	at Academy.homePage.initilizedriver(homePage.java:22)
	at Academy.homePage.initilizedriver(homePage.java:22)
	at Academy.homePage.initilizedriver(homePage.java:22)
	at Academy.homePage.initilizedriver(homePage.java:22)
	at Academy.homePage.initilizedriver(homePage.java:22)
	at Academy.homePage.initilizedriver(homePage.java:22)
	at Academy.homePage.initilizedriver(homePage.java:22)
	at Academy.homePage.initilizedriver(homePage.java:22)
	at Academy.homePage.initilizedriver(homePage.java:22)
	at Academy.homePage.initilizedriver(homePage.java:22)
	at Academy.homePage.initilizedriver(homePage.java:22)
	at Academy.homePage.initilizedriver(homePage.java:22)
	at Academy.homePage.initilizedriver(homePage.java:22)
	at Academy.homePage.initilizedriver(homePage.java:22)
	at Academy.homePage.initilizedriver(homePage.java:22)
	at Academy.homePage.initilizedriver(homePage.java:22)
	at Academy.homePage.initilizedriver(homePage.java:22)
	at Academy.homePage.initilizedriver(homePage.java:22)
	at Academy.homePage.initilizedriver(homePage.java:22)
	at Academy.homePage.initilizedriver(homePage.java:22)
	at Academy.homePage.initilizedriver(homePage.java:22)
	at Academy.homePage.initilizedriver(homePage.java:22)
	at Academy.homePage.initilizedriver(homePage.java:22)
	at Academy.homePage.initilizedriver(homePage.java:22)
	at Academy.homePage.initilizedriver(homePage.java:22)
	at Academy.homePage.initilizedriver(homePage.java:22)
	at Academy.homePage.initilizedriver(homePage.java:22)
	at Academy.homePage.initilizedriver(homePage.java:22)
	at Academy.homePage.initilizedriver(homePage.java:22)
	at Academy.homePage.initilizedriver(homePage.java:22)
	at Academy.homePage.initilizedriver(homePage.java:22)
	at Academy.homePage.initilizedriver(homePage.java:22)
	at Academy.homePage.initilizedriver(homePage.java:22)
	at Academy.homePage.initilizedriver(homePage.java:22)
	at Academy.homePage.initilizedriver(homePage.java:22)
	at Academy.homePage.initilizedriver(homePage.java:22)
	at Academy.homePage.initilizedriver(homePage.java:22)
	at Academy.homePage.initilizedriver(homePage.java:22)
	at Academy.homePage.initilizedriver(homePage.java:22)
	at Academy.homePage.initilizedriver(homePage.java:22)
	at Academy.homePage.initilizedriver(homePage.java:22)
	at Academy.homePage.initilizedriver(homePage.java:22)
	at Academy.homePage.initilizedriver(homePage.java:22)
	at Academy.homePage.initilizedriver(homePage.java:22)
	at Academy.homePage.initilizedriver(homePage.java:22)
	at Academy.homePage.initilizedriver(homePage.java:22)
	at Academy.homePage.initilizedriver(homePage.java:22)
	at Academy.homePage.initilizedriver(homePage.java:22)
	at Academy.homePage.initilizedriver(homePage.java:22)
	at Academy.homePage.initilizedriver(homePage.java:22)
	at Academy.homePage.initilizedriver(homePage.java:22)
	at Academy.homePage.initilizedriver(homePage.java:22)
	at Academy.homePage.initilizedriver(homePage.java:22)
	at Academy.homePage.initilizedriver(homePage.java:22)
	at Academy.homePage.initilizedriver(homePage.java:22)
	at Academy.homePage.initilizedriver(homePage.java:22)
	at Academy.homePage.initilizedriver(homePage.java:22)
	at Academy.homePage.initilizedriver(homePage.java:22)
	at Academy.homePage.initilizedriver(homePage.java:22)
	at Academy.homePage.initilizedriver(homePage.java:22)
	at Academy.homePage.initilizedriver(homePage.java:22)
	at Academy.homePage.initilizedriver(homePage.java:22)
	at Academy.homePage.initilizedriver(homePage.java:22)
	at Academy.homePage.initilizedriver(homePage.java:22)
	at Academy.homePage.initilizedriver(homePage.java:22)
	at Academy.homePage.initilizedriver(homePage.java:22)
	at Academy.homePage.initilizedriver(homePage.java:22)
	at Academy.homePage.initilizedriver(homePage.java:22)
	at Academy.homePage.initilizedriver(homePage.java:22)
	at Academy.homePage.initilizedriver(homePage.java:22)
	at Academy.homePage.initilizedriver(homePage.java:22)
	at Academy.homePage.initilizedriver(homePage.java:22)
	at Academy.homePage.initilizedriver(homePage.java:22)
	at Academy.homePage.initilizedriver(homePage.java:22)
	at Academy.homePage.initilizedriver(homePage.java:22)
	at Academy.homePage.initilizedriver(homePage.java:22)
	at Academy.homePage.initilizedriver(homePage.java:22)
	at Academy.homePage.initilizedriver(homePage.java:22)
	at Academy.homePage.initilizedriver(homePage.java:22)
	at Academy.homePage.initilizedriver(homePage.java:22)
	at Academy.homePage.initilizedriver(homePage.java:22)
	at Academy.homePage.initilizedriver(homePage.java:22)
	at Academy.homePage.initilizedriver(homePage.java:22)
	at Academy.homePage.initilizedriver(homePage.java:22)
	at Academy.homePage.initilizedriver(homePage.java:22)
	at Academy.homePage.initilizedriver(homePage.java:22)
	at Academy.homePage.initilizedriver(homePage.java:22)
	at Academy.homePage.initilizedriver(homePage.java:22)
	at Academy.homePage.initilizedriver(homePage.java:22)
	at Academy.homePage.initilizedriver(homePage.java:22)
	at Academy.homePage.initilizedriver(homePage.java:22)
	at Academy.homePage.initilizedriver(homePage.java:22)
	at Academy.homePage.initilizedriver(homePage.java:22)
	at Academy.homePage.initilizedriver(homePage.java:22)
	at Academy.homePage.initilizedriver(homePage.java:22)
	at Academy.homePage.initilizedriver(homePage.java:22)
	at Academy.homePage.initilizedriver(homePage.java:22)
	at Academy.homePage.initilizedriver(homePage.java:22)
	at Academy.homePage.initilizedriver(homePage.java:22)
	at Academy.homePage.initilizedriver(homePage.java:22)
	at Academy.homePage.initilizedriver(homePage.java:22)
	at Academy.homePage.initilizedriver(homePage.java:22)
	at Academy.homePage.initilizedriver(homePage.java:22)
	at Academy.homePage.initilizedriver(homePage.java:22)
	at Academy.homePage.initilizedriver(homePage.java:22)
	at Academy.homePage.initilizedriver(homePage.java:22)
	at Academy.homePage.initilizedriver(homePage.java:22)
	at Academy.homePage.initilizedriver(homePage.java:22)
	at Academy.homePage.initilizedriver(homePage.java:22)
	at Academy.homePage.initilizedriver(homePage.java:22)
	at Academy.homePage.initilizedriver(homePage.java:22)
	at Academy.homePage.initilizedriver(homePage.java:22)
	at Academy.homePage.initilizedriver(homePage.java:22)
	at Academy.homePage.initilizedriver(homePage.java:22)
	at Academy.homePage.initilizedriver(homePage.java:22)
	at Academy.homePage.initilizedriver(homePage.java:22)
	at Academy.homePage.initilizedriver(homePage.java:22)
	at Academy.homePage.initilizedriver(homePage.java:22)
	at Academy.homePage.initilizedriver(homePage.java:22)
	at Academy.homePage.initilizedriver(homePage.java:22)
	at Academy.homePage.initilizedriver(homePage.java:22)
	at Academy.homePage.initilizedriver(homePage.java:22)
	at Academy.homePage.initilizedriver(homePage.java:22)
	at Academy.homePage.initilizedriver(homePage.java:22)
	at Academy.homePage.initilizedriver(homePage.java:22)
	at Academy.homePage.initilizedriver(homePage.java:22)
	at Academy.homePage.initilizedriver(homePage.java:22)
	at Academy.homePage.initilizedriver(homePage.java:22)
	at Academy.homePage.initilizedriver(homePage.java:22)
	at Academy.homePage.initilizedriver(homePage.java:22)
	at Academy.homePage.initilizedriver(homePage.java:22)
	at Academy.homePage.initilizedriver(homePage.java:22)
	at Academy.homePage.initilizedriver(homePage.java:22)
	at Academy.homePage.initilizedriver(homePage.java:22)
	at Academy.homePage.initilizedriver(homePage.java:22)
	at Academy.homePage.initilizedriver(homePage.java:22)
	at Academy.homePage.initilizedriver(homePage.java:22)
	at Academy.homePage.initilizedriver(homePage.java:22)
	at Academy.homePage.initilizedriver(homePage.java:22)
	at Academy.homePage.initilizedriver(homePage.java:22)
	at Academy.homePage.initilizedriver(homePage.java:22)
	at Academy.homePage.initilizedriver(homePage.java:22)
]]></failure>
  </testcase>
  <testcase name="basepagenavigation" classname="Academy.homePage" time="0">
    <skipped/>
  </testcase>
  <testcase name="teardown" classname="Academy.homePage" time="0">
    <skipped/>
  </testcase>
</testsuite>