<?xml version="1.0" encoding="UTF-8"?>
<testng-results skipped="1" failed="2" ignored="0" total="3" passed="0">
  <reporter-output>
  </reporter-output>
  <suite name="Suite" duration-ms="36296" started-at="2020-06-18T10:59:40Z" finished-at="2020-06-18T11:00:17Z">
    <groups>
    </groups>
    <test name="FailureTest" duration-ms="23505" started-at="2020-06-18T10:59:40Z" finished-at="2020-06-18T11:00:04Z">
      <class name="Academy.FailureTest">
        <test-method status="PASS" signature="initilizedriver()[pri:0, instance:Academy.FailureTest@6b143ee9]" name="initilizedriver" is-config="true" duration-ms="7974" started-at="2020-06-18T10:59:40Z" finished-at="2020-06-18T10:59:48Z">
          <reporter-output>
          </reporter-output>
        </test-method> <!-- initilizedriver -->
        <test-method status="FAIL" signature="basepagenavigation()[pri:0, instance:Academy.FailureTest@6b143ee9]" name="basepagenavigation" duration-ms="10072" started-at="2020-06-18T10:59:48Z" finished-at="2020-06-18T10:59:58Z">
          <exception class="org.openqa.selenium.NoSuchElementException">
            <message>
              <![CDATA[no such element: Unable to locate element: {"method":"xpath","selector":"dummypath"}
  (Session info: chrome=83.0.4103.97)
For documentation on this error, please visit: https://www.seleniumhq.org/exceptions/no_such_element.html
Build info: version: '3.141.59', revision: 'e82be7d358', time: '2018-11-14T08:17:03'
System info: host: 'DESKTOP-97D7SMM', ip: '192.168.0.67', os.name: 'Windows 10', os.arch: 'amd64', os.version: '10.0', java.version: '1.8.0_241'
Driver info: org.openqa.selenium.chrome.ChromeDriver
Capabilities {acceptInsecureCerts: false, browserName: chrome, browserVersion: 83.0.4103.97, chrome: {chromedriverVersion: 83.0.4103.39 (ccbf011cb2d2b..., userDataDir: C:\Users\Nadh\AppData\Local...}, goog:chromeOptions: {debuggerAddress: localhost:56145}, javascriptEnabled: true, networkConnectionEnabled: false, pageLoadStrategy: normal, platform: WINDOWS, platformName: WINDOWS, proxy: Proxy(), setWindowRect: true, strictFileInteractability: false, timeouts: {implicit: 0, pageLoad: 300000, script: 30000}, unhandledPromptBehavior: dismiss and notify, webauthn:virtualAuthenticators: true}
Session ID: b2291d6af73b266839c1adcf5060b75e
*** Element info: {Using=xpath, value=dummypath}]]>
            </message>
            <full-stacktrace>
              <![CDATA[org.openqa.selenium.NoSuchElementException: no such element: Unable to locate element: {"method":"xpath","selector":"dummypath"}
  (Session info: chrome=83.0.4103.97)
For documentation on this error, please visit: https://www.seleniumhq.org/exceptions/no_such_element.html
Build info: version: '3.141.59', revision: 'e82be7d358', time: '2018-11-14T08:17:03'
System info: host: 'DESKTOP-97D7SMM', ip: '192.168.0.67', os.name: 'Windows 10', os.arch: 'amd64', os.version: '10.0', java.version: '1.8.0_241'
Driver info: org.openqa.selenium.chrome.ChromeDriver
Capabilities {acceptInsecureCerts: false, browserName: chrome, browserVersion: 83.0.4103.97, chrome: {chromedriverVersion: 83.0.4103.39 (ccbf011cb2d2b..., userDataDir: C:\Users\Nadh\AppData\Local...}, goog:chromeOptions: {debuggerAddress: localhost:56145}, javascriptEnabled: true, networkConnectionEnabled: false, pageLoadStrategy: normal, platform: WINDOWS, platformName: WINDOWS, proxy: Proxy(), setWindowRect: true, strictFileInteractability: false, timeouts: {implicit: 0, pageLoad: 300000, script: 30000}, unhandledPromptBehavior: dismiss and notify, webauthn:virtualAuthenticators: true}
Session ID: b2291d6af73b266839c1adcf5060b75e
*** Element info: {Using=xpath, value=dummypath}
at sun.reflect.NativeConstructorAccessorImpl.newInstance0(Native Method)
at sun.reflect.NativeConstructorAccessorImpl.newInstance(NativeConstructorAccessorImpl.java:62)
at sun.reflect.DelegatingConstructorAccessorImpl.newInstance(DelegatingConstructorAccessorImpl.java:45)
at java.lang.reflect.Constructor.newInstance(Constructor.java:423)
at org.openqa.selenium.remote.http.W3CHttpResponseCodec.createException(W3CHttpResponseCodec.java:187)
at org.openqa.selenium.remote.http.W3CHttpResponseCodec.decode(W3CHttpResponseCodec.java:122)
at org.openqa.selenium.remote.http.W3CHttpResponseCodec.decode(W3CHttpResponseCodec.java:49)
at org.openqa.selenium.remote.HttpCommandExecutor.execute(HttpCommandExecutor.java:158)
at org.openqa.selenium.remote.service.DriverCommandExecutor.execute(DriverCommandExecutor.java:83)
at org.openqa.selenium.remote.RemoteWebDriver.execute(RemoteWebDriver.java:552)
at org.openqa.selenium.remote.RemoteWebDriver.findElement(RemoteWebDriver.java:323)
at org.openqa.selenium.remote.RemoteWebDriver.findElementByXPath(RemoteWebDriver.java:428)
at org.openqa.selenium.By$ByXPath.findElement(By.java:353)
at org.openqa.selenium.remote.RemoteWebDriver.findElement(RemoteWebDriver.java:315)
at Academy.FailureTest.basepagenavigation(FailureTest.java:35)
at sun.reflect.NativeMethodAccessorImpl.invoke0(Native Method)
at sun.reflect.NativeMethodAccessorImpl.invoke(NativeMethodAccessorImpl.java:62)
at sun.reflect.DelegatingMethodAccessorImpl.invoke(DelegatingMethodAccessorImpl.java:43)
at java.lang.reflect.Method.invoke(Method.java:498)
at org.testng.internal.MethodInvocationHelper.invokeMethod(MethodInvocationHelper.java:124)
at org.testng.internal.Invoker.invokeMethod(Invoker.java:583)
at org.testng.internal.Invoker.invokeTestMethod(Invoker.java:719)
at org.testng.internal.Invoker.invokeTestMethods(Invoker.java:989)
at org.testng.internal.TestMethodWorker.invokeTestMethods(TestMethodWorker.java:125)
at org.testng.internal.TestMethodWorker.run(TestMethodWorker.java:109)
at org.testng.TestRunner.privateRun(TestRunner.java:648)
at org.testng.TestRunner.run(TestRunner.java:505)
at org.testng.SuiteRunner.runTest(SuiteRunner.java:455)
at org.testng.SuiteRunner.runSequentially(SuiteRunner.java:450)
at org.testng.SuiteRunner.privateRun(SuiteRunner.java:415)
at org.testng.SuiteRunner.run(SuiteRunner.java:364)
at org.testng.SuiteRunnerWorker.runSuite(SuiteRunnerWorker.java:52)
at org.testng.SuiteRunnerWorker.run(SuiteRunnerWorker.java:84)
at org.testng.TestNG.runSuitesSequentially(TestNG.java:1208)
at org.testng.TestNG.runSuitesLocally(TestNG.java:1137)
at org.testng.TestNG.runSuites(TestNG.java:1049)
at org.testng.TestNG.run(TestNG.java:1017)
at org.apache.maven.surefire.testng.TestNGExecutor.run(TestNGExecutor.java:283)
at org.apache.maven.surefire.testng.TestNGXmlTestSuite.execute(TestNGXmlTestSuite.java:75)
at org.apache.maven.surefire.testng.TestNGProvider.invoke(TestNGProvider.java:120)
at org.apache.maven.surefire.booter.ForkedBooter.runSuitesInProcess(ForkedBooter.java:377)
at org.apache.maven.surefire.booter.ForkedBooter.execute(ForkedBooter.java:138)
at org.apache.maven.surefire.booter.ForkedBooter.run(ForkedBooter.java:465)
at org.apache.maven.surefire.booter.ForkedBooter.main(ForkedBooter.java:451)
]]>
            </full-stacktrace>
          </exception> <!-- org.openqa.selenium.NoSuchElementException -->
          <reporter-output>
          </reporter-output>
        </test-method> <!-- basepagenavigation -->
        <test-method status="PASS" signature="teardown()[pri:0, instance:Academy.FailureTest@6b143ee9]" name="teardown" is-config="true" duration-ms="4323" started-at="2020-06-18T10:59:59Z" finished-at="2020-06-18T11:00:04Z">
          <reporter-output>
          </reporter-output>
        </test-method> <!-- teardown -->
      </class> <!-- Academy.FailureTest -->
    </test> <!-- FailureTest -->
    <test name=" FailureTest2" duration-ms="12697" started-at="2020-06-18T11:00:04Z" finished-at="2020-06-18T11:00:16Z">
      <class name="Academy.FailureTest2">
        <test-method status="PASS" signature="initilizedriver()[pri:0, instance:Academy.FailureTest2@13a57a3b]" name="initilizedriver" is-config="true" duration-ms="7652" started-at="2020-06-18T11:00:04Z" finished-at="2020-06-18T11:00:11Z">
          <reporter-output>
          </reporter-output>
        </test-method> <!-- initilizedriver -->
        <test-method status="FAIL" signature="dummy()[pri:0, instance:Academy.FailureTest2@13a57a3b]" name="dummy" duration-ms="4127" started-at="2020-06-18T11:00:11Z" finished-at="2020-06-18T11:00:16Z">
          <exception class="org.openqa.selenium.NoSuchElementException">
            <message>
              <![CDATA[no such element: Unable to locate element: {"method":"xpath","selector":"dummy"}
  (Session info: chrome=83.0.4103.97)
For documentation on this error, please visit: https://www.seleniumhq.org/exceptions/no_such_element.html
Build info: version: '3.141.59', revision: 'e82be7d358', time: '2018-11-14T08:17:03'
System info: host: 'DESKTOP-97D7SMM', ip: '192.168.0.67', os.name: 'Windows 10', os.arch: 'amd64', os.version: '10.0', java.version: '1.8.0_241'
Driver info: org.openqa.selenium.chrome.ChromeDriver
Capabilities {acceptInsecureCerts: false, browserName: chrome, browserVersion: 83.0.4103.97, chrome: {chromedriverVersion: 83.0.4103.39 (ccbf011cb2d2b..., userDataDir: C:\Users\Nadh\AppData\Local...}, goog:chromeOptions: {debuggerAddress: localhost:56244}, javascriptEnabled: true, networkConnectionEnabled: false, pageLoadStrategy: normal, platform: WINDOWS, platformName: WINDOWS, proxy: Proxy(), setWindowRect: true, strictFileInteractability: false, timeouts: {implicit: 0, pageLoad: 300000, script: 30000}, unhandledPromptBehavior: dismiss and notify, webauthn:virtualAuthenticators: true}
Session ID: 93e74f5ab7078f00ebeb76b3b3ddcb06
*** Element info: {Using=xpath, value=dummy}]]>
            </message>
            <full-stacktrace>
              <![CDATA[org.openqa.selenium.NoSuchElementException: no such element: Unable to locate element: {"method":"xpath","selector":"dummy"}
  (Session info: chrome=83.0.4103.97)
For documentation on this error, please visit: https://www.seleniumhq.org/exceptions/no_such_element.html
Build info: version: '3.141.59', revision: 'e82be7d358', time: '2018-11-14T08:17:03'
System info: host: 'DESKTOP-97D7SMM', ip: '192.168.0.67', os.name: 'Windows 10', os.arch: 'amd64', os.version: '10.0', java.version: '1.8.0_241'
Driver info: org.openqa.selenium.chrome.ChromeDriver
Capabilities {acceptInsecureCerts: false, browserName: chrome, browserVersion: 83.0.4103.97, chrome: {chromedriverVersion: 83.0.4103.39 (ccbf011cb2d2b..., userDataDir: C:\Users\Nadh\AppData\Local...}, goog:chromeOptions: {debuggerAddress: localhost:56244}, javascriptEnabled: true, networkConnectionEnabled: false, pageLoadStrategy: normal, platform: WINDOWS, platformName: WINDOWS, proxy: Proxy(), setWindowRect: true, strictFileInteractability: false, timeouts: {implicit: 0, pageLoad: 300000, script: 30000}, unhandledPromptBehavior: dismiss and notify, webauthn:virtualAuthenticators: true}
Session ID: 93e74f5ab7078f00ebeb76b3b3ddcb06
*** Element info: {Using=xpath, value=dummy}
at sun.reflect.NativeConstructorAccessorImpl.newInstance0(Native Method)
at sun.reflect.NativeConstructorAccessorImpl.newInstance(NativeConstructorAccessorImpl.java:62)
at sun.reflect.DelegatingConstructorAccessorImpl.newInstance(DelegatingConstructorAccessorImpl.java:45)
at java.lang.reflect.Constructor.newInstance(Constructor.java:423)
at org.openqa.selenium.remote.http.W3CHttpResponseCodec.createException(W3CHttpResponseCodec.java:187)
at org.openqa.selenium.remote.http.W3CHttpResponseCodec.decode(W3CHttpResponseCodec.java:122)
at org.openqa.selenium.remote.http.W3CHttpResponseCodec.decode(W3CHttpResponseCodec.java:49)
at org.openqa.selenium.remote.HttpCommandExecutor.execute(HttpCommandExecutor.java:158)
at org.openqa.selenium.remote.service.DriverCommandExecutor.execute(DriverCommandExecutor.java:83)
at org.openqa.selenium.remote.RemoteWebDriver.execute(RemoteWebDriver.java:552)
at org.openqa.selenium.remote.RemoteWebDriver.findElement(RemoteWebDriver.java:323)
at org.openqa.selenium.remote.RemoteWebDriver.findElementByXPath(RemoteWebDriver.java:428)
at org.openqa.selenium.By$ByXPath.findElement(By.java:353)
at org.openqa.selenium.remote.RemoteWebDriver.findElement(RemoteWebDriver.java:315)
at Academy.FailureTest2.dummy(FailureTest2.java:31)
at sun.reflect.NativeMethodAccessorImpl.invoke0(Native Method)
at sun.reflect.NativeMethodAccessorImpl.invoke(NativeMethodAccessorImpl.java:62)
at sun.reflect.DelegatingMethodAccessorImpl.invoke(DelegatingMethodAccessorImpl.java:43)
at java.lang.reflect.Method.invoke(Method.java:498)
at org.testng.internal.MethodInvocationHelper.invokeMethod(MethodInvocationHelper.java:124)
at org.testng.internal.Invoker.invokeMethod(Invoker.java:583)
at org.testng.internal.Invoker.invokeTestMethod(Invoker.java:719)
at org.testng.internal.Invoker.invokeTestMethods(Invoker.java:989)
at org.testng.internal.TestMethodWorker.invokeTestMethods(TestMethodWorker.java:125)
at org.testng.internal.TestMethodWorker.run(TestMethodWorker.java:109)
at org.testng.TestRunner.privateRun(TestRunner.java:648)
at org.testng.TestRunner.run(TestRunner.java:505)
at org.testng.SuiteRunner.runTest(SuiteRunner.java:455)
at org.testng.SuiteRunner.runSequentially(SuiteRunner.java:450)
at org.testng.SuiteRunner.privateRun(SuiteRunner.java:415)
at org.testng.SuiteRunner.run(SuiteRunner.java:364)
at org.testng.SuiteRunnerWorker.runSuite(SuiteRunnerWorker.java:52)
at org.testng.SuiteRunnerWorker.run(SuiteRunnerWorker.java:84)
at org.testng.TestNG.runSuitesSequentially(TestNG.java:1208)
at org.testng.TestNG.runSuitesLocally(TestNG.java:1137)
at org.testng.TestNG.runSuites(TestNG.java:1049)
at org.testng.TestNG.run(TestNG.java:1017)
at org.apache.maven.surefire.testng.TestNGExecutor.run(TestNGExecutor.java:283)
at org.apache.maven.surefire.testng.TestNGXmlTestSuite.execute(TestNGXmlTestSuite.java:75)
at org.apache.maven.surefire.testng.TestNGProvider.invoke(TestNGProvider.java:120)
at org.apache.maven.surefire.booter.ForkedBooter.runSuitesInProcess(ForkedBooter.java:377)
at org.apache.maven.surefire.booter.ForkedBooter.execute(ForkedBooter.java:138)
at org.apache.maven.surefire.booter.ForkedBooter.run(ForkedBooter.java:465)
at org.apache.maven.surefire.booter.ForkedBooter.main(ForkedBooter.java:451)
]]>
            </full-stacktrace>
          </exception> <!-- org.openqa.selenium.NoSuchElementException -->
          <reporter-output>
          </reporter-output>
        </test-method> <!-- dummy -->
      </class> <!-- Academy.FailureTest2 -->
    </test> <!--  FailureTest2 -->
    <test name="Academy.homePage" duration-ms="14" started-at="2020-06-18T11:00:17Z" finished-at="2020-06-18T11:00:17Z">
      <class name="Academy.homePage">
        <test-method status="FAIL" signature="initilizedriver()[pri:0, instance:Academy.homePage@5cc7c2a6]" name="initilizedriver" is-config="true" duration-ms="2" started-at="2020-06-18T11:00:17Z" finished-at="2020-06-18T11:00:17Z">
          <exception class="java.lang.StackOverflowError">
            <full-stacktrace>
              <![CDATA[java.lang.StackOverflowError
at Academy.homePage.initilizedriver(homePage.java:22)
at Academy.homePage.initilizedriver(homePage.java:22)
at Academy.homePage.initilizedriver(homePage.java:22)
at Academy.homePage.initilizedriver(homePage.java:22)
at Academy.homePage.initilizedriver(homePage.java:22)
at Academy.homePage.initilizedriver(homePage.java:22)
at Academy.homePage.initilizedriver(homePage.java:22)
at Academy.homePage.initilizedriver(homePage.java:22)
at Academy.homePage.initilizedriver(homePage.java:22)
at Academy.homePage.initilizedriver(homePage.java:22)
at Academy.homePage.initilizedriver(homePage.java:22)
at Academy.homePage.initilizedriver(homePage.java:22)
at Academy.homePage.initilizedriver(homePage.java:22)
at Academy.homePage.initilizedriver(homePage.java:22)
at Academy.homePage.initilizedriver(homePage.java:22)
at Academy.homePage.initilizedriver(homePage.java:22)
at Academy.homePage.initilizedriver(homePage.java:22)
at Academy.homePage.initilizedriver(homePage.java:22)
at Academy.homePage.initilizedriver(homePage.java:22)
at Academy.homePage.initilizedriver(homePage.java:22)
at Academy.homePage.initilizedriver(homePage.java:22)
at Academy.homePage.initilizedriver(homePage.java:22)
at Academy.homePage.initilizedriver(homePage.java:22)
at Academy.homePage.initilizedriver(homePage.java:22)
at Academy.homePage.initilizedriver(homePage.java:22)
at Academy.homePage.initilizedriver(homePage.java:22)
at Academy.homePage.initilizedriver(homePage.java:22)
at Academy.homePage.initilizedriver(homePage.java:22)
at Academy.homePage.initilizedriver(homePage.java:22)
at Academy.homePage.initilizedriver(homePage.java:22)
at Academy.homePage.initilizedriver(homePage.java:22)
at Academy.homePage.initilizedriver(homePage.java:22)
at Academy.homePage.initilizedriver(homePage.java:22)
at Academy.homePage.initilizedriver(homePage.java:22)
at Academy.homePage.initilizedriver(homePage.java:22)
at Academy.homePage.initilizedriver(homePage.java:22)
at Academy.homePage.initilizedriver(homePage.java:22)
at Academy.homePage.initilizedriver(homePage.java:22)
at Academy.homePage.initilizedriver(homePage.java:22)
at Academy.homePage.initilizedriver(homePage.java:22)
at Academy.homePage.initilizedriver(homePage.java:22)
at Academy.homePage.initilizedriver(homePage.java:22)
at Academy.homePage.initilizedriver(homePage.java:22)
at Academy.homePage.initilizedriver(homePage.java:22)
at Academy.homePage.initilizedriver(homePage.java:22)
at Academy.homePage.initilizedriver(homePage.java:22)
at Academy.homePage.initilizedriver(homePage.java:22)
at Academy.homePage.initilizedriver(homePage.java:22)
at Academy.homePage.initilizedriver(homePage.java:22)
at Academy.homePage.initilizedriver(homePage.java:22)
at Academy.homePage.initilizedriver(homePage.java:22)
at Academy.homePage.initilizedriver(homePage.java:22)
at Academy.homePage.initilizedriver(homePage.java:22)
at Academy.homePage.initilizedriver(homePage.java:22)
at Academy.homePage.initilizedriver(homePage.java:22)
at Academy.homePage.initilizedriver(homePage.java:22)
at Academy.homePage.initilizedriver(homePage.java:22)
at Academy.homePage.initilizedriver(homePage.java:22)
at Academy.homePage.initilizedriver(homePage.java:22)
at Academy.homePage.initilizedriver(homePage.java:22)
at Academy.homePage.initilizedriver(homePage.java:22)
at Academy.homePage.initilizedriver(homePage.java:22)
at Academy.homePage.initilizedriver(homePage.java:22)
at Academy.homePage.initilizedriver(homePage.java:22)
at Academy.homePage.initilizedriver(homePage.java:22)
at Academy.homePage.initilizedriver(homePage.java:22)
at Academy.homePage.initilizedriver(homePage.java:22)
at Academy.homePage.initilizedriver(homePage.java:22)
at Academy.homePage.initilizedriver(homePage.java:22)
at Academy.homePage.initilizedriver(homePage.java:22)
at Academy.homePage.initilizedriver(homePage.java:22)
at Academy.homePage.initilizedriver(homePage.java:22)
at Academy.homePage.initilizedriver(homePage.java:22)
at Academy.homePage.initilizedriver(homePage.java:22)
at Academy.homePage.initilizedriver(homePage.java:22)
at Academy.homePage.initilizedriver(homePage.java:22)
at Academy.homePage.initilizedriver(homePage.java:22)
at Academy.homePage.initilizedriver(homePage.java:22)
at Academy.homePage.initilizedriver(homePage.java:22)
at Academy.homePage.initilizedriver(homePage.java:22)
at Academy.homePage.initilizedriver(homePage.java:22)
at Academy.homePage.initilizedriver(homePage.java:22)
at Academy.homePage.initilizedriver(homePage.java:22)
at Academy.homePage.initilizedriver(homePage.java:22)
at Academy.homePage.initilizedriver(homePage.java:22)
at Academy.homePage.initilizedriver(homePage.java:22)
at Academy.homePage.initilizedriver(homePage.java:22)
at Academy.homePage.initilizedriver(homePage.java:22)
at Academy.homePage.initilizedriver(homePage.java:22)
at Academy.homePage.initilizedriver(homePage.java:22)
at Academy.homePage.initilizedriver(homePage.java:22)
at Academy.homePage.initilizedriver(homePage.java:22)
at Academy.homePage.initilizedriver(homePage.java:22)
at Academy.homePage.initilizedriver(homePage.java:22)
at Academy.homePage.initilizedriver(homePage.java:22)
at Academy.homePage.initilizedriver(homePage.java:22)
at Academy.homePage.initilizedriver(homePage.java:22)
at Academy.homePage.initilizedriver(homePage.java:22)
at Academy.homePage.initilizedriver(homePage.java:22)
at Academy.homePage.initilizedriver(homePage.java:22)
at Academy.homePage.initilizedriver(homePage.java:22)
at Academy.homePage.initilizedriver(homePage.java:22)
at Academy.homePage.initilizedriver(homePage.java:22)
at Academy.homePage.initilizedriver(homePage.java:22)
at Academy.homePage.initilizedriver(homePage.java:22)
at Academy.homePage.initilizedriver(homePage.java:22)
at Academy.homePage.initilizedriver(homePage.java:22)
at Academy.homePage.initilizedriver(homePage.java:22)
at Academy.homePage.initilizedriver(homePage.java:22)
at Academy.homePage.initilizedriver(homePage.java:22)
at Academy.homePage.initilizedriver(homePage.java:22)
at Academy.homePage.initilizedriver(homePage.java:22)
at Academy.homePage.initilizedriver(homePage.java:22)
at Academy.homePage.initilizedriver(homePage.java:22)
at Academy.homePage.initilizedriver(homePage.java:22)
at Academy.homePage.initilizedriver(homePage.java:22)
at Academy.homePage.initilizedriver(homePage.java:22)
at Academy.homePage.initilizedriver(homePage.java:22)
at Academy.homePage.initilizedriver(homePage.java:22)
at Academy.homePage.initilizedriver(homePage.java:22)
at Academy.homePage.initilizedriver(homePage.java:22)
at Academy.homePage.initilizedriver(homePage.java:22)
at Academy.homePage.initilizedriver(homePage.java:22)
at Academy.homePage.initilizedriver(homePage.java:22)
at Academy.homePage.initilizedriver(homePage.java:22)
at Academy.homePage.initilizedriver(homePage.java:22)
at Academy.homePage.initilizedriver(homePage.java:22)
at Academy.homePage.initilizedriver(homePage.java:22)
at Academy.homePage.initilizedriver(homePage.java:22)
at Academy.homePage.initilizedriver(homePage.java:22)
at Academy.homePage.initilizedriver(homePage.java:22)
at Academy.homePage.initilizedriver(homePage.java:22)
at Academy.homePage.initilizedriver(homePage.java:22)
at Academy.homePage.initilizedriver(homePage.java:22)
at Academy.homePage.initilizedriver(homePage.java:22)
at Academy.homePage.initilizedriver(homePage.java:22)
at Academy.homePage.initilizedriver(homePage.java:22)
at Academy.homePage.initilizedriver(homePage.java:22)
at Academy.homePage.initilizedriver(homePage.java:22)
at Academy.homePage.initilizedriver(homePage.java:22)
at Academy.homePage.initilizedriver(homePage.java:22)
at Academy.homePage.initilizedriver(homePage.java:22)
at Academy.homePage.initilizedriver(homePage.java:22)
at Academy.homePage.initilizedriver(homePage.java:22)
at Academy.homePage.initilizedriver(homePage.java:22)
at Academy.homePage.initilizedriver(homePage.java:22)
at Academy.homePage.initilizedriver(homePage.java:22)
at Academy.homePage.initilizedriver(homePage.java:22)
at Academy.homePage.initilizedriver(homePage.java:22)
at Academy.homePage.initilizedriver(homePage.java:22)
at Academy.homePage.initilizedriver(homePage.java:22)
at Academy.homePage.initilizedriver(homePage.java:22)
at Academy.homePage.initilizedriver(homePage.java:22)
at Academy.homePage.initilizedriver(homePage.java:22)
at Academy.homePage.initilizedriver(homePage.java:22)
at Academy.homePage.initilizedriver(homePage.java:22)
at Academy.homePage.initilizedriver(homePage.java:22)
at Academy.homePage.initilizedriver(homePage.java:22)
at Academy.homePage.initilizedriver(homePage.java:22)
at Academy.homePage.initilizedriver(homePage.java:22)
at Academy.homePage.initilizedriver(homePage.java:22)
at Academy.homePage.initilizedriver(homePage.java:22)
at Academy.homePage.initilizedriver(homePage.java:22)
at Academy.homePage.initilizedriver(homePage.java:22)
at Academy.homePage.initilizedriver(homePage.java:22)
at Academy.homePage.initilizedriver(homePage.java:22)
at Academy.homePage.initilizedriver(homePage.java:22)
at Academy.homePage.initilizedriver(homePage.java:22)
at Academy.homePage.initilizedriver(homePage.java:22)
at Academy.homePage.initilizedriver(homePage.java:22)
at Academy.homePage.initilizedriver(homePage.java:22)
at Academy.homePage.initilizedriver(homePage.java:22)
at Academy.homePage.initilizedriver(homePage.java:22)
at Academy.homePage.initilizedriver(homePage.java:22)
at Academy.homePage.initilizedriver(homePage.java:22)
at Academy.homePage.initilizedriver(homePage.java:22)
at Academy.homePage.initilizedriver(homePage.java:22)
at Academy.homePage.initilizedriver(homePage.java:22)
at Academy.homePage.initilizedriver(homePage.java:22)
at Academy.homePage.initilizedriver(homePage.java:22)
at Academy.homePage.initilizedriver(homePage.java:22)
at Academy.homePage.initilizedriver(homePage.java:22)
at Academy.homePage.initilizedriver(homePage.java:22)
at Academy.homePage.initilizedriver(homePage.java:22)
at Academy.homePage.initilizedriver(homePage.java:22)
at Academy.homePage.initilizedriver(homePage.java:22)
at Academy.homePage.initilizedriver(homePage.java:22)
at Academy.homePage.initilizedriver(homePage.java:22)
at Academy.homePage.initilizedriver(homePage.java:22)
at Academy.homePage.initilizedriver(homePage.java:22)
at Academy.homePage.initilizedriver(homePage.java:22)
at Academy.homePage.initilizedriver(homePage.java:22)
at Academy.homePage.initilizedriver(homePage.java:22)
at Academy.homePage.initilizedriver(homePage.java:22)
at Academy.homePage.initilizedriver(homePage.java:22)
at Academy.homePage.initilizedriver(homePage.java:22)
at Academy.homePage.initilizedriver(homePage.java:22)
at Academy.homePage.initilizedriver(homePage.java:22)
at Academy.homePage.initilizedriver(homePage.java:22)
at Academy.homePage.initilizedriver(homePage.java:22)
at Academy.homePage.initilizedriver(homePage.java:22)
at Academy.homePage.initilizedriver(homePage.java:22)
at Academy.homePage.initilizedriver(homePage.java:22)
at Academy.homePage.initilizedriver(homePage.java:22)
at Academy.homePage.initilizedriver(homePage.java:22)
at Academy.homePage.initilizedriver(homePage.java:22)
at Academy.homePage.initilizedriver(homePage.java:22)
at Academy.homePage.initilizedriver(homePage.java:22)
at Academy.homePage.initilizedriver(homePage.java:22)
at Academy.homePage.initilizedriver(homePage.java:22)
at Academy.homePage.initilizedriver(homePage.java:22)
at Academy.homePage.initilizedriver(homePage.java:22)
at Academy.homePage.initilizedriver(homePage.java:22)
at Academy.homePage.initilizedriver(homePage.java:22)
at Academy.homePage.initilizedriver(homePage.java:22)
at Academy.homePage.initilizedriver(homePage.java:22)
at Academy.homePage.initilizedriver(homePage.java:22)
at Academy.homePage.initilizedriver(homePage.java:22)
at Academy.homePage.initilizedriver(homePage.java:22)
at Academy.homePage.initilizedriver(homePage.java:22)
at Academy.homePage.initilizedriver(homePage.java:22)
at Academy.homePage.initilizedriver(homePage.java:22)
at Academy.homePage.initilizedriver(homePage.java:22)
at Academy.homePage.initilizedriver(homePage.java:22)
at Academy.homePage.initilizedriver(homePage.java:22)
at Academy.homePage.initilizedriver(homePage.java:22)
at Academy.homePage.initilizedriver(homePage.java:22)
at Academy.homePage.initilizedriver(homePage.java:22)
at Academy.homePage.initilizedriver(homePage.java:22)
at Academy.homePage.initilizedriver(homePage.java:22)
at Academy.homePage.initilizedriver(homePage.java:22)
at Academy.homePage.initilizedriver(homePage.java:22)
at Academy.homePage.initilizedriver(homePage.java:22)
at Academy.homePage.initilizedriver(homePage.java:22)
at Academy.homePage.initilizedriver(homePage.java:22)
at Academy.homePage.initilizedriver(homePage.java:22)
at Academy.homePage.initilizedriver(homePage.java:22)
at Academy.homePage.initilizedriver(homePage.java:22)
at Academy.homePage.initilizedriver(homePage.java:22)
at Academy.homePage.initilizedriver(homePage.java:22)
at Academy.homePage.initilizedriver(homePage.java:22)
at Academy.homePage.initilizedriver(homePage.java:22)
at Academy.homePage.initilizedriver(homePage.java:22)
at Academy.homePage.initilizedriver(homePage.java:22)
at Academy.homePage.initilizedriver(homePage.java:22)
at Academy.homePage.initilizedriver(homePage.java:22)
at Academy.homePage.initilizedriver(homePage.java:22)
at Academy.homePage.initilizedriver(homePage.java:22)
at Academy.homePage.initilizedriver(homePage.java:22)
at Academy.homePage.initilizedriver(homePage.java:22)
at Academy.homePage.initilizedriver(homePage.java:22)
at Academy.homePage.initilizedriver(homePage.java:22)
at Academy.homePage.initilizedriver(homePage.java:22)
at Academy.homePage.initilizedriver(homePage.java:22)
at Academy.homePage.initilizedriver(homePage.java:22)
at Academy.homePage.initilizedriver(homePage.java:22)
at Academy.homePage.initilizedriver(homePage.java:22)
at Academy.homePage.initilizedriver(homePage.java:22)
at Academy.homePage.initilizedriver(homePage.java:22)
at Academy.homePage.initilizedriver(homePage.java:22)
at Academy.homePage.initilizedriver(homePage.java:22)
at Academy.homePage.initilizedriver(homePage.java:22)
at Academy.homePage.initilizedriver(homePage.java:22)
at Academy.homePage.initilizedriver(homePage.java:22)
at Academy.homePage.initilizedriver(homePage.java:22)
at Academy.homePage.initilizedriver(homePage.java:22)
at Academy.homePage.initilizedriver(homePage.java:22)
at Academy.homePage.initilizedriver(homePage.java:22)
at Academy.homePage.initilizedriver(homePage.java:22)
at Academy.homePage.initilizedriver(homePage.java:22)
at Academy.homePage.initilizedriver(homePage.java:22)
at Academy.homePage.initilizedriver(homePage.java:22)
at Academy.homePage.initilizedriver(homePage.java:22)
at Academy.homePage.initilizedriver(homePage.java:22)
at Academy.homePage.initilizedriver(homePage.java:22)
at Academy.homePage.initilizedriver(homePage.java:22)
at Academy.homePage.initilizedriver(homePage.java:22)
at Academy.homePage.initilizedriver(homePage.java:22)
at Academy.homePage.initilizedriver(homePage.java:22)
at Academy.homePage.initilizedriver(homePage.java:22)
at Academy.homePage.initilizedriver(homePage.java:22)
at Academy.homePage.initilizedriver(homePage.java:22)
at Academy.homePage.initilizedriver(homePage.java:22)
at Academy.homePage.initilizedriver(homePage.java:22)
at Academy.homePage.initilizedriver(homePage.java:22)
at Academy.homePage.initilizedriver(homePage.java:22)
at Academy.homePage.initilizedriver(homePage.java:22)
at Academy.homePage.initilizedriver(homePage.java:22)
at Academy.homePage.initilizedriver(homePage.java:22)
at Academy.homePage.initilizedriver(homePage.java:22)
at Academy.homePage.initilizedriver(homePage.java:22)
at Academy.homePage.initilizedriver(homePage.java:22)
at Academy.homePage.initilizedriver(homePage.java:22)
at Academy.homePage.initilizedriver(homePage.java:22)
at Academy.homePage.initilizedriver(homePage.java:22)
at Academy.homePage.initilizedriver(homePage.java:22)
at Academy.homePage.initilizedriver(homePage.java:22)
at Academy.homePage.initilizedriver(homePage.java:22)
at Academy.homePage.initilizedriver(homePage.java:22)
at Academy.homePage.initilizedriver(homePage.java:22)
at Academy.homePage.initilizedriver(homePage.java:22)
at Academy.homePage.initilizedriver(homePage.java:22)
at Academy.homePage.initilizedriver(homePage.java:22)
at Academy.homePage.initilizedriver(homePage.java:22)
at Academy.homePage.initilizedriver(homePage.java:22)
at Academy.homePage.initilizedriver(homePage.java:22)
at Academy.homePage.initilizedriver(homePage.java:22)
at Academy.homePage.initilizedriver(homePage.java:22)
at Academy.homePage.initilizedriver(homePage.java:22)
at Academy.homePage.initilizedriver(homePage.java:22)
at Academy.homePage.initilizedriver(homePage.java:22)
at Academy.homePage.initilizedriver(homePage.java:22)
at Academy.homePage.initilizedriver(homePage.java:22)
at Academy.homePage.initilizedriver(homePage.java:22)
at Academy.homePage.initilizedriver(homePage.java:22)
at Academy.homePage.initilizedriver(homePage.java:22)
at Academy.homePage.initilizedriver(homePage.java:22)
at Academy.homePage.initilizedriver(homePage.java:22)
at Academy.homePage.initilizedriver(homePage.java:22)
at Academy.homePage.initilizedriver(homePage.java:22)
at Academy.homePage.initilizedriver(homePage.java:22)
at Academy.homePage.initilizedriver(homePage.java:22)
at Academy.homePage.initilizedriver(homePage.java:22)
at Academy.homePage.initilizedriver(homePage.java:22)
at Academy.homePage.initilizedriver(homePage.java:22)
at Academy.homePage.initilizedriver(homePage.java:22)
at Academy.homePage.initilizedriver(homePage.java:22)
at Academy.homePage.initilizedriver(homePage.java:22)
at Academy.homePage.initilizedriver(homePage.java:22)
at Academy.homePage.initilizedriver(homePage.java:22)
at Academy.homePage.initilizedriver(homePage.java:22)
at Academy.homePage.initilizedriver(homePage.java:22)
at Academy.homePage.initilizedriver(homePage.java:22)
at Academy.homePage.initilizedriver(homePage.java:22)
at Academy.homePage.initilizedriver(homePage.java:22)
at Academy.homePage.initilizedriver(homePage.java:22)
at Academy.homePage.initilizedriver(homePage.java:22)
at Academy.homePage.initilizedriver(homePage.java:22)
at Academy.homePage.initilizedriver(homePage.java:22)
at Academy.homePage.initilizedriver(homePage.java:22)
at Academy.homePage.initilizedriver(homePage.java:22)
at Academy.homePage.initilizedriver(homePage.java:22)
at Academy.homePage.initilizedriver(homePage.java:22)
at Academy.homePage.initilizedriver(homePage.java:22)
at Academy.homePage.initilizedriver(homePage.java:22)
at Academy.homePage.initilizedriver(homePage.java:22)
at Academy.homePage.initilizedriver(homePage.java:22)
at Academy.homePage.initilizedriver(homePage.java:22)
at Academy.homePage.initilizedriver(homePage.java:22)
at Academy.homePage.initilizedriver(homePage.java:22)
at Academy.homePage.initilizedriver(homePage.java:22)
at Academy.homePage.initilizedriver(homePage.java:22)
at Academy.homePage.initilizedriver(homePage.java:22)
at Academy.homePage.initilizedriver(homePage.java:22)
at Academy.homePage.initilizedriver(homePage.java:22)
at Academy.homePage.initilizedriver(homePage.java:22)
at Academy.homePage.initilizedriver(homePage.java:22)
at Academy.homePage.initilizedriver(homePage.java:22)
at Academy.homePage.initilizedriver(homePage.java:22)
at Academy.homePage.initilizedriver(homePage.java:22)
at Academy.homePage.initilizedriver(homePage.java:22)
at Academy.homePage.initilizedriver(homePage.java:22)
at Academy.homePage.initilizedriver(homePage.java:22)
at Academy.homePage.initilizedriver(homePage.java:22)
at Academy.homePage.initilizedriver(homePage.java:22)
at Academy.homePage.initilizedriver(homePage.java:22)
at Academy.homePage.initilizedriver(homePage.java:22)
at Academy.homePage.initilizedriver(homePage.java:22)
at Academy.homePage.initilizedriver(homePage.java:22)
at Academy.homePage.initilizedriver(homePage.java:22)
at Academy.homePage.initilizedriver(homePage.java:22)
at Academy.homePage.initilizedriver(homePage.java:22)
at Academy.homePage.initilizedriver(homePage.java:22)
at Academy.homePage.initilizedriver(homePage.java:22)
at Academy.homePage.initilizedriver(homePage.java:22)
at Academy.homePage.initilizedriver(homePage.java:22)
at Academy.homePage.initilizedriver(homePage.java:22)
at Academy.homePage.initilizedriver(homePage.java:22)
at Academy.homePage.initilizedriver(homePage.java:22)
at Academy.homePage.initilizedriver(homePage.java:22)
at Academy.homePage.initilizedriver(homePage.java:22)
at Academy.homePage.initilizedriver(homePage.java:22)
at Academy.homePage.initilizedriver(homePage.java:22)
at Academy.homePage.initilizedriver(homePage.java:22)
at Academy.homePage.initilizedriver(homePage.java:22)
at Academy.homePage.initilizedriver(homePage.java:22)
at Academy.homePage.initilizedriver(homePage.java:22)
at Academy.homePage.initilizedriver(homePage.java:22)
at Academy.homePage.initilizedriver(homePage.java:22)
at Academy.homePage.initilizedriver(homePage.java:22)
at Academy.homePage.initilizedriver(homePage.java:22)
at Academy.homePage.initilizedriver(homePage.java:22)
at Academy.homePage.initilizedriver(homePage.java:22)
at Academy.homePage.initilizedriver(homePage.java:22)
at Academy.homePage.initilizedriver(homePage.java:22)
at Academy.homePage.initilizedriver(homePage.java:22)
at Academy.homePage.initilizedriver(homePage.java:22)
at Academy.homePage.initilizedriver(homePage.java:22)
at Academy.homePage.initilizedriver(homePage.java:22)
at Academy.homePage.initilizedriver(homePage.java:22)
at Academy.homePage.initilizedriver(homePage.java:22)
at Academy.homePage.initilizedriver(homePage.java:22)
at Academy.homePage.initilizedriver(homePage.java:22)
at Academy.homePage.initilizedriver(homePage.java:22)
at Academy.homePage.initilizedriver(homePage.java:22)
at Academy.homePage.initilizedriver(homePage.java:22)
at Academy.homePage.initilizedriver(homePage.java:22)
at Academy.homePage.initilizedriver(homePage.java:22)
at Academy.homePage.initilizedriver(homePage.java:22)
at Academy.homePage.initilizedriver(homePage.java:22)
at Academy.homePage.initilizedriver(homePage.java:22)
at Academy.homePage.initilizedriver(homePage.java:22)
at Academy.homePage.initilizedriver(homePage.java:22)
at Academy.homePage.initilizedriver(homePage.java:22)
at Academy.homePage.initilizedriver(homePage.java:22)
at Academy.homePage.initilizedriver(homePage.java:22)
at Academy.homePage.initilizedriver(homePage.java:22)
at Academy.homePage.initilizedriver(homePage.java:22)
at Academy.homePage.initilizedriver(homePage.java:22)
at Academy.homePage.initilizedriver(homePage.java:22)
at Academy.homePage.initilizedriver(homePage.java:22)
at Academy.homePage.initilizedriver(homePage.java:22)
at Academy.homePage.initilizedriver(homePage.java:22)
at Academy.homePage.initilizedriver(homePage.java:22)
at Academy.homePage.initilizedriver(homePage.java:22)
at Academy.homePage.initilizedriver(homePage.java:22)
at Academy.homePage.initilizedriver(homePage.java:22)
at Academy.homePage.initilizedriver(homePage.java:22)
at Academy.homePage.initilizedriver(homePage.java:22)
at Academy.homePage.initilizedriver(homePage.java:22)
at Academy.homePage.initilizedriver(homePage.java:22)
at Academy.homePage.initilizedriver(homePage.java:22)
at Academy.homePage.initilizedriver(homePage.java:22)
at Academy.homePage.initilizedriver(homePage.java:22)
at Academy.homePage.initilizedriver(homePage.java:22)
at Academy.homePage.initilizedriver(homePage.java:22)
at Academy.homePage.initilizedriver(homePage.java:22)
at Academy.homePage.initilizedriver(homePage.java:22)
at Academy.homePage.initilizedriver(homePage.java:22)
at Academy.homePage.initilizedriver(homePage.java:22)
at Academy.homePage.initilizedriver(homePage.java:22)
at Academy.homePage.initilizedriver(homePage.java:22)
at Academy.homePage.initilizedriver(homePage.java:22)
at Academy.homePage.initilizedriver(homePage.java:22)
at Academy.homePage.initilizedriver(homePage.java:22)
at Academy.homePage.initilizedriver(homePage.java:22)
at Academy.homePage.initilizedriver(homePage.java:22)
at Academy.homePage.initilizedriver(homePage.java:22)
at Academy.homePage.initilizedriver(homePage.java:22)
at Academy.homePage.initilizedriver(homePage.java:22)
at Academy.homePage.initilizedriver(homePage.java:22)
at Academy.homePage.initilizedriver(homePage.java:22)
at Academy.homePage.initilizedriver(homePage.java:22)
at Academy.homePage.initilizedriver(homePage.java:22)
at Academy.homePage.initilizedriver(homePage.java:22)
at Academy.homePage.initilizedriver(homePage.java:22)
at Academy.homePage.initilizedriver(homePage.java:22)
at Academy.homePage.initilizedriver(homePage.java:22)
at Academy.homePage.initilizedriver(homePage.java:22)
at Academy.homePage.initilizedriver(homePage.java:22)
at Academy.homePage.initilizedriver(homePage.java:22)
at Academy.homePage.initilizedriver(homePage.java:22)
at Academy.homePage.initilizedriver(homePage.java:22)
at Academy.homePage.initilizedriver(homePage.java:22)
at Academy.homePage.initilizedriver(homePage.java:22)
at Academy.homePage.initilizedriver(homePage.java:22)
at Academy.homePage.initilizedriver(homePage.java:22)
at Academy.homePage.initilizedriver(homePage.java:22)
at Academy.homePage.initilizedriver(homePage.java:22)
at Academy.homePage.initilizedriver(homePage.java:22)
at Academy.homePage.initilizedriver(homePage.java:22)
at Academy.homePage.initilizedriver(homePage.java:22)
at Academy.homePage.initilizedriver(homePage.java:22)
at Academy.homePage.initilizedriver(homePage.java:22)
at Academy.homePage.initilizedriver(homePage.java:22)
at Academy.homePage.initilizedriver(homePage.java:22)
at Academy.homePage.initilizedriver(homePage.java:22)
at Academy.homePage.initilizedriver(homePage.java:22)
at Academy.homePage.initilizedriver(homePage.java:22)
at Academy.homePage.initilizedriver(homePage.java:22)
at Academy.homePage.initilizedriver(homePage.java:22)
at Academy.homePage.initilizedriver(homePage.java:22)
at Academy.homePage.initilizedriver(homePage.java:22)
at Academy.homePage.initilizedriver(homePage.java:22)
at Academy.homePage.initilizedriver(homePage.java:22)
at Academy.homePage.initilizedriver(homePage.java:22)
at Academy.homePage.initilizedriver(homePage.java:22)
at Academy.homePage.initilizedriver(homePage.java:22)
at Academy.homePage.initilizedriver(homePage.java:22)
at Academy.homePage.initilizedriver(homePage.java:22)
at Academy.homePage.initilizedriver(homePage.java:22)
at Academy.homePage.initilizedriver(homePage.java:22)
at Academy.homePage.initilizedriver(homePage.java:22)
at Academy.homePage.initilizedriver(homePage.java:22)
at Academy.homePage.initilizedriver(homePage.java:22)
at Academy.homePage.initilizedriver(homePage.java:22)
at Academy.homePage.initilizedriver(homePage.java:22)
at Academy.homePage.initilizedriver(homePage.java:22)
at Academy.homePage.initilizedriver(homePage.java:22)
at Academy.homePage.initilizedriver(homePage.java:22)
at Academy.homePage.initilizedriver(homePage.java:22)
at Academy.homePage.initilizedriver(homePage.java:22)
at Academy.homePage.initilizedriver(homePage.java:22)
at Academy.homePage.initilizedriver(homePage.java:22)
at Academy.homePage.initilizedriver(homePage.java:22)
at Academy.homePage.initilizedriver(homePage.java:22)
at Academy.homePage.initilizedriver(homePage.java:22)
at Academy.homePage.initilizedriver(homePage.java:22)
at Academy.homePage.initilizedriver(homePage.java:22)
at Academy.homePage.initilizedriver(homePage.java:22)
at Academy.homePage.initilizedriver(homePage.java:22)
at Academy.homePage.initilizedriver(homePage.java:22)
at Academy.homePage.initilizedriver(homePage.java:22)
at Academy.homePage.initilizedriver(homePage.java:22)
at Academy.homePage.initilizedriver(homePage.java:22)
at Academy.homePage.initilizedriver(homePage.java:22)
at Academy.homePage.initilizedriver(homePage.java:22)
at Academy.homePage.initilizedriver(homePage.java:22)
at Academy.homePage.initilizedriver(homePage.java:22)
at Academy.homePage.initilizedriver(homePage.java:22)
at Academy.homePage.initilizedriver(homePage.java:22)
at Academy.homePage.initilizedriver(homePage.java:22)
at Academy.homePage.initilizedriver(homePage.java:22)
at Academy.homePage.initilizedriver(homePage.java:22)
at Academy.homePage.initilizedriver(homePage.java:22)
at Academy.homePage.initilizedriver(homePage.java:22)
at Academy.homePage.initilizedriver(homePage.java:22)
at Academy.homePage.initilizedriver(homePage.java:22)
at Academy.homePage.initilizedriver(homePage.java:22)
at Academy.homePage.initilizedriver(homePage.java:22)
at Academy.homePage.initilizedriver(homePage.java:22)
at Academy.homePage.initilizedriver(homePage.java:22)
at Academy.homePage.initilizedriver(homePage.java:22)
at Academy.homePage.initilizedriver(homePage.java:22)
at Academy.homePage.initilizedriver(homePage.java:22)
at Academy.homePage.initilizedriver(homePage.java:22)
at Academy.homePage.initilizedriver(homePage.java:22)
at Academy.homePage.initilizedriver(homePage.java:22)
at Academy.homePage.initilizedriver(homePage.java:22)
at Academy.homePage.initilizedriver(homePage.java:22)
at Academy.homePage.initilizedriver(homePage.java:22)
at Academy.homePage.initilizedriver(homePage.java:22)
at Academy.homePage.initilizedriver(homePage.java:22)
at Academy.homePage.initilizedriver(homePage.java:22)
at Academy.homePage.initilizedriver(homePage.java:22)
at Academy.homePage.initilizedriver(homePage.java:22)
at Academy.homePage.initilizedriver(homePage.java:22)
at Academy.homePage.initilizedriver(homePage.java:22)
at Academy.homePage.initilizedriver(homePage.java:22)
at Academy.homePage.initilizedriver(homePage.java:22)
at Academy.homePage.initilizedriver(homePage.java:22)
at Academy.homePage.initilizedriver(homePage.java:22)
at Academy.homePage.initilizedriver(homePage.java:22)
at Academy.homePage.initilizedriver(homePage.java:22)
at Academy.homePage.initilizedriver(homePage.java:22)
at Academy.homePage.initilizedriver(homePage.java:22)
at Academy.homePage.initilizedriver(homePage.java:22)
at Academy.homePage.initilizedriver(homePage.java:22)
at Academy.homePage.initilizedriver(homePage.java:22)
at Academy.homePage.initilizedriver(homePage.java:22)
at Academy.homePage.initilizedriver(homePage.java:22)
at Academy.homePage.initilizedriver(homePage.java:22)
at Academy.homePage.initilizedriver(homePage.java:22)
at Academy.homePage.initilizedriver(homePage.java:22)
at Academy.homePage.initilizedriver(homePage.java:22)
at Academy.homePage.initilizedriver(homePage.java:22)
at Academy.homePage.initilizedriver(homePage.java:22)
at Academy.homePage.initilizedriver(homePage.java:22)
at Academy.homePage.initilizedriver(homePage.java:22)
at Academy.homePage.initilizedriver(homePage.java:22)
at Academy.homePage.initilizedriver(homePage.java:22)
at Academy.homePage.initilizedriver(homePage.java:22)
at Academy.homePage.initilizedriver(homePage.java:22)
at Academy.homePage.initilizedriver(homePage.java:22)
at Academy.homePage.initilizedriver(homePage.java:22)
at Academy.homePage.initilizedriver(homePage.java:22)
at Academy.homePage.initilizedriver(homePage.java:22)
at Academy.homePage.initilizedriver(homePage.java:22)
at Academy.homePage.initilizedriver(homePage.java:22)
at Academy.homePage.initilizedriver(homePage.java:22)
at Academy.homePage.initilizedriver(homePage.java:22)
at Academy.homePage.initilizedriver(homePage.java:22)
at Academy.homePage.initilizedriver(homePage.java:22)
at Academy.homePage.initilizedriver(homePage.java:22)
at Academy.homePage.initilizedriver(homePage.java:22)
at Academy.homePage.initilizedriver(homePage.java:22)
at Academy.homePage.initilizedriver(homePage.java:22)
at Academy.homePage.initilizedriver(homePage.java:22)
at Academy.homePage.initilizedriver(homePage.java:22)
at Academy.homePage.initilizedriver(homePage.java:22)
at Academy.homePage.initilizedriver(homePage.java:22)
at Academy.homePage.initilizedriver(homePage.java:22)
at Academy.homePage.initilizedriver(homePage.java:22)
at Academy.homePage.initilizedriver(homePage.java:22)
at Academy.homePage.initilizedriver(homePage.java:22)
at Academy.homePage.initilizedriver(homePage.java:22)
at Academy.homePage.initilizedriver(homePage.java:22)
at Academy.homePage.initilizedriver(homePage.java:22)
at Academy.homePage.initilizedriver(homePage.java:22)
at Academy.homePage.initilizedriver(homePage.java:22)
at Academy.homePage.initilizedriver(homePage.java:22)
at Academy.homePage.initilizedriver(homePage.java:22)
at Academy.homePage.initilizedriver(homePage.java:22)
at Academy.homePage.initilizedriver(homePage.java:22)
at Academy.homePage.initilizedriver(homePage.java:22)
at Academy.homePage.initilizedriver(homePage.java:22)
at Academy.homePage.initilizedriver(homePage.java:22)
at Academy.homePage.initilizedriver(homePage.java:22)
at Academy.homePage.initilizedriver(homePage.java:22)
at Academy.homePage.initilizedriver(homePage.java:22)
at Academy.homePage.initilizedriver(homePage.java:22)
at Academy.homePage.initilizedriver(homePage.java:22)
at Academy.homePage.initilizedriver(homePage.java:22)
at Academy.homePage.initilizedriver(homePage.java:22)
at Academy.homePage.initilizedriver(homePage.java:22)
at Academy.homePage.initilizedriver(homePage.java:22)
at Academy.homePage.initilizedriver(homePage.java:22)
at Academy.homePage.initilizedriver(homePage.java:22)
at Academy.homePage.initilizedriver(homePage.java:22)
at Academy.homePage.initilizedriver(homePage.java:22)
at Academy.homePage.initilizedriver(homePage.java:22)
at Academy.homePage.initilizedriver(homePage.java:22)
at Academy.homePage.initilizedriver(homePage.java:22)
at Academy.homePage.initilizedriver(homePage.java:22)
at Academy.homePage.initilizedriver(homePage.java:22)
at Academy.homePage.initilizedriver(homePage.java:22)
at Academy.homePage.initilizedriver(homePage.java:22)
at Academy.homePage.initilizedriver(homePage.java:22)
at Academy.homePage.initilizedriver(homePage.java:22)
at Academy.homePage.initilizedriver(homePage.java:22)
at Academy.homePage.initilizedriver(homePage.java:22)
at Academy.homePage.initilizedriver(homePage.java:22)
at Academy.homePage.initilizedriver(homePage.java:22)
at Academy.homePage.initilizedriver(homePage.java:22)
at Academy.homePage.initilizedriver(homePage.java:22)
at Academy.homePage.initilizedriver(homePage.java:22)
at Academy.homePage.initilizedriver(homePage.java:22)
at Academy.homePage.initilizedriver(homePage.java:22)
at Academy.homePage.initilizedriver(homePage.java:22)
at Academy.homePage.initilizedriver(homePage.java:22)
at Academy.homePage.initilizedriver(homePage.java:22)
at Academy.homePage.initilizedriver(homePage.java:22)
at Academy.homePage.initilizedriver(homePage.java:22)
at Academy.homePage.initilizedriver(homePage.java:22)
at Academy.homePage.initilizedriver(homePage.java:22)
at Academy.homePage.initilizedriver(homePage.java:22)
at Academy.homePage.initilizedriver(homePage.java:22)
at Academy.homePage.initilizedriver(homePage.java:22)
at Academy.homePage.initilizedriver(homePage.java:22)
at Academy.homePage.initilizedriver(homePage.java:22)
at Academy.homePage.initilizedriver(homePage.java:22)
at Academy.homePage.initilizedriver(homePage.java:22)
at Academy.homePage.initilizedriver(homePage.java:22)
at Academy.homePage.initilizedriver(homePage.java:22)
at Academy.homePage.initilizedriver(homePage.java:22)
at Academy.homePage.initilizedriver(homePage.java:22)
at Academy.homePage.initilizedriver(homePage.java:22)
at Academy.homePage.initilizedriver(homePage.java:22)
at Academy.homePage.initilizedriver(homePage.java:22)
at Academy.homePage.initilizedriver(homePage.java:22)
at Academy.homePage.initilizedriver(homePage.java:22)
at Academy.homePage.initilizedriver(homePage.java:22)
at Academy.homePage.initilizedriver(homePage.java:22)
at Academy.homePage.initilizedriver(homePage.java:22)
at Academy.homePage.initilizedriver(homePage.java:22)
at Academy.homePage.initilizedriver(homePage.java:22)
at Academy.homePage.initilizedriver(homePage.java:22)
at Academy.homePage.initilizedriver(homePage.java:22)
at Academy.homePage.initilizedriver(homePage.java:22)
at Academy.homePage.initilizedriver(homePage.java:22)
at Academy.homePage.initilizedriver(homePage.java:22)
at Academy.homePage.initilizedriver(homePage.java:22)
at Academy.homePage.initilizedriver(homePage.java:22)
at Academy.homePage.initilizedriver(homePage.java:22)
at Academy.homePage.initilizedriver(homePage.java:22)
at Academy.homePage.initilizedriver(homePage.java:22)
at Academy.homePage.initilizedriver(homePage.java:22)
at Academy.homePage.initilizedriver(homePage.java:22)
at Academy.homePage.initilizedriver(homePage.java:22)
at Academy.homePage.initilizedriver(homePage.java:22)
at Academy.homePage.initilizedriver(homePage.java:22)
at Academy.homePage.initilizedriver(homePage.java:22)
at Academy.homePage.initilizedriver(homePage.java:22)
at Academy.homePage.initilizedriver(homePage.java:22)
at Academy.homePage.initilizedriver(homePage.java:22)
at Academy.homePage.initilizedriver(homePage.java:22)
at Academy.homePage.initilizedriver(homePage.java:22)
at Academy.homePage.initilizedriver(homePage.java:22)
at Academy.homePage.initilizedriver(homePage.java:22)
at Academy.homePage.initilizedriver(homePage.java:22)
at Academy.homePage.initilizedriver(homePage.java:22)
at Academy.homePage.initilizedriver(homePage.java:22)
at Academy.homePage.initilizedriver(homePage.java:22)
at Academy.homePage.initilizedriver(homePage.java:22)
at Academy.homePage.initilizedriver(homePage.java:22)
at Academy.homePage.initilizedriver(homePage.java:22)
at Academy.homePage.initilizedriver(homePage.java:22)
at Academy.homePage.initilizedriver(homePage.java:22)
at Academy.homePage.initilizedriver(homePage.java:22)
at Academy.homePage.initilizedriver(homePage.java:22)
at Academy.homePage.initilizedriver(homePage.java:22)
at Academy.homePage.initilizedriver(homePage.java:22)
at Academy.homePage.initilizedriver(homePage.java:22)
at Academy.homePage.initilizedriver(homePage.java:22)
at Academy.homePage.initilizedriver(homePage.java:22)
at Academy.homePage.initilizedriver(homePage.java:22)
at Academy.homePage.initilizedriver(homePage.java:22)
at Academy.homePage.initilizedriver(homePage.java:22)
at Academy.homePage.initilizedriver(homePage.java:22)
at Academy.homePage.initilizedriver(homePage.java:22)
at Academy.homePage.initilizedriver(homePage.java:22)
at Academy.homePage.initilizedriver(homePage.java:22)
at Academy.homePage.initilizedriver(homePage.java:22)
at Academy.homePage.initilizedriver(homePage.java:22)
at Academy.homePage.initilizedriver(homePage.java:22)
at Academy.homePage.initilizedriver(homePage.java:22)
at Academy.homePage.initilizedriver(homePage.java:22)
at Academy.homePage.initilizedriver(homePage.java:22)
at Academy.homePage.initilizedriver(homePage.java:22)
at Academy.homePage.initilizedriver(homePage.java:22)
at Academy.homePage.initilizedriver(homePage.java:22)
at Academy.homePage.initilizedriver(homePage.java:22)
at Academy.homePage.initilizedriver(homePage.java:22)
at Academy.homePage.initilizedriver(homePage.java:22)
at Academy.homePage.initilizedriver(homePage.java:22)
at Academy.homePage.initilizedriver(homePage.java:22)
at Academy.homePage.initilizedriver(homePage.java:22)
at Academy.homePage.initilizedriver(homePage.java:22)
at Academy.homePage.initilizedriver(homePage.java:22)
at Academy.homePage.initilizedriver(homePage.java:22)
at Academy.homePage.initilizedriver(homePage.java:22)
at Academy.homePage.initilizedriver(homePage.java:22)
at Academy.homePage.initilizedriver(homePage.java:22)
at Academy.homePage.initilizedriver(homePage.java:22)
at Academy.homePage.initilizedriver(homePage.java:22)
at Academy.homePage.initilizedriver(homePage.java:22)
at Academy.homePage.initilizedriver(homePage.java:22)
at Academy.homePage.initilizedriver(homePage.java:22)
at Academy.homePage.initilizedriver(homePage.java:22)
at Academy.homePage.initilizedriver(homePage.java:22)
at Academy.homePage.initilizedriver(homePage.java:22)
at Academy.homePage.initilizedriver(homePage.java:22)
at Academy.homePage.initilizedriver(homePage.java:22)
at Academy.homePage.initilizedriver(homePage.java:22)
at Academy.homePage.initilizedriver(homePage.java:22)
at Academy.homePage.initilizedriver(homePage.java:22)
at Academy.homePage.initilizedriver(homePage.java:22)
at Academy.homePage.initilizedriver(homePage.java:22)
at Academy.homePage.initilizedriver(homePage.java:22)
at Academy.homePage.initilizedriver(homePage.java:22)
at Academy.homePage.initilizedriver(homePage.java:22)
at Academy.homePage.initilizedriver(homePage.java:22)
at Academy.homePage.initilizedriver(homePage.java:22)
at Academy.homePage.initilizedriver(homePage.java:22)
at Academy.homePage.initilizedriver(homePage.java:22)
at Academy.homePage.initilizedriver(homePage.java:22)
at Academy.homePage.initilizedriver(homePage.java:22)
at Academy.homePage.initilizedriver(homePage.java:22)
at Academy.homePage.initilizedriver(homePage.java:22)
at Academy.homePage.initilizedriver(homePage.java:22)
at Academy.homePage.initilizedriver(homePage.java:22)
at Academy.homePage.initilizedriver(homePage.java:22)
at Academy.homePage.initilizedriver(homePage.java:22)
at Academy.homePage.initilizedriver(homePage.java:22)
at Academy.homePage.initilizedriver(homePage.java:22)
at Academy.homePage.initilizedriver(homePage.java:22)
at Academy.homePage.initilizedriver(homePage.java:22)
at Academy.homePage.initilizedriver(homePage.java:22)
at Academy.homePage.initilizedriver(homePage.java:22)
at Academy.homePage.initilizedriver(homePage.java:22)
at Academy.homePage.initilizedriver(homePage.java:22)
at Academy.homePage.initilizedriver(homePage.java:22)
at Academy.homePage.initilizedriver(homePage.java:22)
at Academy.homePage.initilizedriver(homePage.java:22)
at Academy.homePage.initilizedriver(homePage.java:22)
at Academy.homePage.initilizedriver(homePage.java:22)
at Academy.homePage.initilizedriver(homePage.java:22)
at Academy.homePage.initilizedriver(homePage.java:22)
at Academy.homePage.initilizedriver(homePage.java:22)
at Academy.homePage.initilizedriver(homePage.java:22)
at Academy.homePage.initilizedriver(homePage.java:22)
at Academy.homePage.initilizedriver(homePage.java:22)
at Academy.homePage.initilizedriver(homePage.java:22)
at Academy.homePage.initilizedriver(homePage.java:22)
at Academy.homePage.initilizedriver(homePage.java:22)
at Academy.homePage.initilizedriver(homePage.java:22)
at Academy.homePage.initilizedriver(homePage.java:22)
at Academy.homePage.initilizedriver(homePage.java:22)
at Academy.homePage.initilizedriver(homePage.java:22)
at Academy.homePage.initilizedriver(homePage.java:22)
at Academy.homePage.initilizedriver(homePage.java:22)
at Academy.homePage.initilizedriver(homePage.java:22)
at Academy.homePage.initilizedriver(homePage.java:22)
at Academy.homePage.initilizedriver(homePage.java:22)
at Academy.homePage.initilizedriver(homePage.java:22)
at Academy.homePage.initilizedriver(homePage.java:22)
at Academy.homePage.initilizedriver(homePage.java:22)
at Academy.homePage.initilizedriver(homePage.java:22)
at Academy.homePage.initilizedriver(homePage.java:22)
at Academy.homePage.initilizedriver(homePage.java:22)
at Academy.homePage.initilizedriver(homePage.java:22)
at Academy.homePage.initilizedriver(homePage.java:22)
at Academy.homePage.initilizedriver(homePage.java:22)
at Academy.homePage.initilizedriver(homePage.java:22)
at Academy.homePage.initilizedriver(homePage.java:22)
at Academy.homePage.initilizedriver(homePage.java:22)
at Academy.homePage.initilizedriver(homePage.java:22)
at Academy.homePage.initilizedriver(homePage.java:22)
at Academy.homePage.initilizedriver(homePage.java:22)
at Academy.homePage.initilizedriver(homePage.java:22)
at Academy.homePage.initilizedriver(homePage.java:22)
at Academy.homePage.initilizedriver(homePage.java:22)
at Academy.homePage.initilizedriver(homePage.java:22)
at Academy.homePage.initilizedriver(homePage.java:22)
at Academy.homePage.initilizedriver(homePage.java:22)
at Academy.homePage.initilizedriver(homePage.java:22)
at Academy.homePage.initilizedriver(homePage.java:22)
at Academy.homePage.initilizedriver(homePage.java:22)
at Academy.homePage.initilizedriver(homePage.java:22)
at Academy.homePage.initilizedriver(homePage.java:22)
at Academy.homePage.initilizedriver(homePage.java:22)
at Academy.homePage.initilizedriver(homePage.java:22)
at Academy.homePage.initilizedriver(homePage.java:22)
at Academy.homePage.initilizedriver(homePage.java:22)
at Academy.homePage.initilizedriver(homePage.java:22)
at Academy.homePage.initilizedriver(homePage.java:22)
at Academy.homePage.initilizedriver(homePage.java:22)
at Academy.homePage.initilizedriver(homePage.java:22)
at Academy.homePage.initilizedriver(homePage.java:22)
at Academy.homePage.initilizedriver(homePage.java:22)
at Academy.homePage.initilizedriver(homePage.java:22)
at Academy.homePage.initilizedriver(homePage.java:22)
at Academy.homePage.initilizedriver(homePage.java:22)
at Academy.homePage.initilizedriver(homePage.java:22)
at Academy.homePage.initilizedriver(homePage.java:22)
at Academy.homePage.initilizedriver(homePage.java:22)
at Academy.homePage.initilizedriver(homePage.java:22)
at Academy.homePage.initilizedriver(homePage.java:22)
at Academy.homePage.initilizedriver(homePage.java:22)
at Academy.homePage.initilizedriver(homePage.java:22)
at Academy.homePage.initilizedriver(homePage.java:22)
at Academy.homePage.initilizedriver(homePage.java:22)
at Academy.homePage.initilizedriver(homePage.java:22)
at Academy.homePage.initilizedriver(homePage.java:22)
at Academy.homePage.initilizedriver(homePage.java:22)
at Academy.homePage.initilizedriver(homePage.java:22)
at Academy.homePage.initilizedriver(homePage.java:22)
at Academy.homePage.initilizedriver(homePage.java:22)
at Academy.homePage.initilizedriver(homePage.java:22)
at Academy.homePage.initilizedriver(homePage.java:22)
at Academy.homePage.initilizedriver(homePage.java:22)
at Academy.homePage.initilizedriver(homePage.java:22)
at Academy.homePage.initilizedriver(homePage.java:22)
at Academy.homePage.initilizedriver(homePage.java:22)
at Academy.homePage.initilizedriver(homePage.java:22)
at Academy.homePage.initilizedriver(homePage.java:22)
at Academy.homePage.initilizedriver(homePage.java:22)
at Academy.homePage.initilizedriver(homePage.java:22)
at Academy.homePage.initilizedriver(homePage.java:22)
at Academy.homePage.initilizedriver(homePage.java:22)
at Academy.homePage.initilizedriver(homePage.java:22)
at Academy.homePage.initilizedriver(homePage.java:22)
at Academy.homePage.initilizedriver(homePage.java:22)
at Academy.homePage.initilizedriver(homePage.java:22)
at Academy.homePage.initilizedriver(homePage.java:22)
at Academy.homePage.initilizedriver(homePage.java:22)
at Academy.homePage.initilizedriver(homePage.java:22)
at Academy.homePage.initilizedriver(homePage.java:22)
at Academy.homePage.initilizedriver(homePage.java:22)
at Academy.homePage.initilizedriver(homePage.java:22)
at Academy.homePage.initilizedriver(homePage.java:22)
at Academy.homePage.initilizedriver(homePage.java:22)
at Academy.homePage.initilizedriver(homePage.java:22)
at Academy.homePage.initilizedriver(homePage.java:22)
at Academy.homePage.initilizedriver(homePage.java:22)
at Academy.homePage.initilizedriver(homePage.java:22)
at Academy.homePage.initilizedriver(homePage.java:22)
at Academy.homePage.initilizedriver(homePage.java:22)
at Academy.homePage.initilizedriver(homePage.java:22)
at Academy.homePage.initilizedriver(homePage.java:22)
at Academy.homePage.initilizedriver(homePage.java:22)
at Academy.homePage.initilizedriver(homePage.java:22)
at Academy.homePage.initilizedriver(homePage.java:22)
at Academy.homePage.initilizedriver(homePage.java:22)
at Academy.homePage.initilizedriver(homePage.java:22)
at Academy.homePage.initilizedriver(homePage.java:22)
at Academy.homePage.initilizedriver(homePage.java:22)
at Academy.homePage.initilizedriver(homePage.java:22)
at Academy.homePage.initilizedriver(homePage.java:22)
at Academy.homePage.initilizedriver(homePage.java:22)
at Academy.homePage.initilizedriver(homePage.java:22)
at Academy.homePage.initilizedriver(homePage.java:22)
at Academy.homePage.initilizedriver(homePage.java:22)
at Academy.homePage.initilizedriver(homePage.java:22)
at Academy.homePage.initilizedriver(homePage.java:22)
at Academy.homePage.initilizedriver(homePage.java:22)
at Academy.homePage.initilizedriver(homePage.java:22)
at Academy.homePage.initilizedriver(homePage.java:22)
at Academy.homePage.initilizedriver(homePage.java:22)
at Academy.homePage.initilizedriver(homePage.java:22)
at Academy.homePage.initilizedriver(homePage.java:22)
at Academy.homePage.initilizedriver(homePage.java:22)
at Academy.homePage.initilizedriver(homePage.java:22)
at Academy.homePage.initilizedriver(homePage.java:22)
at Academy.homePage.initilizedriver(homePage.java:22)
at Academy.homePage.initilizedriver(homePage.java:22)
at Academy.homePage.initilizedriver(homePage.java:22)
at Academy.homePage.initilizedriver(homePage.java:22)
at Academy.homePage.initilizedriver(homePage.java:22)
at Academy.homePage.initilizedriver(homePage.java:22)
at Academy.homePage.initilizedriver(homePage.java:22)
at Academy.homePage.initilizedriver(homePage.java:22)
at Academy.homePage.initilizedriver(homePage.java:22)
at Academy.homePage.initilizedriver(homePage.java:22)
at Academy.homePage.initilizedriver(homePage.java:22)
at Academy.homePage.initilizedriver(homePage.java:22)
at Academy.homePage.initilizedriver(homePage.java:22)
at Academy.homePage.initilizedriver(homePage.java:22)
at Academy.homePage.initilizedriver(homePage.java:22)
at Academy.homePage.initilizedriver(homePage.java:22)
at Academy.homePage.initilizedriver(homePage.java:22)
at Academy.homePage.initilizedriver(homePage.java:22)
at Academy.homePage.initilizedriver(homePage.java:22)
at Academy.homePage.initilizedriver(homePage.java:22)
at Academy.homePage.initilizedriver(homePage.java:22)
at Academy.homePage.initilizedriver(homePage.java:22)
at Academy.homePage.initilizedriver(homePage.java:22)
at Academy.homePage.initilizedriver(homePage.java:22)
at Academy.homePage.initilizedriver(homePage.java:22)
at Academy.homePage.initilizedriver(homePage.java:22)
at Academy.homePage.initilizedriver(homePage.java:22)
at Academy.homePage.initilizedriver(homePage.java:22)
at Academy.homePage.initilizedriver(homePage.java:22)
at Academy.homePage.initilizedriver(homePage.java:22)
at Academy.homePage.initilizedriver(homePage.java:22)
at Academy.homePage.initilizedriver(homePage.java:22)
at Academy.homePage.initilizedriver(homePage.java:22)
at Academy.homePage.initilizedriver(homePage.java:22)
at Academy.homePage.initilizedriver(homePage.java:22)
at Academy.homePage.initilizedriver(homePage.java:22)
at Academy.homePage.initilizedriver(homePage.java:22)
at Academy.homePage.initilizedriver(homePage.java:22)
at Academy.homePage.initilizedriver(homePage.java:22)
at Academy.homePage.initilizedriver(homePage.java:22)
at Academy.homePage.initilizedriver(homePage.java:22)
at Academy.homePage.initilizedriver(homePage.java:22)
at Academy.homePage.initilizedriver(homePage.java:22)
at Academy.homePage.initilizedriver(homePage.java:22)
at Academy.homePage.initilizedriver(homePage.java:22)
at Academy.homePage.initilizedriver(homePage.java:22)
at Academy.homePage.initilizedriver(homePage.java:22)
at Academy.homePage.initilizedriver(homePage.java:22)
at Academy.homePage.initilizedriver(homePage.java:22)
at Academy.homePage.initilizedriver(homePage.java:22)
at Academy.homePage.initilizedriver(homePage.java:22)
at Academy.homePage.initilizedriver(homePage.java:22)
at Academy.homePage.initilizedriver(homePage.java:22)
at Academy.homePage.initilizedriver(homePage.java:22)
at Academy.homePage.initilizedriver(homePage.java:22)
at Academy.homePage.initilizedriver(homePage.java:22)
at Academy.homePage.initilizedriver(homePage.java:22)
at Academy.homePage.initilizedriver(homePage.java:22)
at Academy.homePage.initilizedriver(homePage.java:22)
at Academy.homePage.initilizedriver(homePage.java:22)
at Academy.homePage.initilizedriver(homePage.java:22)
at Academy.homePage.initilizedriver(homePage.java:22)
at Academy.homePage.initilizedriver(homePage.java:22)
at Academy.homePage.initilizedriver(homePage.java:22)
at Academy.homePage.initilizedriver(homePage.java:22)
at Academy.homePage.initilizedriver(homePage.java:22)
at Academy.homePage.initilizedriver(homePage.java:22)
at Academy.homePage.initilizedriver(homePage.java:22)
at Academy.homePage.initilizedriver(homePage.java:22)
at Academy.homePage.initilizedriver(homePage.java:22)
at Academy.homePage.initilizedriver(homePage.java:22)
at Academy.homePage.initilizedriver(homePage.java:22)
at Academy.homePage.initilizedriver(homePage.java:22)
at Academy.homePage.initilizedriver(homePage.java:22)
at Academy.homePage.initilizedriver(homePage.java:22)
at Academy.homePage.initilizedriver(homePage.java:22)
at Academy.homePage.initilizedriver(homePage.java:22)
at Academy.homePage.initilizedriver(homePage.java:22)
at Academy.homePage.initilizedriver(homePage.java:22)
at Academy.homePage.initilizedriver(homePage.java:22)
at Academy.homePage.initilizedriver(homePage.java:22)
at Academy.homePage.initilizedriver(homePage.java:22)
at Academy.homePage.initilizedriver(homePage.java:22)
at Academy.homePage.initilizedriver(homePage.java:22)
at Academy.homePage.initilizedriver(homePage.java:22)
at Academy.homePage.initilizedriver(homePage.java:22)
at Academy.homePage.initilizedriver(homePage.java:22)
at Academy.homePage.initilizedriver(homePage.java:22)
at Academy.homePage.initilizedriver(homePage.java:22)
at Academy.homePage.initilizedriver(homePage.java:22)
at Academy.homePage.initilizedriver(homePage.java:22)
at Academy.homePage.initilizedriver(homePage.java:22)
at Academy.homePage.initilizedriver(homePage.java:22)
at Academy.homePage.initilizedriver(homePage.java:22)
at Academy.homePage.initilizedriver(homePage.java:22)
at Academy.homePage.initilizedriver(homePage.java:22)
at Academy.homePage.initilizedriver(homePage.java:22)
at Academy.homePage.initilizedriver(homePage.java:22)
at Academy.homePage.initilizedriver(homePage.java:22)
at Academy.homePage.initilizedriver(homePage.java:22)
at Academy.homePage.initilizedriver(homePage.java:22)
at Academy.homePage.initilizedriver(homePage.java:22)
at Academy.homePage.initilizedriver(homePage.java:22)
at Academy.homePage.initilizedriver(homePage.java:22)
at Academy.homePage.initilizedriver(homePage.java:22)
at Academy.homePage.initilizedriver(homePage.java:22)
at Academy.homePage.initilizedriver(homePage.java:22)
at Academy.homePage.initilizedriver(homePage.java:22)
at Academy.homePage.initilizedriver(homePage.java:22)
at Academy.homePage.initilizedriver(homePage.java:22)
at Academy.homePage.initilizedriver(homePage.java:22)
at Academy.homePage.initilizedriver(homePage.java:22)
at Academy.homePage.initilizedriver(homePage.java:22)
at Academy.homePage.initilizedriver(homePage.java:22)
at Academy.homePage.initilizedriver(homePage.java:22)
at Academy.homePage.initilizedriver(homePage.java:22)
at Academy.homePage.initilizedriver(homePage.java:22)
at Academy.homePage.initilizedriver(homePage.java:22)
at Academy.homePage.initilizedriver(homePage.java:22)
at Academy.homePage.initilizedriver(homePage.java:22)
]]>
            </full-stacktrace>
          </exception> <!-- java.lang.StackOverflowError -->
          <reporter-output>
          </reporter-output>
        </test-method> <!-- initilizedriver -->
        <test-method status="SKIP" signature="basepagenavigation(java.lang.String, java.lang.String)[pri:0, instance:Academy.homePage@5cc7c2a6]" name="basepagenavigation" duration-ms="0" started-at="2020-06-18T11:00:17Z" data-provider="getData" finished-at="2020-06-18T11:00:17Z">
          <exception class="java.lang.StackOverflowError">
            <full-stacktrace>
              <![CDATA[java.lang.StackOverflowError
at Academy.homePage.initilizedriver(homePage.java:22)
at Academy.homePage.initilizedriver(homePage.java:22)
at Academy.homePage.initilizedriver(homePage.java:22)
at Academy.homePage.initilizedriver(homePage.java:22)
at Academy.homePage.initilizedriver(homePage.java:22)
at Academy.homePage.initilizedriver(homePage.java:22)
at Academy.homePage.initilizedriver(homePage.java:22)
at Academy.homePage.initilizedriver(homePage.java:22)
at Academy.homePage.initilizedriver(homePage.java:22)
at Academy.homePage.initilizedriver(homePage.java:22)
at Academy.homePage.initilizedriver(homePage.java:22)
at Academy.homePage.initilizedriver(homePage.java:22)
at Academy.homePage.initilizedriver(homePage.java:22)
at Academy.homePage.initilizedriver(homePage.java:22)
at Academy.homePage.initilizedriver(homePage.java:22)
at Academy.homePage.initilizedriver(homePage.java:22)
at Academy.homePage.initilizedriver(homePage.java:22)
at Academy.homePage.initilizedriver(homePage.java:22)
at Academy.homePage.initilizedriver(homePage.java:22)
at Academy.homePage.initilizedriver(homePage.java:22)
at Academy.homePage.initilizedriver(homePage.java:22)
at Academy.homePage.initilizedriver(homePage.java:22)
at Academy.homePage.initilizedriver(homePage.java:22)
at Academy.homePage.initilizedriver(homePage.java:22)
at Academy.homePage.initilizedriver(homePage.java:22)
at Academy.homePage.initilizedriver(homePage.java:22)
at Academy.homePage.initilizedriver(homePage.java:22)
at Academy.homePage.initilizedriver(homePage.java:22)
at Academy.homePage.initilizedriver(homePage.java:22)
at Academy.homePage.initilizedriver(homePage.java:22)
at Academy.homePage.initilizedriver(homePage.java:22)
at Academy.homePage.initilizedriver(homePage.java:22)
at Academy.homePage.initilizedriver(homePage.java:22)
at Academy.homePage.initilizedriver(homePage.java:22)
at Academy.homePage.initilizedriver(homePage.java:22)
at Academy.homePage.initilizedriver(homePage.java:22)
at Academy.homePage.initilizedriver(homePage.java:22)
at Academy.homePage.initilizedriver(homePage.java:22)
at Academy.homePage.initilizedriver(homePage.java:22)
at Academy.homePage.initilizedriver(homePage.java:22)
at Academy.homePage.initilizedriver(homePage.java:22)
at Academy.homePage.initilizedriver(homePage.java:22)
at Academy.homePage.initilizedriver(homePage.java:22)
at Academy.homePage.initilizedriver(homePage.java:22)
at Academy.homePage.initilizedriver(homePage.java:22)
at Academy.homePage.initilizedriver(homePage.java:22)
at Academy.homePage.initilizedriver(homePage.java:22)
at Academy.homePage.initilizedriver(homePage.java:22)
at Academy.homePage.initilizedriver(homePage.java:22)
at Academy.homePage.initilizedriver(homePage.java:22)
at Academy.homePage.initilizedriver(homePage.java:22)
at Academy.homePage.initilizedriver(homePage.java:22)
at Academy.homePage.initilizedriver(homePage.java:22)
at Academy.homePage.initilizedriver(homePage.java:22)
at Academy.homePage.initilizedriver(homePage.java:22)
at Academy.homePage.initilizedriver(homePage.java:22)
at Academy.homePage.initilizedriver(homePage.java:22)
at Academy.homePage.initilizedriver(homePage.java:22)
at Academy.homePage.initilizedriver(homePage.java:22)
at Academy.homePage.initilizedriver(homePage.java:22)
at Academy.homePage.initilizedriver(homePage.java:22)
at Academy.homePage.initilizedriver(homePage.java:22)
at Academy.homePage.initilizedriver(homePage.java:22)
at Academy.homePage.initilizedriver(homePage.java:22)
at Academy.homePage.initilizedriver(homePage.java:22)
at Academy.homePage.initilizedriver(homePage.java:22)
at Academy.homePage.initilizedriver(homePage.java:22)
at Academy.homePage.initilizedriver(homePage.java:22)
at Academy.homePage.initilizedriver(homePage.java:22)
at Academy.homePage.initilizedriver(homePage.java:22)
at Academy.homePage.initilizedriver(homePage.java:22)
at Academy.homePage.initilizedriver(homePage.java:22)
at Academy.homePage.initilizedriver(homePage.java:22)
at Academy.homePage.initilizedriver(homePage.java:22)
at Academy.homePage.initilizedriver(homePage.java:22)
at Academy.homePage.initilizedriver(homePage.java:22)
at Academy.homePage.initilizedriver(homePage.java:22)
at Academy.homePage.initilizedriver(homePage.java:22)
at Academy.homePage.initilizedriver(homePage.java:22)
at Academy.homePage.initilizedriver(homePage.java:22)
at Academy.homePage.initilizedriver(homePage.java:22)
at Academy.homePage.initilizedriver(homePage.java:22)
at Academy.homePage.initilizedriver(homePage.java:22)
at Academy.homePage.initilizedriver(homePage.java:22)
at Academy.homePage.initilizedriver(homePage.java:22)
at Academy.homePage.initilizedriver(homePage.java:22)
at Academy.homePage.initilizedriver(homePage.java:22)
at Academy.homePage.initilizedriver(homePage.java:22)
at Academy.homePage.initilizedriver(homePage.java:22)
at Academy.homePage.initilizedriver(homePage.java:22)
at Academy.homePage.initilizedriver(homePage.java:22)
at Academy.homePage.initilizedriver(homePage.java:22)
at Academy.homePage.initilizedriver(homePage.java:22)
at Academy.homePage.initilizedriver(homePage.java:22)
at Academy.homePage.initilizedriver(homePage.java:22)
at Academy.homePage.initilizedriver(homePage.java:22)
at Academy.homePage.initilizedriver(homePage.java:22)
at Academy.homePage.initilizedriver(homePage.java:22)
at Academy.homePage.initilizedriver(homePage.java:22)
at Academy.homePage.initilizedriver(homePage.java:22)
at Academy.homePage.initilizedriver(homePage.java:22)
at Academy.homePage.initilizedriver(homePage.java:22)
at Academy.homePage.initilizedriver(homePage.java:22)
at Academy.homePage.initilizedriver(homePage.java:22)
at Academy.homePage.initilizedriver(homePage.java:22)
at Academy.homePage.initilizedriver(homePage.java:22)
at Academy.homePage.initilizedriver(homePage.java:22)
at Academy.homePage.initilizedriver(homePage.java:22)
at Academy.homePage.initilizedriver(homePage.java:22)
at Academy.homePage.initilizedriver(homePage.java:22)
at Academy.homePage.initilizedriver(homePage.java:22)
at Academy.homePage.initilizedriver(homePage.java:22)
at Academy.homePage.initilizedriver(homePage.java:22)
at Academy.homePage.initilizedriver(homePage.java:22)
at Academy.homePage.initilizedriver(homePage.java:22)
at Academy.homePage.initilizedriver(homePage.java:22)
at Academy.homePage.initilizedriver(homePage.java:22)
at Academy.homePage.initilizedriver(homePage.java:22)
at Academy.homePage.initilizedriver(homePage.java:22)
at Academy.homePage.initilizedriver(homePage.java:22)
at Academy.homePage.initilizedriver(homePage.java:22)
at Academy.homePage.initilizedriver(homePage.java:22)
at Academy.homePage.initilizedriver(homePage.java:22)
at Academy.homePage.initilizedriver(homePage.java:22)
at Academy.homePage.initilizedriver(homePage.java:22)
at Academy.homePage.initilizedriver(homePage.java:22)
at Academy.homePage.initilizedriver(homePage.java:22)
at Academy.homePage.initilizedriver(homePage.java:22)
at Academy.homePage.initilizedriver(homePage.java:22)
at Academy.homePage.initilizedriver(homePage.java:22)
at Academy.homePage.initilizedriver(homePage.java:22)
at Academy.homePage.initilizedriver(homePage.java:22)
at Academy.homePage.initilizedriver(homePage.java:22)
at Academy.homePage.initilizedriver(homePage.java:22)
at Academy.homePage.initilizedriver(homePage.java:22)
at Academy.homePage.initilizedriver(homePage.java:22)
at Academy.homePage.initilizedriver(homePage.java:22)
at Academy.homePage.initilizedriver(homePage.java:22)
at Academy.homePage.initilizedriver(homePage.java:22)
at Academy.homePage.initilizedriver(homePage.java:22)
at Academy.homePage.initilizedriver(homePage.java:22)
at Academy.homePage.initilizedriver(homePage.java:22)
at Academy.homePage.initilizedriver(homePage.java:22)
at Academy.homePage.initilizedriver(homePage.java:22)
at Academy.homePage.initilizedriver(homePage.java:22)
at Academy.homePage.initilizedriver(homePage.java:22)
at Academy.homePage.initilizedriver(homePage.java:22)
at Academy.homePage.initilizedriver(homePage.java:22)
at Academy.homePage.initilizedriver(homePage.java:22)
at Academy.homePage.initilizedriver(homePage.java:22)
at Academy.homePage.initilizedriver(homePage.java:22)
at Academy.homePage.initilizedriver(homePage.java:22)
at Academy.homePage.initilizedriver(homePage.java:22)
at Academy.homePage.initilizedriver(homePage.java:22)
at Academy.homePage.initilizedriver(homePage.java:22)
at Academy.homePage.initilizedriver(homePage.java:22)
at Academy.homePage.initilizedriver(homePage.java:22)
at Academy.homePage.initilizedriver(homePage.java:22)
at Academy.homePage.initilizedriver(homePage.java:22)
at Academy.homePage.initilizedriver(homePage.java:22)
at Academy.homePage.initilizedriver(homePage.java:22)
at Academy.homePage.initilizedriver(homePage.java:22)
at Academy.homePage.initilizedriver(homePage.java:22)
at Academy.homePage.initilizedriver(homePage.java:22)
at Academy.homePage.initilizedriver(homePage.java:22)
at Academy.homePage.initilizedriver(homePage.java:22)
at Academy.homePage.initilizedriver(homePage.java:22)
at Academy.homePage.initilizedriver(homePage.java:22)
[...]
at Academy.homePage.initilizedriver(homePage.java:22)
at Academy.homePage.initilizedriver(homePage.java:22)
at Academy.homePage.initilizedriver(homePage.java:22)
at Academy.homePage.initilizedriver(homePage.java:22)
at Academy.homePage.initilizedriver(homePage.java:22)
at Academy.homePage.initilizedriver(homePage.java:22)
at Academy.homePage.initilizedriver(homePage.java:22)
at Academy.homePage.initilizedriver(homePage.java:22)
at Academy.homePage.initilizedriver(homePage.java:22)
at Academy.homePage.initilizedriver(homePage.java:22)
at Academy.homePage.initilizedriver(homePage.java:22)
at Academy.homePage.initilizedriver(homePage.java:22)
at Academy.homePage.initilizedriver(homePage.java:22)
at Academy.homePage.initilizedriver(homePage.java:22)
at Academy.homePage.initilizedriver(homePage.java:22)
at Academy.homePage.initilizedriver(homePage.java:22)
at Academy.homePage.initilizedriver(homePage.java:22)
at Academy.homePage.initilizedriver(homePage.java:22)
at Academy.homePage.initilizedriver(homePage.java:22)
at Academy.homePage.initilizedriver(homePage.java:22)
at Academy.homePage.initilizedriver(homePage.java:22)
at Academy.homePage.initilizedriver(homePage.java:22)
at Academy.homePage.initilizedriver(homePage.java:22)
at Academy.homePage.initilizedriver(homePage.java:22)
at Academy.homePage.initilizedriver(homePage.java:22)
at Academy.homePage.initilizedriver(homePage.java:22)
at Academy.homePage.initilizedriver(homePage.java:22)
at Academy.homePage.initilizedriver(homePage.java:22)
at Academy.homePage.initilizedriver(homePage.java:22)
at Academy.homePage.initilizedriver(homePage.java:22)
at Academy.homePage.initilizedriver(homePage.java:22)
at Academy.homePage.initilizedriver(homePage.java:22)
at Academy.homePage.initilizedriver(homePage.java:22)
at Academy.homePage.initilizedriver(homePage.java:22)
at Academy.homePage.initilizedriver(homePage.java:22)
at Academy.homePage.initilizedriver(homePage.java:22)
at Academy.homePage.initilizedriver(homePage.java:22)
at Academy.homePage.initilizedriver(homePage.java:22)
at Academy.homePage.initilizedriver(homePage.java:22)
at Academy.homePage.initilizedriver(homePage.java:22)
at Academy.homePage.initilizedriver(homePage.java:22)
at Academy.homePage.initilizedriver(homePage.java:22)
at Academy.homePage.initilizedriver(homePage.java:22)
at Academy.homePage.initilizedriver(homePage.java:22)
at Academy.homePage.initilizedriver(homePage.java:22)
at Academy.homePage.initilizedriver(homePage.java:22)
at Academy.homePage.initilizedriver(homePage.java:22)
at Academy.homePage.initilizedriver(homePage.java:22)
at Academy.homePage.initilizedriver(homePage.java:22)
at Academy.homePage.initilizedriver(homePage.java:22)
at Academy.homePage.initilizedriver(homePage.java:22)
at Academy.homePage.initilizedriver(homePage.java:22)
at Academy.homePage.initilizedriver(homePage.java:22)
at Academy.homePage.initilizedriver(homePage.java:22)
at Academy.homePage.initilizedriver(homePage.java:22)
at Academy.homePage.initilizedriver(homePage.java:22)
at Academy.homePage.initilizedriver(homePage.java:22)
at Academy.homePage.initilizedriver(homePage.java:22)
at Academy.homePage.initilizedriver(homePage.java:22)
at Academy.homePage.initilizedriver(homePage.java:22)
at Academy.homePage.initilizedriver(homePage.java:22)
at Academy.homePage.initilizedriver(homePage.java:22)
at Academy.homePage.initilizedriver(homePage.java:22)
at Academy.homePage.initilizedriver(homePage.java:22)
at Academy.homePage.initilizedriver(homePage.java:22)
at Academy.homePage.initilizedriver(homePage.java:22)
at Academy.homePage.initilizedriver(homePage.java:22)
at Academy.homePage.initilizedriver(homePage.java:22)
at Academy.homePage.initilizedriver(homePage.java:22)
at Academy.homePage.initilizedriver(homePage.java:22)
at Academy.homePage.initilizedriver(homePage.java:22)
at Academy.homePage.initilizedriver(homePage.java:22)
at Academy.homePage.initilizedriver(homePage.java:22)
at Academy.homePage.initilizedriver(homePage.java:22)
at Academy.homePage.initilizedriver(homePage.java:22)
at Academy.homePage.initilizedriver(homePage.java:22)
at Academy.homePage.initilizedriver(homePage.java:22)
at Academy.homePage.initilizedriver(homePage.java:22)
at Academy.homePage.initilizedriver(homePage.java:22)
at Academy.homePage.initilizedriver(homePage.java:22)
at Academy.homePage.initilizedriver(homePage.java:22)
at Academy.homePage.initilizedriver(homePage.java:22)
at Academy.homePage.initilizedriver(homePage.java:22)
at Academy.homePage.initilizedriver(homePage.java:22)
at Academy.homePage.initilizedriver(homePage.java:22)
at Academy.homePage.initilizedriver(homePage.java:22)
at Academy.homePage.initilizedriver(homePage.java:22)
at Academy.homePage.initilizedriver(homePage.java:22)
at Academy.homePage.initilizedriver(homePage.java:22)
at Academy.homePage.initilizedriver(homePage.java:22)
at Academy.homePage.initilizedriver(homePage.java:22)
at Academy.homePage.initilizedriver(homePage.java:22)
at Academy.homePage.initilizedriver(homePage.java:22)
at Academy.homePage.initilizedriver(homePage.java:22)
at Academy.homePage.initilizedriver(homePage.java:22)
at Academy.homePage.initilizedriver(homePage.java:22)
at Academy.homePage.initilizedriver(homePage.java:22)
at Academy.homePage.initilizedriver(homePage.java:22)
at Academy.homePage.initilizedriver(homePage.java:22)
at Academy.homePage.initilizedriver(homePage.java:22)
at Academy.homePage.initilizedriver(homePage.java:22)
at Academy.homePage.initilizedriver(homePage.java:22)
at Academy.homePage.initilizedriver(homePage.java:22)
at Academy.homePage.initilizedriver(homePage.java:22)
at Academy.homePage.initilizedriver(homePage.java:22)
at Academy.homePage.initilizedriver(homePage.java:22)
at Academy.homePage.initilizedriver(homePage.java:22)
at Academy.homePage.initilizedriver(homePage.java:22)
at Academy.homePage.initilizedriver(homePage.java:22)
at Academy.homePage.initilizedriver(homePage.java:22)
at Academy.homePage.initilizedriver(homePage.java:22)
at Academy.homePage.initilizedriver(homePage.java:22)
at Academy.homePage.initilizedriver(homePage.java:22)
at Academy.homePage.initilizedriver(homePage.java:22)
at Academy.homePage.initilizedriver(homePage.java:22)
at Academy.homePage.initilizedriver(homePage.java:22)
at Academy.homePage.initilizedriver(homePage.java:22)
at Academy.homePage.initilizedriver(homePage.java:22)
at Academy.homePage.initilizedriver(homePage.java:22)
at Academy.homePage.initilizedriver(homePage.java:22)
at Academy.homePage.initilizedriver(homePage.java:22)
at Academy.homePage.initilizedriver(homePage.java:22)
at Academy.homePage.initilizedriver(homePage.java:22)
at Academy.homePage.initilizedriver(homePage.java:22)
at Academy.homePage.initilizedriver(homePage.java:22)
at Academy.homePage.initilizedriver(homePage.java:22)
at Academy.homePage.initilizedriver(homePage.java:22)
at Academy.homePage.initilizedriver(homePage.java:22)
at Academy.homePage.initilizedriver(homePage.java:22)
at Academy.homePage.initilizedriver(homePage.java:22)
at Academy.homePage.initilizedriver(homePage.java:22)
at Academy.homePage.initilizedriver(homePage.java:22)
at Academy.homePage.initilizedriver(homePage.java:22)
at Academy.homePage.initilizedriver(homePage.java:22)
at Academy.homePage.initilizedriver(homePage.java:22)
at Academy.homePage.initilizedriver(homePage.java:22)
at Academy.homePage.initilizedriver(homePage.java:22)
at Academy.homePage.initilizedriver(homePage.java:22)
at Academy.homePage.initilizedriver(homePage.java:22)
at Academy.homePage.initilizedriver(homePage.java:22)
at Academy.homePage.initilizedriver(homePage.java:22)
at Academy.homePage.initilizedriver(homePage.java:22)
at Academy.homePage.initilizedriver(homePage.java:22)
at Academy.homePage.initilizedriver(homePage.java:22)
at Academy.homePage.initilizedriver(homePage.java:22)
at Academy.homePage.initilizedriver(homePage.java:22)
at Academy.homePage.initilizedriver(homePage.java:22)
at Academy.homePage.initilizedriver(homePage.java:22)
at Academy.homePage.initilizedriver(homePage.java:22)
at Academy.homePage.initilizedriver(homePage.java:22)
at Academy.homePage.initilizedriver(homePage.java:22)
at Academy.homePage.initilizedriver(homePage.java:22)
at Academy.homePage.initilizedriver(homePage.java:22)
at Academy.homePage.initilizedriver(homePage.java:22)
at Academy.homePage.initilizedriver(homePage.java:22)
at Academy.homePage.initilizedriver(homePage.java:22)
at Academy.homePage.initilizedriver(homePage.java:22)
at Academy.homePage.initilizedriver(homePage.java:22)
at Academy.homePage.initilizedriver(homePage.java:22)
at Academy.homePage.initilizedriver(homePage.java:22)
at Academy.homePage.initilizedriver(homePage.java:22)
at Academy.homePage.initilizedriver(homePage.java:22)
at Academy.homePage.initilizedriver(homePage.java:22)
at Academy.homePage.initilizedriver(homePage.java:22)
at Academy.homePage.initilizedriver(homePage.java:22)
at Academy.homePage.initilizedriver(homePage.java:22)
at Academy.homePage.initilizedriver(homePage.java:22)
at Academy.homePage.initilizedriver(homePage.java:22)
at Academy.homePage.initilizedriver(homePage.java:22)
at Academy.homePage.initilizedriver(homePage.java:22)
at Academy.homePage.initilizedriver(homePage.java:22)
at Academy.homePage.initilizedriver(homePage.java:22)
at Academy.homePage.initilizedriver(homePage.java:22)
at Academy.homePage.initilizedriver(homePage.java:22)
at Academy.homePage.initilizedriver(homePage.java:22)
at Academy.homePage.initilizedriver(homePage.java:22)
at Academy.homePage.initilizedriver(homePage.java:22)
at Academy.homePage.initilizedriver(homePage.java:22)
at Academy.homePage.initilizedriver(homePage.java:22)
at Academy.homePage.initilizedriver(homePage.java:22)
at Academy.homePage.initilizedriver(homePage.java:22)
at Academy.homePage.initilizedriver(homePage.java:22)
at Academy.homePage.initilizedriver(homePage.java:22)
at Academy.homePage.initilizedriver(homePage.java:22)
at Academy.homePage.initilizedriver(homePage.java:22)
at Academy.homePage.initilizedriver(homePage.java:22)
at Academy.homePage.initilizedriver(homePage.java:22)
at Academy.homePage.initilizedriver(homePage.java:22)
at Academy.homePage.initilizedriver(homePage.java:22)
at Academy.homePage.initilizedriver(homePage.java:22)
at Academy.homePage.initilizedriver(homePage.java:22)
at Academy.homePage.initilizedriver(homePage.java:22)
at Academy.homePage.initilizedriver(homePage.java:22)
at Academy.homePage.initilizedriver(homePage.java:22)
at Academy.homePage.initilizedriver(homePage.java:22)
at Academy.homePage.initilizedriver(homePage.java:22)
at Academy.homePage.initilizedriver(homePage.java:22)
at Academy.homePage.initilizedriver(homePage.java:22)
at Academy.homePage.initilizedriver(homePage.java:22)
at Academy.homePage.initilizedriver(homePage.java:22)
at Academy.homePage.initilizedriver(homePage.java:22)
at Academy.homePage.initilizedriver(homePage.java:22)
at Academy.homePage.initilizedriver(homePage.java:22)
at Academy.homePage.initilizedriver(homePage.java:22)
at Academy.homePage.initilizedriver(homePage.java:22)
at Academy.homePage.initilizedriver(homePage.java:22)
at Academy.homePage.initilizedriver(homePage.java:22)
at Academy.homePage.initilizedriver(homePage.java:22)
at Academy.homePage.initilizedriver(homePage.java:22)
at Academy.homePage.initilizedriver(homePage.java:22)
at Academy.homePage.initilizedriver(homePage.java:22)
at Academy.homePage.initilizedriver(homePage.java:22)
at Academy.homePage.initilizedriver(homePage.java:22)
at Academy.homePage.initilizedriver(homePage.java:22)
at Academy.homePage.initilizedriver(homePage.java:22)
at Academy.homePage.initilizedriver(homePage.java:22)
at Academy.homePage.initilizedriver(homePage.java:22)
at Academy.homePage.initilizedriver(homePage.java:22)
at Academy.homePage.initilizedriver(homePage.java:22)
at Academy.homePage.initilizedriver(homePage.java:22)
at Academy.homePage.initilizedriver(homePage.java:22)
at Academy.homePage.initilizedriver(homePage.java:22)
at Academy.homePage.initilizedriver(homePage.java:22)
at Academy.homePage.initilizedriver(homePage.java:22)
at Academy.homePage.initilizedriver(homePage.java:22)
at Academy.homePage.initilizedriver(homePage.java:22)
at Academy.homePage.initilizedriver(homePage.java:22)
at Academy.homePage.initilizedriver(homePage.java:22)
at Academy.homePage.initilizedriver(homePage.java:22)
at Academy.homePage.initilizedriver(homePage.java:22)
at Academy.homePage.initilizedriver(homePage.java:22)
at Academy.homePage.initilizedriver(homePage.java:22)
at Academy.homePage.initilizedriver(homePage.java:22)
at Academy.homePage.initilizedriver(homePage.java:22)
at Academy.homePage.initilizedriver(homePage.java:22)
at Academy.homePage.initilizedriver(homePage.java:22)
at Academy.homePage.initilizedriver(homePage.java:22)
at Academy.homePage.initilizedriver(homePage.java:22)
at Academy.homePage.initilizedriver(homePage.java:22)
at Academy.homePage.initilizedriver(homePage.java:22)
at Academy.homePage.initilizedriver(homePage.java:22)
at Academy.homePage.initilizedriver(homePage.java:22)
at Academy.homePage.initilizedriver(homePage.java:22)
at Academy.homePage.initilizedriver(homePage.java:22)
at Academy.homePage.initilizedriver(homePage.java:22)
at Academy.homePage.initilizedriver(homePage.java:22)
at Academy.homePage.initilizedriver(homePage.java:22)
at Academy.homePage.initilizedriver(homePage.java:22)
at Academy.homePage.initilizedriver(homePage.java:22)
at Academy.homePage.initilizedriver(homePage.java:22)
at Academy.homePage.initilizedriver(homePage.java:22)
at Academy.homePage.initilizedriver(homePage.java:22)
at Academy.homePage.initilizedriver(homePage.java:22)
at Academy.homePage.initilizedriver(homePage.java:22)
at Academy.homePage.initilizedriver(homePage.java:22)
at Academy.homePage.initilizedriver(homePage.java:22)
at Academy.homePage.initilizedriver(homePage.java:22)
at Academy.homePage.initilizedriver(homePage.java:22)
at Academy.homePage.initilizedriver(homePage.java:22)
at Academy.homePage.initilizedriver(homePage.java:22)
at Academy.homePage.initilizedriver(homePage.java:22)
at Academy.homePage.initilizedriver(homePage.java:22)
at Academy.homePage.initilizedriver(homePage.java:22)
at Academy.homePage.initilizedriver(homePage.java:22)
at Academy.homePage.initilizedriver(homePage.java:22)
at Academy.homePage.initilizedriver(homePage.java:22)
at Academy.homePage.initilizedriver(homePage.java:22)
at Academy.homePage.initilizedriver(homePage.java:22)
at Academy.homePage.initilizedriver(homePage.java:22)
at Academy.homePage.initilizedriver(homePage.java:22)
at Academy.homePage.initilizedriver(homePage.java:22)
at Academy.homePage.initilizedriver(homePage.java:22)
at Academy.homePage.initilizedriver(homePage.java:22)
at Academy.homePage.initilizedriver(homePage.java:22)
at Academy.homePage.initilizedriver(homePage.java:22)
at Academy.homePage.initilizedriver(homePage.java:22)
at Academy.homePage.initilizedriver(homePage.java:22)
at Academy.homePage.initilizedriver(homePage.java:22)
at Academy.homePage.initilizedriver(homePage.java:22)
at Academy.homePage.initilizedriver(homePage.java:22)
at Academy.homePage.initilizedriver(homePage.java:22)
at Academy.homePage.initilizedriver(homePage.java:22)
at Academy.homePage.initilizedriver(homePage.java:22)
at Academy.homePage.initilizedriver(homePage.java:22)
at Academy.homePage.initilizedriver(homePage.java:22)
at Academy.homePage.initilizedriver(homePage.java:22)
at Academy.homePage.initilizedriver(homePage.java:22)
at Academy.homePage.initilizedriver(homePage.java:22)
at Academy.homePage.initilizedriver(homePage.java:22)
at Academy.homePage.initilizedriver(homePage.java:22)
at Academy.homePage.initilizedriver(homePage.java:22)
at Academy.homePage.initilizedriver(homePage.java:22)
at Academy.homePage.initilizedriver(homePage.java:22)
at Academy.homePage.initilizedriver(homePage.java:22)
at Academy.homePage.initilizedriver(homePage.java:22)
at Academy.homePage.initilizedriver(homePage.java:22)
at Academy.homePage.initilizedriver(homePage.java:22)
at Academy.homePage.initilizedriver(homePage.java:22)
at Academy.homePage.initilizedriver(homePage.java:22)
at Academy.homePage.initilizedriver(homePage.java:22)
at Academy.homePage.initilizedriver(homePage.java:22)
at Academy.homePage.initilizedriver(homePage.java:22)
at Academy.homePage.initilizedriver(homePage.java:22)
at Academy.homePage.initilizedriver(homePage.java:22)
at Academy.homePage.initilizedriver(homePage.java:22)
at Academy.homePage.initilizedriver(homePage.java:22)
at Academy.homePage.initilizedriver(homePage.java:22)
at Academy.homePage.initilizedriver(homePage.java:22)
at Academy.homePage.initilizedriver(homePage.java:22)
at Academy.homePage.initilizedriver(homePage.java:22)
at Academy.homePage.initilizedriver(homePage.java:22)
at Academy.homePage.initilizedriver(homePage.java:22)
at Academy.homePage.initilizedriver(homePage.java:22)
at Academy.homePage.initilizedriver(homePage.java:22)
at Academy.homePage.initilizedriver(homePage.java:22)
at Academy.homePage.initilizedriver(homePage.java:22)
at Academy.homePage.initilizedriver(homePage.java:22)
at Academy.homePage.initilizedriver(homePage.java:22)
at Academy.homePage.initilizedriver(homePage.java:22)
at Academy.homePage.initilizedriver(homePage.java:22)
at Academy.homePage.initilizedriver(homePage.java:22)
at Academy.homePage.initilizedriver(homePage.java:22)
at Academy.homePage.initilizedriver(homePage.java:22)
at Academy.homePage.initilizedriver(homePage.java:22)
at Academy.homePage.initilizedriver(homePage.java:22)
at Academy.homePage.initilizedriver(homePage.java:22)
at Academy.homePage.initilizedriver(homePage.java:22)
at Academy.homePage.initilizedriver(homePage.java:22)
at Academy.homePage.initilizedriver(homePage.java:22)
at Academy.homePage.initilizedriver(homePage.java:22)
at Academy.homePage.initilizedriver(homePage.java:22)
at Academy.homePage.initilizedriver(homePage.java:22)
at Academy.homePage.initilizedriver(homePage.java:22)
at Academy.homePage.initilizedriver(homePage.java:22)
at Academy.homePage.initilizedriver(homePage.java:22)
at Academy.homePage.initilizedriver(homePage.java:22)
at Academy.homePage.initilizedriver(homePage.java:22)
at Academy.homePage.initilizedriver(homePage.java:22)
at Academy.homePage.initilizedriver(homePage.java:22)
at Academy.homePage.initilizedriver(homePage.java:22)
at Academy.homePage.initilizedriver(homePage.java:22)
at Academy.homePage.initilizedriver(homePage.java:22)
at Academy.homePage.initilizedriver(homePage.java:22)
at Academy.homePage.initilizedriver(homePage.java:22)
at Academy.homePage.initilizedriver(homePage.java:22)
at Academy.homePage.initilizedriver(homePage.java:22)
at Academy.homePage.initilizedriver(homePage.java:22)
at Academy.homePage.initilizedriver(homePage.java:22)
at Academy.homePage.initilizedriver(homePage.java:22)
at Academy.homePage.initilizedriver(homePage.java:22)
at Academy.homePage.initilizedriver(homePage.java:22)
at Academy.homePage.initilizedriver(homePage.java:22)
at Academy.homePage.initilizedriver(homePage.java:22)
at Academy.homePage.initilizedriver(homePage.java:22)
at Academy.homePage.initilizedriver(homePage.java:22)
]]>
            </full-stacktrace>
          </exception> <!-- java.lang.StackOverflowError -->
          <reporter-output>
          </reporter-output>
        </test-method> <!-- basepagenavigation -->
        <test-method status="SKIP" signature="teardown()[pri:0, instance:Academy.homePage@5cc7c2a6]" name="teardown" is-config="true" duration-ms="0" started-at="2020-06-18T11:00:17Z" finished-at="2020-06-18T11:00:17Z">
          <reporter-output>
          </reporter-output>
        </test-method> <!-- teardown -->
      </class> <!-- Academy.homePage -->
    </test> <!-- Academy.homePage -->
    <test name="Academy.AppTest" duration-ms="0" started-at="2020-06-18T11:00:17Z" finished-at="2020-06-18T11:00:17Z">
    </test> <!-- Academy.AppTest -->
  </suite> <!-- Suite -->
</testng-results>
