<?xml version="1.0" encoding="UTF-8"?>
<!-- Generated by org.testng.reporters.JUnitXMLReporter -->
<testsuite hostname="DESKTOP-97D7SMM" ignored="0" name="Academy.homePage" tests="1" failures="0" timestamp="18 Jun 2020 11:00:17 GMT" time="0.014" errors="0">
  <testcase name="@BeforeTest initilizedriver" time="0.002" classname="Academy.homePage">
    <failure type="java.lang.StackOverflowError">
      <![CDATA[java.lang.StackOverflowError
at Academy.homePage.initilizedriver(homePage.java:22)
at Academy.homePage.initilizedriver(homePage.java:22)
at Academy.homePage.initilizedriver(homePage.java:22)
at Academy.homePage.initilizedriver(homePage.java:22)
at Academy.homePage.initilizedriver(homePage.java:22)
at Academy.homePage.initilizedriver(homePage.java:22)
at Academy.homePage.initilizedriver(homePage.java:22)
at Academy.homePage.initilizedriver(homePage.java:22)
at Academy.homePage.initilizedriver(homePage.java:22)
at Academy.homePage.initilizedriver(homePage.java:22)
at Academy.homePage.initilizedriver(homePage.java:22)
at Academy.homePage.initilizedriver(homePage.java:22)
at Academy.homePage.initilizedriver(homePage.java:22)
at Academy.homePage.initilizedriver(homePage.java:22)
at Academy.homePage.initilizedriver(homePage.java:22)
at Academy.homePage.initilizedriver(homePage.java:22)
at Academy.homePage.initilizedriver(homePage.java:22)
at Academy.homePage.initilizedriver(homePage.java:22)
at Academy.homePage.initilizedriver(homePage.java:22)
at Academy.homePage.initilizedriver(homePage.java:22)
at Academy.homePage.initilizedriver(homePage.java:22)
at Academy.homePage.initilizedriver(homePage.java:22)
at Academy.homePage.initilizedriver(homePage.java:22)
at Academy.homePage.initilizedriver(homePage.java:22)
at Academy.homePage.initilizedriver(homePage.java:22)
at Academy.homePage.initilizedriver(homePage.java:22)
at Academy.homePage.initilizedriver(homePage.java:22)
at Academy.homePage.initilizedriver(homePage.java:22)
at Academy.homePage.initilizedriver(homePage.java:22)
at Academy.homePage.initilizedriver(homePage.java:22)
at Academy.homePage.initilizedriver(homePage.java:22)
at Academy.homePage.initilizedriver(homePage.java:22)
at Academy.homePage.initilizedriver(homePage.java:22)
at Academy.homePage.initilizedriver(homePage.java:22)
at Academy.homePage.initilizedriver(homePage.java:22)
at Academy.homePage.initilizedriver(homePage.java:22)
at Academy.homePage.initilizedriver(homePage.java:22)
at Academy.homePage.initilizedriver(homePage.java:22)
at Academy.homePage.initilizedriver(homePage.java:22)
at Academy.homePage.initilizedriver(homePage.java:22)
at Academy.homePage.initilizedriver(homePage.java:22)
at Academy.homePage.initilizedriver(homePage.java:22)
at Academy.homePage.initilizedriver(homePage.java:22)
at Academy.homePage.initilizedriver(homePage.java:22)
at Academy.homePage.initilizedriver(homePage.java:22)
at Academy.homePage.initilizedriver(homePage.java:22)
at Academy.homePage.initilizedriver(homePage.java:22)
at Academy.homePage.initilizedriver(homePage.java:22)
at Academy.homePage.initilizedriver(homePage.java:22)
at Academy.homePage.initilizedriver(homePage.java:22)
at Academy.homePage.initilizedriver(homePage.java:22)
at Academy.homePage.initilizedriver(homePage.java:22)
at Academy.homePage.initilizedriver(homePage.java:22)
at Academy.homePage.initilizedriver(homePage.java:22)
at Academy.homePage.initilizedriver(homePage.java:22)
at Academy.homePage.initilizedriver(homePage.java:22)
at Academy.homePage.initilizedriver(homePage.java:22)
at Academy.homePage.initilizedriver(homePage.java:22)
at Academy.homePage.initilizedriver(homePage.java:22)
at Academy.homePage.initilizedriver(homePage.java:22)
at Academy.homePage.initilizedriver(homePage.java:22)
at Academy.homePage.initilizedriver(homePage.java:22)
at Academy.homePage.initilizedriver(homePage.java:22)
at Academy.homePage.initilizedriver(homePage.java:22)
at Academy.homePage.initilizedriver(homePage.java:22)
at Academy.homePage.initilizedriver(homePage.java:22)
at Academy.homePage.initilizedriver(homePage.java:22)
at Academy.homePage.initilizedriver(homePage.java:22)
at Academy.homePage.initilizedriver(homePage.java:22)
at Academy.homePage.initilizedriver(homePage.java:22)
at Academy.homePage.initilizedriver(homePage.java:22)
at Academy.homePage.initilizedriver(homePage.java:22)
at Academy.homePage.initilizedriver(homePage.java:22)
at Academy.homePage.initilizedriver(homePage.java:22)
at Academy.homePage.initilizedriver(homePage.java:22)
at Academy.homePage.initilizedriver(homePage.java:22)
at Academy.homePage.initilizedriver(homePage.java:22)
at Academy.homePage.initilizedriver(homePage.java:22)
at Academy.homePage.initilizedriver(homePage.java:22)
at Academy.homePage.initilizedriver(homePage.java:22)
at Academy.homePage.initilizedriver(homePage.java:22)
at Academy.homePage.initilizedriver(homePage.java:22)
at Academy.homePage.initilizedriver(homePage.java:22)
at Academy.homePage.initilizedriver(homePage.java:22)
at Academy.homePage.initilizedriver(homePage.java:22)
at Academy.homePage.initilizedriver(homePage.java:22)
at Academy.homePage.initilizedriver(homePage.java:22)
at Academy.homePage.initilizedriver(homePage.java:22)
at Academy.homePage.initilizedriver(homePage.java:22)
at Academy.homePage.initilizedriver(homePage.java:22)
at Academy.homePage.initilizedriver(homePage.java:22)
at Academy.homePage.initilizedriver(homePage.java:22)
at Academy.homePage.initilizedriver(homePage.java:22)
at Academy.homePage.initilizedriver(homePage.java:22)
at Academy.homePage.initilizedriver(homePage.java:22)
at Academy.homePage.initilizedriver(homePage.java:22)
at Academy.homePage.initilizedriver(homePage.java:22)
at Academy.homePage.initilizedriver(homePage.java:22)
at Academy.homePage.initilizedriver(homePage.java:22)
at Academy.homePage.initilizedriver(homePage.java:22)
at Academy.homePage.initilizedriver(homePage.java:22)
at Academy.homePage.initilizedriver(homePage.java:22)
at Academy.homePage.initilizedriver(homePage.java:22)
at Academy.homePage.initilizedriver(homePage.java:22)
at Academy.homePage.initilizedriver(homePage.java:22)
at Academy.homePage.initilizedriver(homePage.java:22)
at Academy.homePage.initilizedriver(homePage.java:22)
at Academy.homePage.initilizedriver(homePage.java:22)
at Academy.homePage.initilizedriver(homePage.java:22)
at Academy.homePage.initilizedriver(homePage.java:22)
at Academy.homePage.initilizedriver(homePage.java:22)
at Academy.homePage.initilizedriver(homePage.java:22)
at Academy.homePage.initilizedriver(homePage.java:22)
at Academy.homePage.initilizedriver(homePage.java:22)
at Academy.homePage.initilizedriver(homePage.java:22)
at Academy.homePage.initilizedriver(homePage.java:22)
at Academy.homePage.initilizedriver(homePage.java:22)
at Academy.homePage.initilizedriver(homePage.java:22)
at Academy.homePage.initilizedriver(homePage.java:22)
at Academy.homePage.initilizedriver(homePage.java:22)
at Academy.homePage.initilizedriver(homePage.java:22)
at Academy.homePage.initilizedriver(homePage.java:22)
at Academy.homePage.initilizedriver(homePage.java:22)
at Academy.homePage.initilizedriver(homePage.java:22)
at Academy.homePage.initilizedriver(homePage.java:22)
at Academy.homePage.initilizedriver(homePage.java:22)
at Academy.homePage.initilizedriver(homePage.java:22)
at Academy.homePage.initilizedriver(homePage.java:22)
at Academy.homePage.initilizedriver(homePage.java:22)
at Academy.homePage.initilizedriver(homePage.java:22)
at Academy.homePage.initilizedriver(homePage.java:22)
at Academy.homePage.initilizedriver(homePage.java:22)
at Academy.homePage.initilizedriver(homePage.java:22)
at Academy.homePage.initilizedriver(homePage.java:22)
at Academy.homePage.initilizedriver(homePage.java:22)
at Academy.homePage.initilizedriver(homePage.java:22)
at Academy.homePage.initilizedriver(homePage.java:22)
at Academy.homePage.initilizedriver(homePage.java:22)
at Academy.homePage.initilizedriver(homePage.java:22)
at Academy.homePage.initilizedriver(homePage.java:22)
at Academy.homePage.initilizedriver(homePage.java:22)
at Academy.homePage.initilizedriver(homePage.java:22)
at Academy.homePage.initilizedriver(homePage.java:22)
at Academy.homePage.initilizedriver(homePage.java:22)
at Academy.homePage.initilizedriver(homePage.java:22)
at Academy.homePage.initilizedriver(homePage.java:22)
at Academy.homePage.initilizedriver(homePage.java:22)
at Academy.homePage.initilizedriver(homePage.java:22)
at Academy.homePage.initilizedriver(homePage.java:22)
at Academy.homePage.initilizedriver(homePage.java:22)
at Academy.homePage.initilizedriver(homePage.java:22)
at Academy.homePage.initilizedriver(homePage.java:22)
at Academy.homePage.initilizedriver(homePage.java:22)
at Academy.homePage.initilizedriver(homePage.java:22)
at Academy.homePage.initilizedriver(homePage.java:22)
at Academy.homePage.initilizedriver(homePage.java:22)
at Academy.homePage.initilizedriver(homePage.java:22)
at Academy.homePage.initilizedriver(homePage.java:22)
at Academy.homePage.initilizedriver(homePage.java:22)
at Academy.homePage.initilizedriver(homePage.java:22)
at Academy.homePage.initilizedriver(homePage.java:22)
at Academy.homePage.initilizedriver(homePage.java:22)
at Academy.homePage.initilizedriver(homePage.java:22)
at Academy.homePage.initilizedriver(homePage.java:22)
at Academy.homePage.initilizedriver(homePage.java:22)
at Academy.homePage.initilizedriver(homePage.java:22)
at Academy.homePage.initilizedriver(homePage.java:22)
at Academy.homePage.initilizedriver(homePage.java:22)
at Academy.homePage.initilizedriver(homePage.java:22)
at Academy.homePage.initilizedriver(homePage.java:22)
at Academy.homePage.initilizedriver(homePage.java:22)
at Academy.homePage.initilizedriver(homePage.java:22)
at Academy.homePage.initilizedriver(homePage.java:22)
at Academy.homePage.initilizedriver(homePage.java:22)
at Academy.homePage.initilizedriver(homePage.java:22)
at Academy.homePage.initilizedriver(homePage.java:22)
at Academy.homePage.initilizedriver(homePage.java:22)
at Academy.homePage.initilizedriver(homePage.java:22)
at Academy.homePage.initilizedriver(homePage.java:22)
at Academy.homePage.initilizedriver(homePage.java:22)
at Academy.homePage.initilizedriver(homePage.java:22)
at Academy.homePage.initilizedriver(homePage.java:22)
at Academy.homePage.initilizedriver(homePage.java:22)
at Academy.homePage.initilizedriver(homePage.java:22)
at Academy.homePage.initilizedriver(homePage.java:22)
at Academy.homePage.initilizedriver(homePage.java:22)
at Academy.homePage.initilizedriver(homePage.java:22)
at Academy.homePage.initilizedriver(homePage.java:22)
at Academy.homePage.initilizedriver(homePage.java:22)
at Academy.homePage.initilizedriver(homePage.java:22)
at Academy.homePage.initilizedriver(homePage.java:22)
at Academy.homePage.initilizedriver(homePage.java:22)
at Academy.homePage.initilizedriver(homePage.java:22)
at Academy.homePage.initilizedriver(homePage.java:22)
at Academy.homePage.initilizedriver(homePage.java:22)
at Academy.homePage.initilizedriver(homePage.java:22)
at Academy.homePage.initilizedriver(homePage.java:22)
at Academy.homePage.initilizedriver(homePage.java:22)
at Academy.homePage.initilizedriver(homePage.java:22)
at Academy.homePage.initilizedriver(homePage.java:22)
at Academy.homePage.initilizedriver(homePage.java:22)
at Academy.homePage.initilizedriver(homePage.java:22)
at Academy.homePage.initilizedriver(homePage.java:22)
at Academy.homePage.initilizedriver(homePage.java:22)
at Academy.homePage.initilizedriver(homePage.java:22)
at Academy.homePage.initilizedriver(homePage.java:22)
at Academy.homePage.initilizedriver(homePage.java:22)
at Academy.homePage.initilizedriver(homePage.java:22)
at Academy.homePage.initilizedriver(homePage.java:22)
at Academy.homePage.initilizedriver(homePage.java:22)
at Academy.homePage.initilizedriver(homePage.java:22)
at Academy.homePage.initilizedriver(homePage.java:22)
at Academy.homePage.initilizedriver(homePage.java:22)
at Academy.homePage.initilizedriver(homePage.java:22)
at Academy.homePage.initilizedriver(homePage.java:22)
at Academy.homePage.initilizedriver(homePage.java:22)
at Academy.homePage.initilizedriver(homePage.java:22)
at Academy.homePage.initilizedriver(homePage.java:22)
at Academy.homePage.initilizedriver(homePage.java:22)
at Academy.homePage.initilizedriver(homePage.java:22)
at Academy.homePage.initilizedriver(homePage.java:22)
at Academy.homePage.initilizedriver(homePage.java:22)
at Academy.homePage.initilizedriver(homePage.java:22)
at Academy.homePage.initilizedriver(homePage.java:22)
at Academy.homePage.initilizedriver(homePage.java:22)
at Academy.homePage.initilizedriver(homePage.java:22)
at Academy.homePage.initilizedriver(homePage.java:22)
at Academy.homePage.initilizedriver(homePage.java:22)
at Academy.homePage.initilizedriver(homePage.java:22)
at Academy.homePage.initilizedriver(homePage.java:22)
at Academy.homePage.initilizedriver(homePage.java:22)
at Academy.homePage.initilizedriver(homePage.java:22)
at Academy.homePage.initilizedriver(homePage.java:22)
at Academy.homePage.initilizedriver(homePage.java:22)
at Academy.homePage.initilizedriver(homePage.java:22)
at Academy.homePage.initilizedriver(homePage.java:22)
at Academy.homePage.initilizedriver(homePage.java:22)
at Academy.homePage.initilizedriver(homePage.java:22)
at Academy.homePage.initilizedriver(homePage.java:22)
at Academy.homePage.initilizedriver(homePage.java:22)
at Academy.homePage.initilizedriver(homePage.java:22)
at Academy.homePage.initilizedriver(homePage.java:22)
at Academy.homePage.initilizedriver(homePage.java:22)
at Academy.homePage.initilizedriver(homePage.java:22)
at Academy.homePage.initilizedriver(homePage.java:22)
at Academy.homePage.initilizedriver(homePage.java:22)
at Academy.homePage.initilizedriver(homePage.java:22)
at Academy.homePage.initilizedriver(homePage.java:22)
at Academy.homePage.initilizedriver(homePage.java:22)
at Academy.homePage.initilizedriver(homePage.java:22)
at Academy.homePage.initilizedriver(homePage.java:22)
at Academy.homePage.initilizedriver(homePage.java:22)
at Academy.homePage.initilizedriver(homePage.java:22)
at Academy.homePage.initilizedriver(homePage.java:22)
at Academy.homePage.initilizedriver(homePage.java:22)
at Academy.homePage.initilizedriver(homePage.java:22)
at Academy.homePage.initilizedriver(homePage.java:22)
at Academy.homePage.initilizedriver(homePage.java:22)
at Academy.homePage.initilizedriver(homePage.java:22)
at Academy.homePage.initilizedriver(homePage.java:22)
at Academy.homePage.initilizedriver(homePage.java:22)
at Academy.homePage.initilizedriver(homePage.java:22)
at Academy.homePage.initilizedriver(homePage.java:22)
at Academy.homePage.initilizedriver(homePage.java:22)
at Academy.homePage.initilizedriver(homePage.java:22)
at Academy.homePage.initilizedriver(homePage.java:22)
at Academy.homePage.initilizedriver(homePage.java:22)
at Academy.homePage.initilizedriver(homePage.java:22)
at Academy.homePage.initilizedriver(homePage.java:22)
at Academy.homePage.initilizedriver(homePage.java:22)
at Academy.homePage.initilizedriver(homePage.java:22)
at Academy.homePage.initilizedriver(homePage.java:22)
at Academy.homePage.initilizedriver(homePage.java:22)
at Academy.homePage.initilizedriver(homePage.java:22)
at Academy.homePage.initilizedriver(homePage.java:22)
at Academy.homePage.initilizedriver(homePage.java:22)
at Academy.homePage.initilizedriver(homePage.java:22)
at Academy.homePage.initilizedriver(homePage.java:22)
at Academy.homePage.initilizedriver(homePage.java:22)
at Academy.homePage.initilizedriver(homePage.java:22)
at Academy.homePage.initilizedriver(homePage.java:22)
at Academy.homePage.initilizedriver(homePage.java:22)
at Academy.homePage.initilizedriver(homePage.java:22)
at Academy.homePage.initilizedriver(homePage.java:22)
at Academy.homePage.initilizedriver(homePage.java:22)
at Academy.homePage.initilizedriver(homePage.java:22)
at Academy.homePage.initilizedriver(homePage.java:22)
at Academy.homePage.initilizedriver(homePage.java:22)
at Academy.homePage.initilizedriver(homePage.java:22)
at Academy.homePage.initilizedriver(homePage.java:22)
at Academy.homePage.initilizedriver(homePage.java:22)
at Academy.homePage.initilizedriver(homePage.java:22)
at Academy.homePage.initilizedriver(homePage.java:22)
at Academy.homePage.initilizedriver(homePage.java:22)
at Academy.homePage.initilizedriver(homePage.java:22)
at Academy.homePage.initilizedriver(homePage.java:22)
at Academy.homePage.initilizedriver(homePage.java:22)
at Academy.homePage.initilizedriver(homePage.java:22)
at Academy.homePage.initilizedriver(homePage.java:22)
at Academy.homePage.initilizedriver(homePage.java:22)
at Academy.homePage.initilizedriver(homePage.java:22)
at Academy.homePage.initilizedriver(homePage.java:22)
at Academy.homePage.initilizedriver(homePage.java:22)
at Academy.homePage.initilizedriver(homePage.java:22)
at Academy.homePage.initilizedriver(homePage.java:22)
at Academy.homePage.initilizedriver(homePage.java:22)
at Academy.homePage.initilizedriver(homePage.java:22)
at Academy.homePage.initilizedriver(homePage.java:22)
at Academy.homePage.initilizedriver(homePage.java:22)
at Academy.homePage.initilizedriver(homePage.java:22)
at Academy.homePage.initilizedriver(homePage.java:22)
at Academy.homePage.initilizedriver(homePage.java:22)
at Academy.homePage.initilizedriver(homePage.java:22)
at Academy.homePage.initilizedriver(homePage.java:22)
at Academy.homePage.initilizedriver(homePage.java:22)
at Academy.homePage.initilizedriver(homePage.java:22)
at Academy.homePage.initilizedriver(homePage.java:22)
at Academy.homePage.initilizedriver(homePage.java:22)
at Academy.homePage.initilizedriver(homePage.java:22)
at Academy.homePage.initilizedriver(homePage.java:22)
at Academy.homePage.initilizedriver(homePage.java:22)
at Academy.homePage.initilizedriver(homePage.java:22)
at Academy.homePage.initilizedriver(homePage.java:22)
at Academy.homePage.initilizedriver(homePage.java:22)
at Academy.homePage.initilizedriver(homePage.java:22)
at Academy.homePage.initilizedriver(homePage.java:22)
at Academy.homePage.initilizedriver(homePage.java:22)
at Academy.homePage.initilizedriver(homePage.java:22)
at Academy.homePage.initilizedriver(homePage.java:22)
at Academy.homePage.initilizedriver(homePage.java:22)
at Academy.homePage.initilizedriver(homePage.java:22)
at Academy.homePage.initilizedriver(homePage.java:22)
at Academy.homePage.initilizedriver(homePage.java:22)
at Academy.homePage.initilizedriver(homePage.java:22)
at Academy.homePage.initilizedriver(homePage.java:22)
at Academy.homePage.initilizedriver(homePage.java:22)
at Academy.homePage.initilizedriver(homePage.java:22)
at Academy.homePage.initilizedriver(homePage.java:22)
at Academy.homePage.initilizedriver(homePage.java:22)
at Academy.homePage.initilizedriver(homePage.java:22)
at Academy.homePage.initilizedriver(homePage.java:22)
at Academy.homePage.initilizedriver(homePage.java:22)
at Academy.homePage.initilizedriver(homePage.java:22)
at Academy.homePage.initilizedriver(homePage.java:22)
at Academy.homePage.initilizedriver(homePage.java:22)
at Academy.homePage.initilizedriver(homePage.java:22)
at Academy.homePage.initilizedriver(homePage.java:22)
at Academy.homePage.initilizedriver(homePage.java:22)
at Academy.homePage.initilizedriver(homePage.java:22)
at Academy.homePage.initilizedriver(homePage.java:22)
at Academy.homePage.initilizedriver(homePage.java:22)
at Academy.homePage.initilizedriver(homePage.java:22)
at Academy.homePage.initilizedriver(homePage.java:22)
at Academy.homePage.initilizedriver(homePage.java:22)
at Academy.homePage.initilizedriver(homePage.java:22)
at Academy.homePage.initilizedriver(homePage.java:22)
at Academy.homePage.initilizedriver(homePage.java:22)
at Academy.homePage.initilizedriver(homePage.java:22)
at Academy.homePage.initilizedriver(homePage.java:22)
at Academy.homePage.initilizedriver(homePage.java:22)
at Academy.homePage.initilizedriver(homePage.java:22)
at Academy.homePage.initilizedriver(homePage.java:22)
at Academy.homePage.initilizedriver(homePage.java:22)
at Academy.homePage.initilizedriver(homePage.java:22)
at Academy.homePage.initilizedriver(homePage.java:22)
at Academy.homePage.initilizedriver(homePage.java:22)
at Academy.homePage.initilizedriver(homePage.java:22)
at Academy.homePage.initilizedriver(homePage.java:22)
at Academy.homePage.initilizedriver(homePage.java:22)
at Academy.homePage.initilizedriver(homePage.java:22)
at Academy.homePage.initilizedriver(homePage.java:22)
at Academy.homePage.initilizedriver(homePage.java:22)
at Academy.homePage.initilizedriver(homePage.java:22)
at Academy.homePage.initilizedriver(homePage.java:22)
at Academy.homePage.initilizedriver(homePage.java:22)
at Academy.homePage.initilizedriver(homePage.java:22)
at Academy.homePage.initilizedriver(homePage.java:22)
at Academy.homePage.initilizedriver(homePage.java:22)
at Academy.homePage.initilizedriver(homePage.java:22)
at Academy.homePage.initilizedriver(homePage.java:22)
at Academy.homePage.initilizedriver(homePage.java:22)
at Academy.homePage.initilizedriver(homePage.java:22)
at Academy.homePage.initilizedriver(homePage.java:22)
at Academy.homePage.initilizedriver(homePage.java:22)
at Academy.homePage.initilizedriver(homePage.java:22)
at Academy.homePage.initilizedriver(homePage.java:22)
at Academy.homePage.initilizedriver(homePage.java:22)
at Academy.homePage.initilizedriver(homePage.java:22)
at Academy.homePage.initilizedriver(homePage.java:22)
at Academy.homePage.initilizedriver(homePage.java:22)
at Academy.homePage.initilizedriver(homePage.java:22)
at Academy.homePage.initilizedriver(homePage.java:22)
at Academy.homePage.initilizedriver(homePage.java:22)
at Academy.homePage.initilizedriver(homePage.java:22)
at Academy.homePage.initilizedriver(homePage.java:22)
at Academy.homePage.initilizedriver(homePage.java:22)
at Academy.homePage.initilizedriver(homePage.java:22)
at Academy.homePage.initilizedriver(homePage.java:22)
at Academy.homePage.initilizedriver(homePage.java:22)
at Academy.homePage.initilizedriver(homePage.java:22)
at Academy.homePage.initilizedriver(homePage.java:22)
at Academy.homePage.initilizedriver(homePage.java:22)
at Academy.homePage.initilizedriver(homePage.java:22)
at Academy.homePage.initilizedriver(homePage.java:22)
at Academy.homePage.initilizedriver(homePage.java:22)
at Academy.homePage.initilizedriver(homePage.java:22)
at Academy.homePage.initilizedriver(homePage.java:22)
at Academy.homePage.initilizedriver(homePage.java:22)
at Academy.homePage.initilizedriver(homePage.java:22)
at Academy.homePage.initilizedriver(homePage.java:22)
at Academy.homePage.initilizedriver(homePage.java:22)
at Academy.homePage.initilizedriver(homePage.java:22)
at Academy.homePage.initilizedriver(homePage.java:22)
at Academy.homePage.initilizedriver(homePage.java:22)
at Academy.homePage.initilizedriver(homePage.java:22)
at Academy.homePage.initilizedriver(homePage.java:22)
at Academy.homePage.initilizedriver(homePage.java:22)
at Academy.homePage.initilizedriver(homePage.java:22)
at Academy.homePage.initilizedriver(homePage.java:22)
at Academy.homePage.initilizedriver(homePage.java:22)
at Academy.homePage.initilizedriver(homePage.java:22)
at Academy.homePage.initilizedriver(homePage.java:22)
at Academy.homePage.initilizedriver(homePage.java:22)
at Academy.homePage.initilizedriver(homePage.java:22)
at Academy.homePage.initilizedriver(homePage.java:22)
at Academy.homePage.initilizedriver(homePage.java:22)
at Academy.homePage.initilizedriver(homePage.java:22)
at Academy.homePage.initilizedriver(homePage.java:22)
at Academy.homePage.initilizedriver(homePage.java:22)
at Academy.homePage.initilizedriver(homePage.java:22)
at Academy.homePage.initilizedriver(homePage.java:22)
at Academy.homePage.initilizedriver(homePage.java:22)
at Academy.homePage.initilizedriver(homePage.java:22)
at Academy.homePage.initilizedriver(homePage.java:22)
at Academy.homePage.initilizedriver(homePage.java:22)
at Academy.homePage.initilizedriver(homePage.java:22)
at Academy.homePage.initilizedriver(homePage.java:22)
at Academy.homePage.initilizedriver(homePage.java:22)
at Academy.homePage.initilizedriver(homePage.java:22)
at Academy.homePage.initilizedriver(homePage.java:22)
at Academy.homePage.initilizedriver(homePage.java:22)
at Academy.homePage.initilizedriver(homePage.java:22)
at Academy.homePage.initilizedriver(homePage.java:22)
at Academy.homePage.initilizedriver(homePage.java:22)
at Academy.homePage.initilizedriver(homePage.java:22)
at Academy.homePage.initilizedriver(homePage.java:22)
at Academy.homePage.initilizedriver(homePage.java:22)
at Academy.homePage.initilizedriver(homePage.java:22)
at Academy.homePage.initilizedriver(homePage.java:22)
at Academy.homePage.initilizedriver(homePage.java:22)
at Academy.homePage.initilizedriver(homePage.java:22)
at Academy.homePage.initilizedriver(homePage.java:22)
at Academy.homePage.initilizedriver(homePage.java:22)
at Academy.homePage.initilizedriver(homePage.java:22)
at Academy.homePage.initilizedriver(homePage.java:22)
at Academy.homePage.initilizedriver(homePage.java:22)
at Academy.homePage.initilizedriver(homePage.java:22)
at Academy.homePage.initilizedriver(homePage.java:22)
at Academy.homePage.initilizedriver(homePage.java:22)
at Academy.homePage.initilizedriver(homePage.java:22)
at Academy.homePage.initilizedriver(homePage.java:22)
at Academy.homePage.initilizedriver(homePage.java:22)
at Academy.homePage.initilizedriver(homePage.java:22)
at Academy.homePage.initilizedriver(homePage.java:22)
at Academy.homePage.initilizedriver(homePage.java:22)
at Academy.homePage.initilizedriver(homePage.java:22)
at Academy.homePage.initilizedriver(homePage.java:22)
at Academy.homePage.initilizedriver(homePage.java:22)
at Academy.homePage.initilizedriver(homePage.java:22)
at Academy.homePage.initilizedriver(homePage.java:22)
at Academy.homePage.initilizedriver(homePage.java:22)
at Academy.homePage.initilizedriver(homePage.java:22)
at Academy.homePage.initilizedriver(homePage.java:22)
at Academy.homePage.initilizedriver(homePage.java:22)
at Academy.homePage.initilizedriver(homePage.java:22)
at Academy.homePage.initilizedriver(homePage.java:22)
at Academy.homePage.initilizedriver(homePage.java:22)
at Academy.homePage.initilizedriver(homePage.java:22)
at Academy.homePage.initilizedriver(homePage.java:22)
at Academy.homePage.initilizedriver(homePage.java:22)
at Academy.homePage.initilizedriver(homePage.java:22)
at Academy.homePage.initilizedriver(homePage.java:22)
at Academy.homePage.initilizedriver(homePage.java:22)
at Academy.homePage.initilizedriver(homePage.java:22)
at Academy.homePage.initilizedriver(homePage.java:22)
at Academy.homePage.initilizedriver(homePage.java:22)
at Academy.homePage.initilizedriver(homePage.java:22)
at Academy.homePage.initilizedriver(homePage.java:22)
at Academy.homePage.initilizedriver(homePage.java:22)
at Academy.homePage.initilizedriver(homePage.java:22)
at Academy.homePage.initilizedriver(homePage.java:22)
at Academy.homePage.initilizedriver(homePage.java:22)
at Academy.homePage.initilizedriver(homePage.java:22)
at Academy.homePage.initilizedriver(homePage.java:22)
at Academy.homePage.initilizedriver(homePage.java:22)
at Academy.homePage.initilizedriver(homePage.java:22)
at Academy.homePage.initilizedriver(homePage.java:22)
at Academy.homePage.initilizedriver(homePage.java:22)
at Academy.homePage.initilizedriver(homePage.java:22)
at Academy.homePage.initilizedriver(homePage.java:22)
at Academy.homePage.initilizedriver(homePage.java:22)
at Academy.homePage.initilizedriver(homePage.java:22)
at Academy.homePage.initilizedriver(homePage.java:22)
at Academy.homePage.initilizedriver(homePage.java:22)
at Academy.homePage.initilizedriver(homePage.java:22)
at Academy.homePage.initilizedriver(homePage.java:22)
at Academy.homePage.initilizedriver(homePage.java:22)
at Academy.homePage.initilizedriver(homePage.java:22)
at Academy.homePage.initilizedriver(homePage.java:22)
at Academy.homePage.initilizedriver(homePage.java:22)
at Academy.homePage.initilizedriver(homePage.java:22)
at Academy.homePage.initilizedriver(homePage.java:22)
at Academy.homePage.initilizedriver(homePage.java:22)
at Academy.homePage.initilizedriver(homePage.java:22)
at Academy.homePage.initilizedriver(homePage.java:22)
at Academy.homePage.initilizedriver(homePage.java:22)
at Academy.homePage.initilizedriver(homePage.java:22)
at Academy.homePage.initilizedriver(homePage.java:22)
at Academy.homePage.initilizedriver(homePage.java:22)
at Academy.homePage.initilizedriver(homePage.java:22)
at Academy.homePage.initilizedriver(homePage.java:22)
at Academy.homePage.initilizedriver(homePage.java:22)
at Academy.homePage.initilizedriver(homePage.java:22)
at Academy.homePage.initilizedriver(homePage.java:22)
at Academy.homePage.initilizedriver(homePage.java:22)
at Academy.homePage.initilizedriver(homePage.java:22)
at Academy.homePage.initilizedriver(homePage.java:22)
at Academy.homePage.initilizedriver(homePage.java:22)
at Academy.homePage.initilizedriver(homePage.java:22)
at Academy.homePage.initilizedriver(homePage.java:22)
at Academy.homePage.initilizedriver(homePage.java:22)
at Academy.homePage.initilizedriver(homePage.java:22)
at Academy.homePage.initilizedriver(homePage.java:22)
at Academy.homePage.initilizedriver(homePage.java:22)
at Academy.homePage.initilizedriver(homePage.java:22)
at Academy.homePage.initilizedriver(homePage.java:22)
at Academy.homePage.initilizedriver(homePage.java:22)
at Academy.homePage.initilizedriver(homePage.java:22)
at Academy.homePage.initilizedriver(homePage.java:22)
at Academy.homePage.initilizedriver(homePage.java:22)
at Academy.homePage.initilizedriver(homePage.java:22)
at Academy.homePage.initilizedriver(homePage.java:22)
at Academy.homePage.initilizedriver(homePage.java:22)
at Academy.homePage.initilizedriver(homePage.java:22)
at Academy.homePage.initilizedriver(homePage.java:22)
at Academy.homePage.initilizedriver(homePage.java:22)
at Academy.homePage.initilizedriver(homePage.java:22)
at Academy.homePage.initilizedriver(homePage.java:22)
at Academy.homePage.initilizedriver(homePage.java:22)
at Academy.homePage.initilizedriver(homePage.java:22)
at Academy.homePage.initilizedriver(homePage.java:22)
at Academy.homePage.initilizedriver(homePage.java:22)
at Academy.homePage.initilizedriver(homePage.java:22)
at Academy.homePage.initilizedriver(homePage.java:22)
at Academy.homePage.initilizedriver(homePage.java:22)
at Academy.homePage.initilizedriver(homePage.java:22)
at Academy.homePage.initilizedriver(homePage.java:22)
at Academy.homePage.initilizedriver(homePage.java:22)
at Academy.homePage.initilizedriver(homePage.java:22)
at Academy.homePage.initilizedriver(homePage.java:22)
at Academy.homePage.initilizedriver(homePage.java:22)
at Academy.homePage.initilizedriver(homePage.java:22)
at Academy.homePage.initilizedriver(homePage.java:22)
at Academy.homePage.initilizedriver(homePage.java:22)
at Academy.homePage.initilizedriver(homePage.java:22)
at Academy.homePage.initilizedriver(homePage.java:22)
at Academy.homePage.initilizedriver(homePage.java:22)
at Academy.homePage.initilizedriver(homePage.java:22)
at Academy.homePage.initilizedriver(homePage.java:22)
at Academy.homePage.initilizedriver(homePage.java:22)
at Academy.homePage.initilizedriver(homePage.java:22)
at Academy.homePage.initilizedriver(homePage.java:22)
at Academy.homePage.initilizedriver(homePage.java:22)
at Academy.homePage.initilizedriver(homePage.java:22)
at Academy.homePage.initilizedriver(homePage.java:22)
at Academy.homePage.initilizedriver(homePage.java:22)
at Academy.homePage.initilizedriver(homePage.java:22)
at Academy.homePage.initilizedriver(homePage.java:22)
at Academy.homePage.initilizedriver(homePage.java:22)
at Academy.homePage.initilizedriver(homePage.java:22)
at Academy.homePage.initilizedriver(homePage.java:22)
at Academy.homePage.initilizedriver(homePage.java:22)
at Academy.homePage.initilizedriver(homePage.java:22)
at Academy.homePage.initilizedriver(homePage.java:22)
at Academy.homePage.initilizedriver(homePage.java:22)
at Academy.homePage.initilizedriver(homePage.java:22)
at Academy.homePage.initilizedriver(homePage.java:22)
at Academy.homePage.initilizedriver(homePage.java:22)
at Academy.homePage.initilizedriver(homePage.java:22)
at Academy.homePage.initilizedriver(homePage.java:22)
at Academy.homePage.initilizedriver(homePage.java:22)
at Academy.homePage.initilizedriver(homePage.java:22)
at Academy.homePage.initilizedriver(homePage.java:22)
at Academy.homePage.initilizedriver(homePage.java:22)
at Academy.homePage.initilizedriver(homePage.java:22)
at Academy.homePage.initilizedriver(homePage.java:22)
at Academy.homePage.initilizedriver(homePage.java:22)
at Academy.homePage.initilizedriver(homePage.java:22)
at Academy.homePage.initilizedriver(homePage.java:22)
at Academy.homePage.initilizedriver(homePage.java:22)
at Academy.homePage.initilizedriver(homePage.java:22)
at Academy.homePage.initilizedriver(homePage.java:22)
at Academy.homePage.initilizedriver(homePage.java:22)
at Academy.homePage.initilizedriver(homePage.java:22)
at Academy.homePage.initilizedriver(homePage.java:22)
at Academy.homePage.initilizedriver(homePage.java:22)
at Academy.homePage.initilizedriver(homePage.java:22)
at Academy.homePage.initilizedriver(homePage.java:22)
at Academy.homePage.initilizedriver(homePage.java:22)
at Academy.homePage.initilizedriver(homePage.java:22)
at Academy.homePage.initilizedriver(homePage.java:22)
at Academy.homePage.initilizedriver(homePage.java:22)
at Academy.homePage.initilizedriver(homePage.java:22)
at Academy.homePage.initilizedriver(homePage.java:22)
at Academy.homePage.initilizedriver(homePage.java:22)
at Academy.homePage.initilizedriver(homePage.java:22)
at Academy.homePage.initilizedriver(homePage.java:22)
at Academy.homePage.initilizedriver(homePage.java:22)
at Academy.homePage.initilizedriver(homePage.java:22)
at Academy.homePage.initilizedriver(homePage.java:22)
at Academy.homePage.initilizedriver(homePage.java:22)
at Academy.homePage.initilizedriver(homePage.java:22)
at Academy.homePage.initilizedriver(homePage.java:22)
at Academy.homePage.initilizedriver(homePage.java:22)
at Academy.homePage.initilizedriver(homePage.java:22)
at Academy.homePage.initilizedriver(homePage.java:22)
at Academy.homePage.initilizedriver(homePage.java:22)
at Academy.homePage.initilizedriver(homePage.java:22)
at Academy.homePage.initilizedriver(homePage.java:22)
at Academy.homePage.initilizedriver(homePage.java:22)
at Academy.homePage.initilizedriver(homePage.java:22)
at Academy.homePage.initilizedriver(homePage.java:22)
at Academy.homePage.initilizedriver(homePage.java:22)
at Academy.homePage.initilizedriver(homePage.java:22)
at Academy.homePage.initilizedriver(homePage.java:22)
at Academy.homePage.initilizedriver(homePage.java:22)
at Academy.homePage.initilizedriver(homePage.java:22)
at Academy.homePage.initilizedriver(homePage.java:22)
at Academy.homePage.initilizedriver(homePage.java:22)
at Academy.homePage.initilizedriver(homePage.java:22)
at Academy.homePage.initilizedriver(homePage.java:22)
at Academy.homePage.initilizedriver(homePage.java:22)
at Academy.homePage.initilizedriver(homePage.java:22)
at Academy.homePage.initilizedriver(homePage.java:22)
at Academy.homePage.initilizedriver(homePage.java:22)
at Academy.homePage.initilizedriver(homePage.java:22)
at Academy.homePage.initilizedriver(homePage.java:22)
at Academy.homePage.initilizedriver(homePage.java:22)
at Academy.homePage.initilizedriver(homePage.java:22)
at Academy.homePage.initilizedriver(homePage.java:22)
at Academy.homePage.initilizedriver(homePage.java:22)
at Academy.homePage.initilizedriver(homePage.java:22)
at Academy.homePage.initilizedriver(homePage.java:22)
at Academy.homePage.initilizedriver(homePage.java:22)
at Academy.homePage.initilizedriver(homePage.java:22)
at Academy.homePage.initilizedriver(homePage.java:22)
at Academy.homePage.initilizedriver(homePage.java:22)
at Academy.homePage.initilizedriver(homePage.java:22)
at Academy.homePage.initilizedriver(homePage.java:22)
at Academy.homePage.initilizedriver(homePage.java:22)
at Academy.homePage.initilizedriver(homePage.java:22)
at Academy.homePage.initilizedriver(homePage.java:22)
at Academy.homePage.initilizedriver(homePage.java:22)
at Academy.homePage.initilizedriver(homePage.java:22)
at Academy.homePage.initilizedriver(homePage.java:22)
at Academy.homePage.initilizedriver(homePage.java:22)
at Academy.homePage.initilizedriver(homePage.java:22)
at Academy.homePage.initilizedriver(homePage.java:22)
at Academy.homePage.initilizedriver(homePage.java:22)
at Academy.homePage.initilizedriver(homePage.java:22)
at Academy.homePage.initilizedriver(homePage.java:22)
at Academy.homePage.initilizedriver(homePage.java:22)
at Academy.homePage.initilizedriver(homePage.java:22)
at Academy.homePage.initilizedriver(homePage.java:22)
at Academy.homePage.initilizedriver(homePage.java:22)
at Academy.homePage.initilizedriver(homePage.java:22)
at Academy.homePage.initilizedriver(homePage.java:22)
at Academy.homePage.initilizedriver(homePage.java:22)
at Academy.homePage.initilizedriver(homePage.java:22)
at Academy.homePage.initilizedriver(homePage.java:22)
at Academy.homePage.initilizedriver(homePage.java:22)
at Academy.homePage.initilizedriver(homePage.java:22)
at Academy.homePage.initilizedriver(homePage.java:22)
at Academy.homePage.initilizedriver(homePage.java:22)
at Academy.homePage.initilizedriver(homePage.java:22)
at Academy.homePage.initilizedriver(homePage.java:22)
at Academy.homePage.initilizedriver(homePage.java:22)
at Academy.homePage.initilizedriver(homePage.java:22)
at Academy.homePage.initilizedriver(homePage.java:22)
at Academy.homePage.initilizedriver(homePage.java:22)
at Academy.homePage.initilizedriver(homePage.java:22)
at Academy.homePage.initilizedriver(homePage.java:22)
at Academy.homePage.initilizedriver(homePage.java:22)
at Academy.homePage.initilizedriver(homePage.java:22)
at Academy.homePage.initilizedriver(homePage.java:22)
at Academy.homePage.initilizedriver(homePage.java:22)
at Academy.homePage.initilizedriver(homePage.java:22)
at Academy.homePage.initilizedriver(homePage.java:22)
at Academy.homePage.initilizedriver(homePage.java:22)
at Academy.homePage.initilizedriver(homePage.java:22)
at Academy.homePage.initilizedriver(homePage.java:22)
at Academy.homePage.initilizedriver(homePage.java:22)
at Academy.homePage.initilizedriver(homePage.java:22)
at Academy.homePage.initilizedriver(homePage.java:22)
at Academy.homePage.initilizedriver(homePage.java:22)
at Academy.homePage.initilizedriver(homePage.java:22)
at Academy.homePage.initilizedriver(homePage.java:22)
at Academy.homePage.initilizedriver(homePage.java:22)
at Academy.homePage.initilizedriver(homePage.java:22)
at Academy.homePage.initilizedriver(homePage.java:22)
at Academy.homePage.initilizedriver(homePage.java:22)
at Academy.homePage.initilizedriver(homePage.java:22)
at Academy.homePage.initilizedriver(homePage.java:22)
at Academy.homePage.initilizedriver(homePage.java:22)
at Academy.homePage.initilizedriver(homePage.java:22)
at Academy.homePage.initilizedriver(homePage.java:22)
at Academy.homePage.initilizedriver(homePage.java:22)
at Academy.homePage.initilizedriver(homePage.java:22)
at Academy.homePage.initilizedriver(homePage.java:22)
at Academy.homePage.initilizedriver(homePage.java:22)
at Academy.homePage.initilizedriver(homePage.java:22)
at Academy.homePage.initilizedriver(homePage.java:22)
at Academy.homePage.initilizedriver(homePage.java:22)
at Academy.homePage.initilizedriver(homePage.java:22)
at Academy.homePage.initilizedriver(homePage.java:22)
at Academy.homePage.initilizedriver(homePage.java:22)
at Academy.homePage.initilizedriver(homePage.java:22)
at Academy.homePage.initilizedriver(homePage.java:22)
at Academy.homePage.initilizedriver(homePage.java:22)
at Academy.homePage.initilizedriver(homePage.java:22)
at Academy.homePage.initilizedriver(homePage.java:22)
at Academy.homePage.initilizedriver(homePage.java:22)
at Academy.homePage.initilizedriver(homePage.java:22)
at Academy.homePage.initilizedriver(homePage.java:22)
at Academy.homePage.initilizedriver(homePage.java:22)
at Academy.homePage.initilizedriver(homePage.java:22)
at Academy.homePage.initilizedriver(homePage.java:22)
at Academy.homePage.initilizedriver(homePage.java:22)
at Academy.homePage.initilizedriver(homePage.java:22)
at Academy.homePage.initilizedriver(homePage.java:22)
at Academy.homePage.initilizedriver(homePage.java:22)
at Academy.homePage.initilizedriver(homePage.java:22)
at Academy.homePage.initilizedriver(homePage.java:22)
at Academy.homePage.initilizedriver(homePage.java:22)
at Academy.homePage.initilizedriver(homePage.java:22)
at Academy.homePage.initilizedriver(homePage.java:22)
at Academy.homePage.initilizedriver(homePage.java:22)
at Academy.homePage.initilizedriver(homePage.java:22)
at Academy.homePage.initilizedriver(homePage.java:22)
at Academy.homePage.initilizedriver(homePage.java:22)
at Academy.homePage.initilizedriver(homePage.java:22)
at Academy.homePage.initilizedriver(homePage.java:22)
at Academy.homePage.initilizedriver(homePage.java:22)
at Academy.homePage.initilizedriver(homePage.java:22)
at Academy.homePage.initilizedriver(homePage.java:22)
at Academy.homePage.initilizedriver(homePage.java:22)
at Academy.homePage.initilizedriver(homePage.java:22)
at Academy.homePage.initilizedriver(homePage.java:22)
at Academy.homePage.initilizedriver(homePage.java:22)
at Academy.homePage.initilizedriver(homePage.java:22)
at Academy.homePage.initilizedriver(homePage.java:22)
at Academy.homePage.initilizedriver(homePage.java:22)
at Academy.homePage.initilizedriver(homePage.java:22)
at Academy.homePage.initilizedriver(homePage.java:22)
at Academy.homePage.initilizedriver(homePage.java:22)
at Academy.homePage.initilizedriver(homePage.java:22)
at Academy.homePage.initilizedriver(homePage.java:22)
at Academy.homePage.initilizedriver(homePage.java:22)
at Academy.homePage.initilizedriver(homePage.java:22)
at Academy.homePage.initilizedriver(homePage.java:22)
at Academy.homePage.initilizedriver(homePage.java:22)
at Academy.homePage.initilizedriver(homePage.java:22)
at Academy.homePage.initilizedriver(homePage.java:22)
at Academy.homePage.initilizedriver(homePage.java:22)
at Academy.homePage.initilizedriver(homePage.java:22)
at Academy.homePage.initilizedriver(homePage.java:22)
at Academy.homePage.initilizedriver(homePage.java:22)
at Academy.homePage.initilizedriver(homePage.java:22)
at Academy.homePage.initilizedriver(homePage.java:22)
at Academy.homePage.initilizedriver(homePage.java:22)
at Academy.homePage.initilizedriver(homePage.java:22)
at Academy.homePage.initilizedriver(homePage.java:22)
at Academy.homePage.initilizedriver(homePage.java:22)
at Academy.homePage.initilizedriver(homePage.java:22)
at Academy.homePage.initilizedriver(homePage.java:22)
at Academy.homePage.initilizedriver(homePage.java:22)
at Academy.homePage.initilizedriver(homePage.java:22)
at Academy.homePage.initilizedriver(homePage.java:22)
at Academy.homePage.initilizedriver(homePage.java:22)
at Academy.homePage.initilizedriver(homePage.java:22)
at Academy.homePage.initilizedriver(homePage.java:22)
at Academy.homePage.initilizedriver(homePage.java:22)
at Academy.homePage.initilizedriver(homePage.java:22)
at Academy.homePage.initilizedriver(homePage.java:22)
at Academy.homePage.initilizedriver(homePage.java:22)
at Academy.homePage.initilizedriver(homePage.java:22)
at Academy.homePage.initilizedriver(homePage.java:22)
at Academy.homePage.initilizedriver(homePage.java:22)
at Academy.homePage.initilizedriver(homePage.java:22)
at Academy.homePage.initilizedriver(homePage.java:22)
at Academy.homePage.initilizedriver(homePage.java:22)
at Academy.homePage.initilizedriver(homePage.java:22)
at Academy.homePage.initilizedriver(homePage.java:22)
at Academy.homePage.initilizedriver(homePage.java:22)
at Academy.homePage.initilizedriver(homePage.java:22)
at Academy.homePage.initilizedriver(homePage.java:22)
at Academy.homePage.initilizedriver(homePage.java:22)
at Academy.homePage.initilizedriver(homePage.java:22)
at Academy.homePage.initilizedriver(homePage.java:22)
at Academy.homePage.initilizedriver(homePage.java:22)
at Academy.homePage.initilizedriver(homePage.java:22)
at Academy.homePage.initilizedriver(homePage.java:22)
at Academy.homePage.initilizedriver(homePage.java:22)
at Academy.homePage.initilizedriver(homePage.java:22)
at Academy.homePage.initilizedriver(homePage.java:22)
at Academy.homePage.initilizedriver(homePage.java:22)
at Academy.homePage.initilizedriver(homePage.java:22)
at Academy.homePage.initilizedriver(homePage.java:22)
at Academy.homePage.initilizedriver(homePage.java:22)
at Academy.homePage.initilizedriver(homePage.java:22)
at Academy.homePage.initilizedriver(homePage.java:22)
at Academy.homePage.initilizedriver(homePage.java:22)
at Academy.homePage.initilizedriver(homePage.java:22)
at Academy.homePage.initilizedriver(homePage.java:22)
at Academy.homePage.initilizedriver(homePage.java:22)
at Academy.homePage.initilizedriver(homePage.java:22)
at Academy.homePage.initilizedriver(homePage.java:22)
at Academy.homePage.initilizedriver(homePage.java:22)
at Academy.homePage.initilizedriver(homePage.java:22)
at Academy.homePage.initilizedriver(homePage.java:22)
at Academy.homePage.initilizedriver(homePage.java:22)
at Academy.homePage.initilizedriver(homePage.java:22)
at Academy.homePage.initilizedriver(homePage.java:22)
at Academy.homePage.initilizedriver(homePage.java:22)
at Academy.homePage.initilizedriver(homePage.java:22)
at Academy.homePage.initilizedriver(homePage.java:22)
at Academy.homePage.initilizedriver(homePage.java:22)
at Academy.homePage.initilizedriver(homePage.java:22)
at Academy.homePage.initilizedriver(homePage.java:22)
at Academy.homePage.initilizedriver(homePage.java:22)
at Academy.homePage.initilizedriver(homePage.java:22)
at Academy.homePage.initilizedriver(homePage.java:22)
at Academy.homePage.initilizedriver(homePage.java:22)
at Academy.homePage.initilizedriver(homePage.java:22)
at Academy.homePage.initilizedriver(homePage.java:22)
at Academy.homePage.initilizedriver(homePage.java:22)
at Academy.homePage.initilizedriver(homePage.java:22)
at Academy.homePage.initilizedriver(homePage.java:22)
at Academy.homePage.initilizedriver(homePage.java:22)
at Academy.homePage.initilizedriver(homePage.java:22)
at Academy.homePage.initilizedriver(homePage.java:22)
at Academy.homePage.initilizedriver(homePage.java:22)
at Academy.homePage.initilizedriver(homePage.java:22)
at Academy.homePage.initilizedriver(homePage.java:22)
at Academy.homePage.initilizedriver(homePage.java:22)
at Academy.homePage.initilizedriver(homePage.java:22)
at Academy.homePage.initilizedriver(homePage.java:22)
at Academy.homePage.initilizedriver(homePage.java:22)
at Academy.homePage.initilizedriver(homePage.java:22)
at Academy.homePage.initilizedriver(homePage.java:22)
at Academy.homePage.initilizedriver(homePage.java:22)
at Academy.homePage.initilizedriver(homePage.java:22)
at Academy.homePage.initilizedriver(homePage.java:22)
at Academy.homePage.initilizedriver(homePage.java:22)
at Academy.homePage.initilizedriver(homePage.java:22)
at Academy.homePage.initilizedriver(homePage.java:22)
at Academy.homePage.initilizedriver(homePage.java:22)
at Academy.homePage.initilizedriver(homePage.java:22)
at Academy.homePage.initilizedriver(homePage.java:22)
at Academy.homePage.initilizedriver(homePage.java:22)
at Academy.homePage.initilizedriver(homePage.java:22)
at Academy.homePage.initilizedriver(homePage.java:22)
at Academy.homePage.initilizedriver(homePage.java:22)
at Academy.homePage.initilizedriver(homePage.java:22)
at Academy.homePage.initilizedriver(homePage.java:22)
at Academy.homePage.initilizedriver(homePage.java:22)
at Academy.homePage.initilizedriver(homePage.java:22)
at Academy.homePage.initilizedriver(homePage.java:22)
at Academy.homePage.initilizedriver(homePage.java:22)
at Academy.homePage.initilizedriver(homePage.java:22)
at Academy.homePage.initilizedriver(homePage.java:22)
at Academy.homePage.initilizedriver(homePage.java:22)
at Academy.homePage.initilizedriver(homePage.java:22)
at Academy.homePage.initilizedriver(homePage.java:22)
at Academy.homePage.initilizedriver(homePage.java:22)
at Academy.homePage.initilizedriver(homePage.java:22)
at Academy.homePage.initilizedriver(homePage.java:22)
at Academy.homePage.initilizedriver(homePage.java:22)
at Academy.homePage.initilizedriver(homePage.java:22)
at Academy.homePage.initilizedriver(homePage.java:22)
at Academy.homePage.initilizedriver(homePage.java:22)
at Academy.homePage.initilizedriver(homePage.java:22)
at Academy.homePage.initilizedriver(homePage.java:22)
at Academy.homePage.initilizedriver(homePage.java:22)
at Academy.homePage.initilizedriver(homePage.java:22)
at Academy.homePage.initilizedriver(homePage.java:22)
at Academy.homePage.initilizedriver(homePage.java:22)
at Academy.homePage.initilizedriver(homePage.java:22)
at Academy.homePage.initilizedriver(homePage.java:22)
at Academy.homePage.initilizedriver(homePage.java:22)
at Academy.homePage.initilizedriver(homePage.java:22)
at Academy.homePage.initilizedriver(homePage.java:22)
at Academy.homePage.initilizedriver(homePage.java:22)
at Academy.homePage.initilizedriver(homePage.java:22)
at Academy.homePage.initilizedriver(homePage.java:22)
at Academy.homePage.initilizedriver(homePage.java:22)
at Academy.homePage.initilizedriver(homePage.java:22)
at Academy.homePage.initilizedriver(homePage.java:22)
at Academy.homePage.initilizedriver(homePage.java:22)
at Academy.homePage.initilizedriver(homePage.java:22)
at Academy.homePage.initilizedriver(homePage.java:22)
at Academy.homePage.initilizedriver(homePage.java:22)
at Academy.homePage.initilizedriver(homePage.java:22)
at Academy.homePage.initilizedriver(homePage.java:22)
at Academy.homePage.initilizedriver(homePage.java:22)
at Academy.homePage.initilizedriver(homePage.java:22)
at Academy.homePage.initilizedriver(homePage.java:22)
at Academy.homePage.initilizedriver(homePage.java:22)
at Academy.homePage.initilizedriver(homePage.java:22)
at Academy.homePage.initilizedriver(homePage.java:22)
at Academy.homePage.initilizedriver(homePage.java:22)
at Academy.homePage.initilizedriver(homePage.java:22)
at Academy.homePage.initilizedriver(homePage.java:22)
at Academy.homePage.initilizedriver(homePage.java:22)
at Academy.homePage.initilizedriver(homePage.java:22)
at Academy.homePage.initilizedriver(homePage.java:22)
at Academy.homePage.initilizedriver(homePage.java:22)
at Academy.homePage.initilizedriver(homePage.java:22)
at Academy.homePage.initilizedriver(homePage.java:22)
at Academy.homePage.initilizedriver(homePage.java:22)
at Academy.homePage.initilizedriver(homePage.java:22)
at Academy.homePage.initilizedriver(homePage.java:22)
at Academy.homePage.initilizedriver(homePage.java:22)
at Academy.homePage.initilizedriver(homePage.java:22)
at Academy.homePage.initilizedriver(homePage.java:22)
at Academy.homePage.initilizedriver(homePage.java:22)
at Academy.homePage.initilizedriver(homePage.java:22)
at Academy.homePage.initilizedriver(homePage.java:22)
at Academy.homePage.initilizedriver(homePage.java:22)
at Academy.homePage.initilizedriver(homePage.java:22)
at Academy.homePage.initilizedriver(homePage.java:22)
at Academy.homePage.initilizedriver(homePage.java:22)
at Academy.homePage.initilizedriver(homePage.java:22)
at Academy.homePage.initilizedriver(homePage.java:22)
at Academy.homePage.initilizedriver(homePage.java:22)
at Academy.homePage.initilizedriver(homePage.java:22)
at Academy.homePage.initilizedriver(homePage.java:22)
at Academy.homePage.initilizedriver(homePage.java:22)
at Academy.homePage.initilizedriver(homePage.java:22)
at Academy.homePage.initilizedriver(homePage.java:22)
at Academy.homePage.initilizedriver(homePage.java:22)
at Academy.homePage.initilizedriver(homePage.java:22)
at Academy.homePage.initilizedriver(homePage.java:22)
at Academy.homePage.initilizedriver(homePage.java:22)
at Academy.homePage.initilizedriver(homePage.java:22)
at Academy.homePage.initilizedriver(homePage.java:22)
at Academy.homePage.initilizedriver(homePage.java:22)
at Academy.homePage.initilizedriver(homePage.java:22)
at Academy.homePage.initilizedriver(homePage.java:22)
at Academy.homePage.initilizedriver(homePage.java:22)
at Academy.homePage.initilizedriver(homePage.java:22)
at Academy.homePage.initilizedriver(homePage.java:22)
at Academy.homePage.initilizedriver(homePage.java:22)
at Academy.homePage.initilizedriver(homePage.java:22)
at Academy.homePage.initilizedriver(homePage.java:22)
at Academy.homePage.initilizedriver(homePage.java:22)
at Academy.homePage.initilizedriver(homePage.java:22)
at Academy.homePage.initilizedriver(homePage.java:22)
at Academy.homePage.initilizedriver(homePage.java:22)
at Academy.homePage.initilizedriver(homePage.java:22)
at Academy.homePage.initilizedriver(homePage.java:22)
at Academy.homePage.initilizedriver(homePage.java:22)
at Academy.homePage.initilizedriver(homePage.java:22)
at Academy.homePage.initilizedriver(homePage.java:22)
at Academy.homePage.initilizedriver(homePage.java:22)
at Academy.homePage.initilizedriver(homePage.java:22)
at Academy.homePage.initilizedriver(homePage.java:22)
at Academy.homePage.initilizedriver(homePage.java:22)
at Academy.homePage.initilizedriver(homePage.java:22)
at Academy.homePage.initilizedriver(homePage.java:22)
at Academy.homePage.initilizedriver(homePage.java:22)
at Academy.homePage.initilizedriver(homePage.java:22)
at Academy.homePage.initilizedriver(homePage.java:22)
at Academy.homePage.initilizedriver(homePage.java:22)
at Academy.homePage.initilizedriver(homePage.java:22)
at Academy.homePage.initilizedriver(homePage.java:22)
at Academy.homePage.initilizedriver(homePage.java:22)
at Academy.homePage.initilizedriver(homePage.java:22)
at Academy.homePage.initilizedriver(homePage.java:22)
at Academy.homePage.initilizedriver(homePage.java:22)
at Academy.homePage.initilizedriver(homePage.java:22)
at Academy.homePage.initilizedriver(homePage.java:22)
at Academy.homePage.initilizedriver(homePage.java:22)
at Academy.homePage.initilizedriver(homePage.java:22)
at Academy.homePage.initilizedriver(homePage.java:22)
at Academy.homePage.initilizedriver(homePage.java:22)
at Academy.homePage.initilizedriver(homePage.java:22)
at Academy.homePage.initilizedriver(homePage.java:22)
at Academy.homePage.initilizedriver(homePage.java:22)
at Academy.homePage.initilizedriver(homePage.java:22)
at Academy.homePage.initilizedriver(homePage.java:22)
at Academy.homePage.initilizedriver(homePage.java:22)
at Academy.homePage.initilizedriver(homePage.java:22)
at Academy.homePage.initilizedriver(homePage.java:22)
at Academy.homePage.initilizedriver(homePage.java:22)
at Academy.homePage.initilizedriver(homePage.java:22)
at Academy.homePage.initilizedriver(homePage.java:22)
at Academy.homePage.initilizedriver(homePage.java:22)
at Academy.homePage.initilizedriver(homePage.java:22)
at Academy.homePage.initilizedriver(homePage.java:22)
at Academy.homePage.initilizedriver(homePage.java:22)
at Academy.homePage.initilizedriver(homePage.java:22)
at Academy.homePage.initilizedriver(homePage.java:22)
at Academy.homePage.initilizedriver(homePage.java:22)
at Academy.homePage.initilizedriver(homePage.java:22)
at Academy.homePage.initilizedriver(homePage.java:22)
at Academy.homePage.initilizedriver(homePage.java:22)
at Academy.homePage.initilizedriver(homePage.java:22)
at Academy.homePage.initilizedriver(homePage.java:22)
at Academy.homePage.initilizedriver(homePage.java:22)
at Academy.homePage.initilizedriver(homePage.java:22)
at Academy.homePage.initilizedriver(homePage.java:22)
at Academy.homePage.initilizedriver(homePage.java:22)
at Academy.homePage.initilizedriver(homePage.java:22)
]]>
    </failure>
  </testcase> <!-- @BeforeTest initilizedriver -->
  <testcase name="@AfterTest teardown" time="0.0" classname="Academy.homePage">
    <skipped/>
  </testcase> <!-- @AfterTest teardown -->
  <testcase name="basepagenavigation" time="0.0" classname="Academy.homePage">
    <skipped/>
  </testcase> <!-- basepagenavigation -->
</testsuite> <!-- Academy.homePage -->
